[2025-04-22T00:04:34.829+0000] {processor.py:186} INFO - Started process (PID=5443) to work on /opt/airflow/dags/dbt_run_dag.py
[2025-04-22T00:04:34.830+0000] {processor.py:914} INFO - Processing file /opt/airflow/dags/dbt_run_dag.py for tasks to queue
[2025-04-22T00:04:34.836+0000] {logging_mixin.py:190} INFO - [2025-04-22T00:04:34.835+0000] {dagbag.py:587} INFO - Filling up the DagBag from /opt/airflow/dags/dbt_run_dag.py
[2025-04-22T00:04:34.867+0000] {processor.py:925} INFO - DAG(s) 'dbt_run_dag' retrieved from /opt/airflow/dags/dbt_run_dag.py
[2025-04-22T00:04:34.908+0000] {logging_mixin.py:190} INFO - [2025-04-22T00:04:34.907+0000] {dag.py:3229} INFO - Sync 1 DAGs
[2025-04-22T00:04:34.946+0000] {logging_mixin.py:190} INFO - [2025-04-22T00:04:34.945+0000] {dag.py:4156} INFO - Setting next_dagrun for dbt_run_dag to 2025-04-22 00:00:00+00:00, run_after=2025-04-23 00:00:00+00:00
[2025-04-22T00:04:34.977+0000] {processor.py:208} INFO - Processing /opt/airflow/dags/dbt_run_dag.py took 0.153 seconds
[2025-04-22T00:47:45.397+0000] {processor.py:186} INFO - Started process (PID=5480) to work on /opt/airflow/dags/dbt_run_dag.py
[2025-04-22T00:47:45.400+0000] {processor.py:914} INFO - Processing file /opt/airflow/dags/dbt_run_dag.py for tasks to queue
[2025-04-22T00:47:45.410+0000] {logging_mixin.py:190} INFO - [2025-04-22T00:47:45.406+0000] {dagbag.py:587} INFO - Filling up the DagBag from /opt/airflow/dags/dbt_run_dag.py
[2025-04-22T00:47:45.442+0000] {processor.py:925} INFO - DAG(s) 'dbt_run_dag' retrieved from /opt/airflow/dags/dbt_run_dag.py
[2025-04-22T00:47:45.506+0000] {logging_mixin.py:190} INFO - [2025-04-22T00:47:45.505+0000] {dag.py:3229} INFO - Sync 1 DAGs
[2025-04-22T00:47:45.557+0000] {logging_mixin.py:190} INFO - [2025-04-22T00:47:45.557+0000] {dag.py:4156} INFO - Setting next_dagrun for dbt_run_dag to 2025-04-22 00:00:00+00:00, run_after=2025-04-23 00:00:00+00:00
[2025-04-22T00:47:45.603+0000] {processor.py:208} INFO - Processing /opt/airflow/dags/dbt_run_dag.py took 0.222 seconds
[2025-04-22T01:18:09.467+0000] {processor.py:186} INFO - Started process (PID=5495) to work on /opt/airflow/dags/dbt_run_dag.py
[2025-04-22T01:18:09.468+0000] {processor.py:914} INFO - Processing file /opt/airflow/dags/dbt_run_dag.py for tasks to queue
[2025-04-22T01:18:09.471+0000] {logging_mixin.py:190} INFO - [2025-04-22T01:18:09.471+0000] {dagbag.py:587} INFO - Filling up the DagBag from /opt/airflow/dags/dbt_run_dag.py
[2025-04-22T01:18:09.487+0000] {processor.py:925} INFO - DAG(s) 'dbt_run_dag' retrieved from /opt/airflow/dags/dbt_run_dag.py
[2025-04-22T01:18:09.517+0000] {logging_mixin.py:190} INFO - [2025-04-22T01:18:09.517+0000] {dag.py:3229} INFO - Sync 1 DAGs
[2025-04-22T01:18:09.541+0000] {logging_mixin.py:190} INFO - [2025-04-22T01:18:09.541+0000] {dag.py:4156} INFO - Setting next_dagrun for dbt_run_dag to 2025-04-22 00:00:00+00:00, run_after=2025-04-23 00:00:00+00:00
[2025-04-22T01:18:09.554+0000] {processor.py:208} INFO - Processing /opt/airflow/dags/dbt_run_dag.py took 0.095 seconds
[2025-04-22T01:46:45.434+0000] {processor.py:186} INFO - Started process (PID=5509) to work on /opt/airflow/dags/dbt_run_dag.py
[2025-04-22T01:46:45.437+0000] {processor.py:914} INFO - Processing file /opt/airflow/dags/dbt_run_dag.py for tasks to queue
[2025-04-22T01:46:45.441+0000] {logging_mixin.py:190} INFO - [2025-04-22T01:46:45.441+0000] {dagbag.py:587} INFO - Filling up the DagBag from /opt/airflow/dags/dbt_run_dag.py
[2025-04-22T01:46:45.478+0000] {processor.py:925} INFO - DAG(s) 'dbt_run_dag' retrieved from /opt/airflow/dags/dbt_run_dag.py
[2025-04-22T01:46:45.537+0000] {logging_mixin.py:190} INFO - [2025-04-22T01:46:45.537+0000] {dag.py:3229} INFO - Sync 1 DAGs
[2025-04-22T01:46:45.571+0000] {logging_mixin.py:190} INFO - [2025-04-22T01:46:45.571+0000] {dag.py:4156} INFO - Setting next_dagrun for dbt_run_dag to 2025-04-22 00:00:00+00:00, run_after=2025-04-23 00:00:00+00:00
[2025-04-22T01:46:45.592+0000] {processor.py:208} INFO - Processing /opt/airflow/dags/dbt_run_dag.py took 0.203 seconds
[2025-04-22T03:21:52.510+0000] {processor.py:186} INFO - Started process (PID=5523) to work on /opt/airflow/dags/dbt_run_dag.py
[2025-04-22T03:21:52.513+0000] {processor.py:914} INFO - Processing file /opt/airflow/dags/dbt_run_dag.py for tasks to queue
[2025-04-22T03:21:52.514+0000] {logging_mixin.py:190} INFO - [2025-04-22T03:21:52.514+0000] {dagbag.py:587} INFO - Filling up the DagBag from /opt/airflow/dags/dbt_run_dag.py
[2025-04-22T03:21:52.533+0000] {processor.py:925} INFO - DAG(s) 'dbt_run_dag' retrieved from /opt/airflow/dags/dbt_run_dag.py
[2025-04-22T03:21:52.555+0000] {logging_mixin.py:190} INFO - [2025-04-22T03:21:52.555+0000] {dag.py:3229} INFO - Sync 1 DAGs
[2025-04-22T03:21:52.582+0000] {logging_mixin.py:190} INFO - [2025-04-22T03:21:52.582+0000] {dag.py:4156} INFO - Setting next_dagrun for dbt_run_dag to 2025-04-22 00:00:00+00:00, run_after=2025-04-23 00:00:00+00:00
[2025-04-22T03:21:52.616+0000] {processor.py:208} INFO - Processing /opt/airflow/dags/dbt_run_dag.py took 0.111 seconds
[2025-04-22T03:44:03.134+0000] {processor.py:186} INFO - Started process (PID=5540) to work on /opt/airflow/dags/dbt_run_dag.py
[2025-04-22T03:44:03.137+0000] {processor.py:914} INFO - Processing file /opt/airflow/dags/dbt_run_dag.py for tasks to queue
[2025-04-22T03:44:03.150+0000] {logging_mixin.py:190} INFO - [2025-04-22T03:44:03.148+0000] {dagbag.py:587} INFO - Filling up the DagBag from /opt/airflow/dags/dbt_run_dag.py
[2025-04-22T03:44:03.206+0000] {processor.py:925} INFO - DAG(s) 'dbt_run_dag' retrieved from /opt/airflow/dags/dbt_run_dag.py
[2025-04-22T03:44:03.260+0000] {logging_mixin.py:190} INFO - [2025-04-22T03:44:03.260+0000] {dag.py:3229} INFO - Sync 1 DAGs
[2025-04-22T03:44:03.301+0000] {logging_mixin.py:190} INFO - [2025-04-22T03:44:03.301+0000] {dag.py:4156} INFO - Setting next_dagrun for dbt_run_dag to 2025-04-22 00:00:00+00:00, run_after=2025-04-23 00:00:00+00:00
[2025-04-22T03:44:03.336+0000] {processor.py:208} INFO - Processing /opt/airflow/dags/dbt_run_dag.py took 0.225 seconds
[2025-04-22T04:05:17.017+0000] {processor.py:186} INFO - Started process (PID=5555) to work on /opt/airflow/dags/dbt_run_dag.py
[2025-04-22T04:05:17.021+0000] {processor.py:914} INFO - Processing file /opt/airflow/dags/dbt_run_dag.py for tasks to queue
[2025-04-22T04:05:17.024+0000] {logging_mixin.py:190} INFO - [2025-04-22T04:05:17.024+0000] {dagbag.py:587} INFO - Filling up the DagBag from /opt/airflow/dags/dbt_run_dag.py
[2025-04-22T04:05:17.052+0000] {processor.py:925} INFO - DAG(s) 'dbt_run_dag' retrieved from /opt/airflow/dags/dbt_run_dag.py
[2025-04-22T04:05:17.102+0000] {logging_mixin.py:190} INFO - [2025-04-22T04:05:17.102+0000] {dag.py:3229} INFO - Sync 1 DAGs
[2025-04-22T04:05:17.134+0000] {logging_mixin.py:190} INFO - [2025-04-22T04:05:17.134+0000] {dag.py:4156} INFO - Setting next_dagrun for dbt_run_dag to 2025-04-22 00:00:00+00:00, run_after=2025-04-23 00:00:00+00:00
[2025-04-22T04:05:17.151+0000] {processor.py:208} INFO - Processing /opt/airflow/dags/dbt_run_dag.py took 0.144 seconds
[2025-04-22T04:05:47.576+0000] {processor.py:186} INFO - Started process (PID=5570) to work on /opt/airflow/dags/dbt_run_dag.py
[2025-04-22T04:05:47.578+0000] {processor.py:914} INFO - Processing file /opt/airflow/dags/dbt_run_dag.py for tasks to queue
[2025-04-22T04:05:47.583+0000] {logging_mixin.py:190} INFO - [2025-04-22T04:05:47.583+0000] {dagbag.py:587} INFO - Filling up the DagBag from /opt/airflow/dags/dbt_run_dag.py
[2025-04-22T04:05:47.597+0000] {processor.py:925} INFO - DAG(s) 'dbt_run_dag' retrieved from /opt/airflow/dags/dbt_run_dag.py
[2025-04-22T04:05:47.621+0000] {logging_mixin.py:190} INFO - [2025-04-22T04:05:47.620+0000] {dag.py:3229} INFO - Sync 1 DAGs
[2025-04-22T04:05:47.635+0000] {logging_mixin.py:190} INFO - [2025-04-22T04:05:47.635+0000] {dag.py:4156} INFO - Setting next_dagrun for dbt_run_dag to 2025-04-22 00:00:00+00:00, run_after=2025-04-23 00:00:00+00:00
[2025-04-22T04:05:47.650+0000] {processor.py:208} INFO - Processing /opt/airflow/dags/dbt_run_dag.py took 0.088 seconds
[2025-04-22T04:06:17.979+0000] {processor.py:186} INFO - Started process (PID=5585) to work on /opt/airflow/dags/dbt_run_dag.py
[2025-04-22T04:06:17.980+0000] {processor.py:914} INFO - Processing file /opt/airflow/dags/dbt_run_dag.py for tasks to queue
[2025-04-22T04:06:17.982+0000] {logging_mixin.py:190} INFO - [2025-04-22T04:06:17.981+0000] {dagbag.py:587} INFO - Filling up the DagBag from /opt/airflow/dags/dbt_run_dag.py
[2025-04-22T04:06:17.995+0000] {processor.py:925} INFO - DAG(s) 'dbt_run_dag' retrieved from /opt/airflow/dags/dbt_run_dag.py
[2025-04-22T04:06:18.012+0000] {logging_mixin.py:190} INFO - [2025-04-22T04:06:18.012+0000] {dag.py:3229} INFO - Sync 1 DAGs
[2025-04-22T04:06:18.027+0000] {logging_mixin.py:190} INFO - [2025-04-22T04:06:18.027+0000] {dag.py:4156} INFO - Setting next_dagrun for dbt_run_dag to 2025-04-22 00:00:00+00:00, run_after=2025-04-23 00:00:00+00:00
[2025-04-22T04:06:18.043+0000] {processor.py:208} INFO - Processing /opt/airflow/dags/dbt_run_dag.py took 0.072 seconds
[2025-04-22T04:06:48.420+0000] {processor.py:186} INFO - Started process (PID=5600) to work on /opt/airflow/dags/dbt_run_dag.py
[2025-04-22T04:06:48.421+0000] {processor.py:914} INFO - Processing file /opt/airflow/dags/dbt_run_dag.py for tasks to queue
[2025-04-22T04:06:48.423+0000] {logging_mixin.py:190} INFO - [2025-04-22T04:06:48.423+0000] {dagbag.py:587} INFO - Filling up the DagBag from /opt/airflow/dags/dbt_run_dag.py
[2025-04-22T04:06:48.439+0000] {processor.py:925} INFO - DAG(s) 'dbt_run_dag' retrieved from /opt/airflow/dags/dbt_run_dag.py
[2025-04-22T04:06:48.459+0000] {logging_mixin.py:190} INFO - [2025-04-22T04:06:48.459+0000] {dag.py:3229} INFO - Sync 1 DAGs
[2025-04-22T04:06:48.471+0000] {logging_mixin.py:190} INFO - [2025-04-22T04:06:48.471+0000] {dag.py:4156} INFO - Setting next_dagrun for dbt_run_dag to 2025-04-22 00:00:00+00:00, run_after=2025-04-23 00:00:00+00:00
[2025-04-22T04:06:48.480+0000] {processor.py:208} INFO - Processing /opt/airflow/dags/dbt_run_dag.py took 0.066 seconds
[2025-04-22T04:07:18.901+0000] {processor.py:186} INFO - Started process (PID=5615) to work on /opt/airflow/dags/dbt_run_dag.py
[2025-04-22T04:07:18.902+0000] {processor.py:914} INFO - Processing file /opt/airflow/dags/dbt_run_dag.py for tasks to queue
[2025-04-22T04:07:18.906+0000] {logging_mixin.py:190} INFO - [2025-04-22T04:07:18.906+0000] {dagbag.py:587} INFO - Filling up the DagBag from /opt/airflow/dags/dbt_run_dag.py
[2025-04-22T04:07:18.926+0000] {processor.py:925} INFO - DAG(s) 'dbt_run_dag' retrieved from /opt/airflow/dags/dbt_run_dag.py
[2025-04-22T04:07:18.951+0000] {logging_mixin.py:190} INFO - [2025-04-22T04:07:18.950+0000] {dag.py:3229} INFO - Sync 1 DAGs
[2025-04-22T04:07:18.970+0000] {logging_mixin.py:190} INFO - [2025-04-22T04:07:18.970+0000] {dag.py:4156} INFO - Setting next_dagrun for dbt_run_dag to 2025-04-22 00:00:00+00:00, run_after=2025-04-23 00:00:00+00:00
[2025-04-22T04:07:18.983+0000] {processor.py:208} INFO - Processing /opt/airflow/dags/dbt_run_dag.py took 0.091 seconds
[2025-04-22T04:07:49.442+0000] {processor.py:186} INFO - Started process (PID=5630) to work on /opt/airflow/dags/dbt_run_dag.py
[2025-04-22T04:07:49.444+0000] {processor.py:914} INFO - Processing file /opt/airflow/dags/dbt_run_dag.py for tasks to queue
[2025-04-22T04:07:49.449+0000] {logging_mixin.py:190} INFO - [2025-04-22T04:07:49.449+0000] {dagbag.py:587} INFO - Filling up the DagBag from /opt/airflow/dags/dbt_run_dag.py
[2025-04-22T04:07:49.466+0000] {processor.py:925} INFO - DAG(s) 'dbt_run_dag' retrieved from /opt/airflow/dags/dbt_run_dag.py
[2025-04-22T04:07:49.488+0000] {logging_mixin.py:190} INFO - [2025-04-22T04:07:49.488+0000] {dag.py:3229} INFO - Sync 1 DAGs
[2025-04-22T04:07:49.504+0000] {logging_mixin.py:190} INFO - [2025-04-22T04:07:49.504+0000] {dag.py:4156} INFO - Setting next_dagrun for dbt_run_dag to 2025-04-22 00:00:00+00:00, run_after=2025-04-23 00:00:00+00:00
[2025-04-22T04:07:49.516+0000] {processor.py:208} INFO - Processing /opt/airflow/dags/dbt_run_dag.py took 0.081 seconds
[2025-04-22T04:08:19.925+0000] {processor.py:186} INFO - Started process (PID=5645) to work on /opt/airflow/dags/dbt_run_dag.py
[2025-04-22T04:08:19.927+0000] {processor.py:914} INFO - Processing file /opt/airflow/dags/dbt_run_dag.py for tasks to queue
[2025-04-22T04:08:19.930+0000] {logging_mixin.py:190} INFO - [2025-04-22T04:08:19.929+0000] {dagbag.py:587} INFO - Filling up the DagBag from /opt/airflow/dags/dbt_run_dag.py
[2025-04-22T04:08:19.944+0000] {processor.py:925} INFO - DAG(s) 'dbt_run_dag' retrieved from /opt/airflow/dags/dbt_run_dag.py
[2025-04-22T04:08:19.963+0000] {logging_mixin.py:190} INFO - [2025-04-22T04:08:19.963+0000] {dag.py:3229} INFO - Sync 1 DAGs
[2025-04-22T04:08:19.976+0000] {logging_mixin.py:190} INFO - [2025-04-22T04:08:19.976+0000] {dag.py:4156} INFO - Setting next_dagrun for dbt_run_dag to 2025-04-22 00:00:00+00:00, run_after=2025-04-23 00:00:00+00:00
[2025-04-22T04:08:19.985+0000] {processor.py:208} INFO - Processing /opt/airflow/dags/dbt_run_dag.py took 0.068 seconds
[2025-04-22T04:08:50.344+0000] {processor.py:186} INFO - Started process (PID=5660) to work on /opt/airflow/dags/dbt_run_dag.py
[2025-04-22T04:08:50.345+0000] {processor.py:914} INFO - Processing file /opt/airflow/dags/dbt_run_dag.py for tasks to queue
[2025-04-22T04:08:50.347+0000] {logging_mixin.py:190} INFO - [2025-04-22T04:08:50.347+0000] {dagbag.py:587} INFO - Filling up the DagBag from /opt/airflow/dags/dbt_run_dag.py
[2025-04-22T04:08:50.360+0000] {processor.py:925} INFO - DAG(s) 'dbt_run_dag' retrieved from /opt/airflow/dags/dbt_run_dag.py
[2025-04-22T04:08:50.375+0000] {logging_mixin.py:190} INFO - [2025-04-22T04:08:50.375+0000] {dag.py:3229} INFO - Sync 1 DAGs
[2025-04-22T04:08:50.385+0000] {logging_mixin.py:190} INFO - [2025-04-22T04:08:50.385+0000] {dag.py:4156} INFO - Setting next_dagrun for dbt_run_dag to 2025-04-22 00:00:00+00:00, run_after=2025-04-23 00:00:00+00:00
[2025-04-22T04:08:50.393+0000] {processor.py:208} INFO - Processing /opt/airflow/dags/dbt_run_dag.py took 0.056 seconds
[2025-04-22T04:09:20.807+0000] {processor.py:186} INFO - Started process (PID=5675) to work on /opt/airflow/dags/dbt_run_dag.py
[2025-04-22T04:09:20.808+0000] {processor.py:914} INFO - Processing file /opt/airflow/dags/dbt_run_dag.py for tasks to queue
[2025-04-22T04:09:20.813+0000] {logging_mixin.py:190} INFO - [2025-04-22T04:09:20.813+0000] {dagbag.py:587} INFO - Filling up the DagBag from /opt/airflow/dags/dbt_run_dag.py
[2025-04-22T04:09:20.830+0000] {processor.py:925} INFO - DAG(s) 'dbt_run_dag' retrieved from /opt/airflow/dags/dbt_run_dag.py
[2025-04-22T04:09:20.856+0000] {logging_mixin.py:190} INFO - [2025-04-22T04:09:20.856+0000] {dag.py:3229} INFO - Sync 1 DAGs
[2025-04-22T04:09:20.870+0000] {logging_mixin.py:190} INFO - [2025-04-22T04:09:20.870+0000] {dag.py:4156} INFO - Setting next_dagrun for dbt_run_dag to 2025-04-22 00:00:00+00:00, run_after=2025-04-23 00:00:00+00:00
[2025-04-22T04:09:20.879+0000] {processor.py:208} INFO - Processing /opt/airflow/dags/dbt_run_dag.py took 0.080 seconds
[2025-04-22T04:09:51.296+0000] {processor.py:186} INFO - Started process (PID=5690) to work on /opt/airflow/dags/dbt_run_dag.py
[2025-04-22T04:09:51.298+0000] {processor.py:914} INFO - Processing file /opt/airflow/dags/dbt_run_dag.py for tasks to queue
[2025-04-22T04:09:51.303+0000] {logging_mixin.py:190} INFO - [2025-04-22T04:09:51.301+0000] {dagbag.py:587} INFO - Filling up the DagBag from /opt/airflow/dags/dbt_run_dag.py
[2025-04-22T04:09:51.320+0000] {processor.py:925} INFO - DAG(s) 'dbt_run_dag' retrieved from /opt/airflow/dags/dbt_run_dag.py
[2025-04-22T04:09:51.342+0000] {logging_mixin.py:190} INFO - [2025-04-22T04:09:51.342+0000] {dag.py:3229} INFO - Sync 1 DAGs
[2025-04-22T04:09:51.355+0000] {logging_mixin.py:190} INFO - [2025-04-22T04:09:51.355+0000] {dag.py:4156} INFO - Setting next_dagrun for dbt_run_dag to 2025-04-22 00:00:00+00:00, run_after=2025-04-23 00:00:00+00:00
[2025-04-22T04:09:51.365+0000] {processor.py:208} INFO - Processing /opt/airflow/dags/dbt_run_dag.py took 0.078 seconds
[2025-04-22T04:10:21.773+0000] {processor.py:186} INFO - Started process (PID=5705) to work on /opt/airflow/dags/dbt_run_dag.py
[2025-04-22T04:10:21.775+0000] {processor.py:914} INFO - Processing file /opt/airflow/dags/dbt_run_dag.py for tasks to queue
[2025-04-22T04:10:21.779+0000] {logging_mixin.py:190} INFO - [2025-04-22T04:10:21.779+0000] {dagbag.py:587} INFO - Filling up the DagBag from /opt/airflow/dags/dbt_run_dag.py
[2025-04-22T04:10:21.790+0000] {processor.py:925} INFO - DAG(s) 'dbt_run_dag' retrieved from /opt/airflow/dags/dbt_run_dag.py
[2025-04-22T04:10:21.809+0000] {logging_mixin.py:190} INFO - [2025-04-22T04:10:21.809+0000] {dag.py:3229} INFO - Sync 1 DAGs
[2025-04-22T04:10:21.824+0000] {logging_mixin.py:190} INFO - [2025-04-22T04:10:21.824+0000] {dag.py:4156} INFO - Setting next_dagrun for dbt_run_dag to 2025-04-22 00:00:00+00:00, run_after=2025-04-23 00:00:00+00:00
[2025-04-22T04:10:21.836+0000] {processor.py:208} INFO - Processing /opt/airflow/dags/dbt_run_dag.py took 0.070 seconds
[2025-04-22T04:10:52.241+0000] {processor.py:186} INFO - Started process (PID=5725) to work on /opt/airflow/dags/dbt_run_dag.py
[2025-04-22T04:10:52.242+0000] {processor.py:914} INFO - Processing file /opt/airflow/dags/dbt_run_dag.py for tasks to queue
[2025-04-22T04:10:52.243+0000] {logging_mixin.py:190} INFO - [2025-04-22T04:10:52.243+0000] {dagbag.py:587} INFO - Filling up the DagBag from /opt/airflow/dags/dbt_run_dag.py
[2025-04-22T04:10:52.251+0000] {processor.py:925} INFO - DAG(s) 'dbt_run_dag' retrieved from /opt/airflow/dags/dbt_run_dag.py
[2025-04-22T04:10:52.264+0000] {logging_mixin.py:190} INFO - [2025-04-22T04:10:52.264+0000] {dag.py:3229} INFO - Sync 1 DAGs
[2025-04-22T04:10:52.275+0000] {logging_mixin.py:190} INFO - [2025-04-22T04:10:52.275+0000] {dag.py:4156} INFO - Setting next_dagrun for dbt_run_dag to 2025-04-22 00:00:00+00:00, run_after=2025-04-23 00:00:00+00:00
[2025-04-22T04:10:52.282+0000] {processor.py:208} INFO - Processing /opt/airflow/dags/dbt_run_dag.py took 0.046 seconds
[2025-04-22T04:11:22.659+0000] {processor.py:186} INFO - Started process (PID=5740) to work on /opt/airflow/dags/dbt_run_dag.py
[2025-04-22T04:11:22.660+0000] {processor.py:914} INFO - Processing file /opt/airflow/dags/dbt_run_dag.py for tasks to queue
[2025-04-22T04:11:22.663+0000] {logging_mixin.py:190} INFO - [2025-04-22T04:11:22.662+0000] {dagbag.py:587} INFO - Filling up the DagBag from /opt/airflow/dags/dbt_run_dag.py
[2025-04-22T04:11:22.676+0000] {processor.py:925} INFO - DAG(s) 'dbt_run_dag' retrieved from /opt/airflow/dags/dbt_run_dag.py
[2025-04-22T04:11:22.693+0000] {logging_mixin.py:190} INFO - [2025-04-22T04:11:22.693+0000] {dag.py:3229} INFO - Sync 1 DAGs
[2025-04-22T04:11:22.705+0000] {logging_mixin.py:190} INFO - [2025-04-22T04:11:22.705+0000] {dag.py:4156} INFO - Setting next_dagrun for dbt_run_dag to 2025-04-22 00:00:00+00:00, run_after=2025-04-23 00:00:00+00:00
[2025-04-22T04:11:22.712+0000] {processor.py:208} INFO - Processing /opt/airflow/dags/dbt_run_dag.py took 0.060 seconds
[2025-04-22T04:11:53.081+0000] {processor.py:186} INFO - Started process (PID=5755) to work on /opt/airflow/dags/dbt_run_dag.py
[2025-04-22T04:11:53.082+0000] {processor.py:914} INFO - Processing file /opt/airflow/dags/dbt_run_dag.py for tasks to queue
[2025-04-22T04:11:53.090+0000] {logging_mixin.py:190} INFO - [2025-04-22T04:11:53.090+0000] {dagbag.py:587} INFO - Filling up the DagBag from /opt/airflow/dags/dbt_run_dag.py
[2025-04-22T04:11:53.101+0000] {processor.py:925} INFO - DAG(s) 'dbt_run_dag' retrieved from /opt/airflow/dags/dbt_run_dag.py
[2025-04-22T04:11:53.120+0000] {logging_mixin.py:190} INFO - [2025-04-22T04:11:53.120+0000] {dag.py:3229} INFO - Sync 1 DAGs
[2025-04-22T04:11:53.134+0000] {logging_mixin.py:190} INFO - [2025-04-22T04:11:53.133+0000] {dag.py:4156} INFO - Setting next_dagrun for dbt_run_dag to 2025-04-22 00:00:00+00:00, run_after=2025-04-23 00:00:00+00:00
[2025-04-22T04:11:53.151+0000] {processor.py:208} INFO - Processing /opt/airflow/dags/dbt_run_dag.py took 0.077 seconds
[2025-04-22T04:12:23.589+0000] {processor.py:186} INFO - Started process (PID=5770) to work on /opt/airflow/dags/dbt_run_dag.py
[2025-04-22T04:12:23.590+0000] {processor.py:914} INFO - Processing file /opt/airflow/dags/dbt_run_dag.py for tasks to queue
[2025-04-22T04:12:23.595+0000] {logging_mixin.py:190} INFO - [2025-04-22T04:12:23.595+0000] {dagbag.py:587} INFO - Filling up the DagBag from /opt/airflow/dags/dbt_run_dag.py
[2025-04-22T04:12:23.610+0000] {processor.py:925} INFO - DAG(s) 'dbt_run_dag' retrieved from /opt/airflow/dags/dbt_run_dag.py
[2025-04-22T04:12:23.628+0000] {logging_mixin.py:190} INFO - [2025-04-22T04:12:23.628+0000] {dag.py:3229} INFO - Sync 1 DAGs
[2025-04-22T04:12:23.639+0000] {logging_mixin.py:190} INFO - [2025-04-22T04:12:23.639+0000] {dag.py:4156} INFO - Setting next_dagrun for dbt_run_dag to 2025-04-22 00:00:00+00:00, run_after=2025-04-23 00:00:00+00:00
[2025-04-22T04:12:23.650+0000] {processor.py:208} INFO - Processing /opt/airflow/dags/dbt_run_dag.py took 0.068 seconds
[2025-04-22T04:12:54.044+0000] {processor.py:186} INFO - Started process (PID=5785) to work on /opt/airflow/dags/dbt_run_dag.py
[2025-04-22T04:12:54.044+0000] {processor.py:914} INFO - Processing file /opt/airflow/dags/dbt_run_dag.py for tasks to queue
[2025-04-22T04:12:54.046+0000] {logging_mixin.py:190} INFO - [2025-04-22T04:12:54.046+0000] {dagbag.py:587} INFO - Filling up the DagBag from /opt/airflow/dags/dbt_run_dag.py
[2025-04-22T04:12:54.060+0000] {processor.py:925} INFO - DAG(s) 'dbt_run_dag' retrieved from /opt/airflow/dags/dbt_run_dag.py
[2025-04-22T04:12:54.076+0000] {logging_mixin.py:190} INFO - [2025-04-22T04:12:54.076+0000] {dag.py:3229} INFO - Sync 1 DAGs
[2025-04-22T04:12:54.087+0000] {logging_mixin.py:190} INFO - [2025-04-22T04:12:54.087+0000] {dag.py:4156} INFO - Setting next_dagrun for dbt_run_dag to 2025-04-22 00:00:00+00:00, run_after=2025-04-23 00:00:00+00:00
[2025-04-22T04:12:54.096+0000] {processor.py:208} INFO - Processing /opt/airflow/dags/dbt_run_dag.py took 0.058 seconds
[2025-04-22T04:13:24.519+0000] {processor.py:186} INFO - Started process (PID=5800) to work on /opt/airflow/dags/dbt_run_dag.py
[2025-04-22T04:13:24.521+0000] {processor.py:914} INFO - Processing file /opt/airflow/dags/dbt_run_dag.py for tasks to queue
[2025-04-22T04:13:24.524+0000] {logging_mixin.py:190} INFO - [2025-04-22T04:13:24.523+0000] {dagbag.py:587} INFO - Filling up the DagBag from /opt/airflow/dags/dbt_run_dag.py
[2025-04-22T04:13:24.541+0000] {processor.py:925} INFO - DAG(s) 'dbt_run_dag' retrieved from /opt/airflow/dags/dbt_run_dag.py
[2025-04-22T04:13:24.557+0000] {logging_mixin.py:190} INFO - [2025-04-22T04:13:24.557+0000] {dag.py:3229} INFO - Sync 1 DAGs
[2025-04-22T04:13:24.567+0000] {logging_mixin.py:190} INFO - [2025-04-22T04:13:24.567+0000] {dag.py:4156} INFO - Setting next_dagrun for dbt_run_dag to 2025-04-22 00:00:00+00:00, run_after=2025-04-23 00:00:00+00:00
[2025-04-22T04:13:24.577+0000] {processor.py:208} INFO - Processing /opt/airflow/dags/dbt_run_dag.py took 0.063 seconds
[2025-04-22T04:13:54.994+0000] {processor.py:186} INFO - Started process (PID=5814) to work on /opt/airflow/dags/dbt_run_dag.py
[2025-04-22T04:13:54.997+0000] {processor.py:914} INFO - Processing file /opt/airflow/dags/dbt_run_dag.py for tasks to queue
[2025-04-22T04:13:55.000+0000] {logging_mixin.py:190} INFO - [2025-04-22T04:13:55.000+0000] {dagbag.py:587} INFO - Filling up the DagBag from /opt/airflow/dags/dbt_run_dag.py
[2025-04-22T04:13:55.014+0000] {processor.py:925} INFO - DAG(s) 'dbt_run_dag' retrieved from /opt/airflow/dags/dbt_run_dag.py
[2025-04-22T04:13:55.043+0000] {logging_mixin.py:190} INFO - [2025-04-22T04:13:55.042+0000] {dag.py:3229} INFO - Sync 1 DAGs
[2025-04-22T04:13:55.060+0000] {logging_mixin.py:190} INFO - [2025-04-22T04:13:55.060+0000] {dag.py:4156} INFO - Setting next_dagrun for dbt_run_dag to 2025-04-22 00:00:00+00:00, run_after=2025-04-23 00:00:00+00:00
[2025-04-22T04:13:55.071+0000] {processor.py:208} INFO - Processing /opt/airflow/dags/dbt_run_dag.py took 0.088 seconds
[2025-04-22T04:14:25.505+0000] {processor.py:186} INFO - Started process (PID=5830) to work on /opt/airflow/dags/dbt_run_dag.py
[2025-04-22T04:14:25.506+0000] {processor.py:914} INFO - Processing file /opt/airflow/dags/dbt_run_dag.py for tasks to queue
[2025-04-22T04:14:25.511+0000] {logging_mixin.py:190} INFO - [2025-04-22T04:14:25.511+0000] {dagbag.py:587} INFO - Filling up the DagBag from /opt/airflow/dags/dbt_run_dag.py
[2025-04-22T04:14:25.527+0000] {processor.py:925} INFO - DAG(s) 'dbt_run_dag' retrieved from /opt/airflow/dags/dbt_run_dag.py
[2025-04-22T04:14:25.557+0000] {logging_mixin.py:190} INFO - [2025-04-22T04:14:25.557+0000] {dag.py:3229} INFO - Sync 1 DAGs
[2025-04-22T04:14:25.578+0000] {logging_mixin.py:190} INFO - [2025-04-22T04:14:25.578+0000] {dag.py:4156} INFO - Setting next_dagrun for dbt_run_dag to 2025-04-22 00:00:00+00:00, run_after=2025-04-23 00:00:00+00:00
[2025-04-22T04:14:25.591+0000] {processor.py:208} INFO - Processing /opt/airflow/dags/dbt_run_dag.py took 0.093 seconds
[2025-04-22T04:14:56.041+0000] {processor.py:186} INFO - Started process (PID=5845) to work on /opt/airflow/dags/dbt_run_dag.py
[2025-04-22T04:14:56.043+0000] {processor.py:914} INFO - Processing file /opt/airflow/dags/dbt_run_dag.py for tasks to queue
[2025-04-22T04:14:56.048+0000] {logging_mixin.py:190} INFO - [2025-04-22T04:14:56.047+0000] {dagbag.py:587} INFO - Filling up the DagBag from /opt/airflow/dags/dbt_run_dag.py
[2025-04-22T04:14:56.074+0000] {processor.py:925} INFO - DAG(s) 'dbt_run_dag' retrieved from /opt/airflow/dags/dbt_run_dag.py
[2025-04-22T04:14:56.107+0000] {logging_mixin.py:190} INFO - [2025-04-22T04:14:56.107+0000] {dag.py:3229} INFO - Sync 1 DAGs
[2025-04-22T04:14:56.123+0000] {logging_mixin.py:190} INFO - [2025-04-22T04:14:56.123+0000] {dag.py:4156} INFO - Setting next_dagrun for dbt_run_dag to 2025-04-22 00:00:00+00:00, run_after=2025-04-23 00:00:00+00:00
[2025-04-22T04:14:56.135+0000] {processor.py:208} INFO - Processing /opt/airflow/dags/dbt_run_dag.py took 0.113 seconds
[2025-04-22T04:15:26.630+0000] {processor.py:186} INFO - Started process (PID=5860) to work on /opt/airflow/dags/dbt_run_dag.py
[2025-04-22T04:15:26.632+0000] {processor.py:914} INFO - Processing file /opt/airflow/dags/dbt_run_dag.py for tasks to queue
[2025-04-22T04:15:26.645+0000] {logging_mixin.py:190} INFO - [2025-04-22T04:15:26.644+0000] {dagbag.py:587} INFO - Filling up the DagBag from /opt/airflow/dags/dbt_run_dag.py
[2025-04-22T04:15:26.672+0000] {processor.py:925} INFO - DAG(s) 'dbt_run_dag' retrieved from /opt/airflow/dags/dbt_run_dag.py
[2025-04-22T04:15:26.703+0000] {logging_mixin.py:190} INFO - [2025-04-22T04:15:26.703+0000] {dag.py:3229} INFO - Sync 1 DAGs
[2025-04-22T04:15:26.720+0000] {logging_mixin.py:190} INFO - [2025-04-22T04:15:26.719+0000] {dag.py:4156} INFO - Setting next_dagrun for dbt_run_dag to 2025-04-22 00:00:00+00:00, run_after=2025-04-23 00:00:00+00:00
[2025-04-22T04:15:26.734+0000] {processor.py:208} INFO - Processing /opt/airflow/dags/dbt_run_dag.py took 0.120 seconds
[2025-04-22T04:15:57.201+0000] {processor.py:186} INFO - Started process (PID=5875) to work on /opt/airflow/dags/dbt_run_dag.py
[2025-04-22T04:15:57.210+0000] {processor.py:914} INFO - Processing file /opt/airflow/dags/dbt_run_dag.py for tasks to queue
[2025-04-22T04:15:57.221+0000] {logging_mixin.py:190} INFO - [2025-04-22T04:15:57.217+0000] {dagbag.py:587} INFO - Filling up the DagBag from /opt/airflow/dags/dbt_run_dag.py
[2025-04-22T04:15:57.259+0000] {processor.py:925} INFO - DAG(s) 'dbt_run_dag' retrieved from /opt/airflow/dags/dbt_run_dag.py
[2025-04-22T04:15:57.299+0000] {logging_mixin.py:190} INFO - [2025-04-22T04:15:57.299+0000] {dag.py:3229} INFO - Sync 1 DAGs
[2025-04-22T04:15:57.323+0000] {logging_mixin.py:190} INFO - [2025-04-22T04:15:57.323+0000] {dag.py:4156} INFO - Setting next_dagrun for dbt_run_dag to 2025-04-22 00:00:00+00:00, run_after=2025-04-23 00:00:00+00:00
[2025-04-22T04:15:57.337+0000] {processor.py:208} INFO - Processing /opt/airflow/dags/dbt_run_dag.py took 0.151 seconds
[2025-04-22T04:16:27.728+0000] {processor.py:186} INFO - Started process (PID=5890) to work on /opt/airflow/dags/dbt_run_dag.py
[2025-04-22T04:16:27.730+0000] {processor.py:914} INFO - Processing file /opt/airflow/dags/dbt_run_dag.py for tasks to queue
[2025-04-22T04:16:27.733+0000] {logging_mixin.py:190} INFO - [2025-04-22T04:16:27.733+0000] {dagbag.py:587} INFO - Filling up the DagBag from /opt/airflow/dags/dbt_run_dag.py
[2025-04-22T04:16:27.756+0000] {processor.py:925} INFO - DAG(s) 'dbt_run_dag' retrieved from /opt/airflow/dags/dbt_run_dag.py
[2025-04-22T04:16:27.785+0000] {logging_mixin.py:190} INFO - [2025-04-22T04:16:27.785+0000] {dag.py:3229} INFO - Sync 1 DAGs
[2025-04-22T04:16:27.808+0000] {logging_mixin.py:190} INFO - [2025-04-22T04:16:27.807+0000] {dag.py:4156} INFO - Setting next_dagrun for dbt_run_dag to 2025-04-22 00:00:00+00:00, run_after=2025-04-23 00:00:00+00:00
[2025-04-22T04:16:27.827+0000] {processor.py:208} INFO - Processing /opt/airflow/dags/dbt_run_dag.py took 0.116 seconds
[2025-04-22T04:16:58.285+0000] {processor.py:186} INFO - Started process (PID=5905) to work on /opt/airflow/dags/dbt_run_dag.py
[2025-04-22T04:16:58.287+0000] {processor.py:914} INFO - Processing file /opt/airflow/dags/dbt_run_dag.py for tasks to queue
[2025-04-22T04:16:58.290+0000] {logging_mixin.py:190} INFO - [2025-04-22T04:16:58.290+0000] {dagbag.py:587} INFO - Filling up the DagBag from /opt/airflow/dags/dbt_run_dag.py
[2025-04-22T04:16:58.306+0000] {processor.py:925} INFO - DAG(s) 'dbt_run_dag' retrieved from /opt/airflow/dags/dbt_run_dag.py
[2025-04-22T04:16:58.327+0000] {logging_mixin.py:190} INFO - [2025-04-22T04:16:58.327+0000] {dag.py:3229} INFO - Sync 1 DAGs
[2025-04-22T04:16:58.340+0000] {logging_mixin.py:190} INFO - [2025-04-22T04:16:58.340+0000] {dag.py:4156} INFO - Setting next_dagrun for dbt_run_dag to 2025-04-22 00:00:00+00:00, run_after=2025-04-23 00:00:00+00:00
[2025-04-22T04:16:58.351+0000] {processor.py:208} INFO - Processing /opt/airflow/dags/dbt_run_dag.py took 0.074 seconds
[2025-04-22T04:17:28.739+0000] {processor.py:186} INFO - Started process (PID=5920) to work on /opt/airflow/dags/dbt_run_dag.py
[2025-04-22T04:17:28.743+0000] {processor.py:914} INFO - Processing file /opt/airflow/dags/dbt_run_dag.py for tasks to queue
[2025-04-22T04:17:28.756+0000] {logging_mixin.py:190} INFO - [2025-04-22T04:17:28.756+0000] {dagbag.py:587} INFO - Filling up the DagBag from /opt/airflow/dags/dbt_run_dag.py
[2025-04-22T04:17:28.776+0000] {processor.py:925} INFO - DAG(s) 'dbt_run_dag' retrieved from /opt/airflow/dags/dbt_run_dag.py
[2025-04-22T04:17:28.809+0000] {logging_mixin.py:190} INFO - [2025-04-22T04:17:28.809+0000] {dag.py:3229} INFO - Sync 1 DAGs
[2025-04-22T04:17:28.874+0000] {logging_mixin.py:190} INFO - [2025-04-22T04:17:28.874+0000] {dag.py:4156} INFO - Setting next_dagrun for dbt_run_dag to 2025-04-22 00:00:00+00:00, run_after=2025-04-23 00:00:00+00:00
[2025-04-22T04:17:28.886+0000] {processor.py:208} INFO - Processing /opt/airflow/dags/dbt_run_dag.py took 0.157 seconds
[2025-04-22T04:17:59.284+0000] {processor.py:186} INFO - Started process (PID=5935) to work on /opt/airflow/dags/dbt_run_dag.py
[2025-04-22T04:17:59.286+0000] {processor.py:914} INFO - Processing file /opt/airflow/dags/dbt_run_dag.py for tasks to queue
[2025-04-22T04:17:59.288+0000] {logging_mixin.py:190} INFO - [2025-04-22T04:17:59.288+0000] {dagbag.py:587} INFO - Filling up the DagBag from /opt/airflow/dags/dbt_run_dag.py
[2025-04-22T04:17:59.301+0000] {processor.py:925} INFO - DAG(s) 'dbt_run_dag' retrieved from /opt/airflow/dags/dbt_run_dag.py
[2025-04-22T04:17:59.318+0000] {logging_mixin.py:190} INFO - [2025-04-22T04:17:59.318+0000] {dag.py:3229} INFO - Sync 1 DAGs
[2025-04-22T04:17:59.329+0000] {logging_mixin.py:190} INFO - [2025-04-22T04:17:59.329+0000] {dag.py:4156} INFO - Setting next_dagrun for dbt_run_dag to 2025-04-22 00:00:00+00:00, run_after=2025-04-23 00:00:00+00:00
[2025-04-22T04:17:59.339+0000] {processor.py:208} INFO - Processing /opt/airflow/dags/dbt_run_dag.py took 0.063 seconds
[2025-04-22T04:18:29.730+0000] {processor.py:186} INFO - Started process (PID=5950) to work on /opt/airflow/dags/dbt_run_dag.py
[2025-04-22T04:18:29.732+0000] {processor.py:914} INFO - Processing file /opt/airflow/dags/dbt_run_dag.py for tasks to queue
[2025-04-22T04:18:29.734+0000] {logging_mixin.py:190} INFO - [2025-04-22T04:18:29.734+0000] {dagbag.py:587} INFO - Filling up the DagBag from /opt/airflow/dags/dbt_run_dag.py
[2025-04-22T04:18:29.746+0000] {processor.py:925} INFO - DAG(s) 'dbt_run_dag' retrieved from /opt/airflow/dags/dbt_run_dag.py
[2025-04-22T04:18:29.764+0000] {logging_mixin.py:190} INFO - [2025-04-22T04:18:29.763+0000] {dag.py:3229} INFO - Sync 1 DAGs
[2025-04-22T04:18:29.779+0000] {logging_mixin.py:190} INFO - [2025-04-22T04:18:29.779+0000] {dag.py:4156} INFO - Setting next_dagrun for dbt_run_dag to 2025-04-22 00:00:00+00:00, run_after=2025-04-23 00:00:00+00:00
[2025-04-22T04:18:29.790+0000] {processor.py:208} INFO - Processing /opt/airflow/dags/dbt_run_dag.py took 0.068 seconds
[2025-04-22T04:19:00.193+0000] {processor.py:186} INFO - Started process (PID=5965) to work on /opt/airflow/dags/dbt_run_dag.py
[2025-04-22T04:19:00.194+0000] {processor.py:914} INFO - Processing file /opt/airflow/dags/dbt_run_dag.py for tasks to queue
[2025-04-22T04:19:00.196+0000] {logging_mixin.py:190} INFO - [2025-04-22T04:19:00.196+0000] {dagbag.py:587} INFO - Filling up the DagBag from /opt/airflow/dags/dbt_run_dag.py
[2025-04-22T04:19:00.207+0000] {processor.py:925} INFO - DAG(s) 'dbt_run_dag' retrieved from /opt/airflow/dags/dbt_run_dag.py
[2025-04-22T04:19:00.224+0000] {logging_mixin.py:190} INFO - [2025-04-22T04:19:00.224+0000] {dag.py:3229} INFO - Sync 1 DAGs
[2025-04-22T04:19:00.235+0000] {logging_mixin.py:190} INFO - [2025-04-22T04:19:00.235+0000] {dag.py:4156} INFO - Setting next_dagrun for dbt_run_dag to 2025-04-22 00:00:00+00:00, run_after=2025-04-23 00:00:00+00:00
[2025-04-22T04:19:00.243+0000] {processor.py:208} INFO - Processing /opt/airflow/dags/dbt_run_dag.py took 0.055 seconds
[2025-04-22T04:19:30.642+0000] {processor.py:186} INFO - Started process (PID=5980) to work on /opt/airflow/dags/dbt_run_dag.py
[2025-04-22T04:19:30.644+0000] {processor.py:914} INFO - Processing file /opt/airflow/dags/dbt_run_dag.py for tasks to queue
[2025-04-22T04:19:30.648+0000] {logging_mixin.py:190} INFO - [2025-04-22T04:19:30.648+0000] {dagbag.py:587} INFO - Filling up the DagBag from /opt/airflow/dags/dbt_run_dag.py
[2025-04-22T04:19:30.662+0000] {processor.py:925} INFO - DAG(s) 'dbt_run_dag' retrieved from /opt/airflow/dags/dbt_run_dag.py
[2025-04-22T04:19:30.674+0000] {logging_mixin.py:190} INFO - [2025-04-22T04:19:30.674+0000] {dag.py:3229} INFO - Sync 1 DAGs
[2025-04-22T04:19:30.686+0000] {logging_mixin.py:190} INFO - [2025-04-22T04:19:30.686+0000] {dag.py:4156} INFO - Setting next_dagrun for dbt_run_dag to 2025-04-22 00:00:00+00:00, run_after=2025-04-23 00:00:00+00:00
[2025-04-22T04:19:30.696+0000] {processor.py:208} INFO - Processing /opt/airflow/dags/dbt_run_dag.py took 0.061 seconds
[2025-04-22T04:20:01.106+0000] {processor.py:186} INFO - Started process (PID=5995) to work on /opt/airflow/dags/dbt_run_dag.py
[2025-04-22T04:20:01.108+0000] {processor.py:914} INFO - Processing file /opt/airflow/dags/dbt_run_dag.py for tasks to queue
[2025-04-22T04:20:01.111+0000] {logging_mixin.py:190} INFO - [2025-04-22T04:20:01.111+0000] {dagbag.py:587} INFO - Filling up the DagBag from /opt/airflow/dags/dbt_run_dag.py
[2025-04-22T04:20:01.127+0000] {processor.py:925} INFO - DAG(s) 'dbt_run_dag' retrieved from /opt/airflow/dags/dbt_run_dag.py
[2025-04-22T04:20:01.139+0000] {logging_mixin.py:190} INFO - [2025-04-22T04:20:01.139+0000] {dag.py:3229} INFO - Sync 1 DAGs
[2025-04-22T04:20:01.151+0000] {logging_mixin.py:190} INFO - [2025-04-22T04:20:01.151+0000] {dag.py:4156} INFO - Setting next_dagrun for dbt_run_dag to 2025-04-22 00:00:00+00:00, run_after=2025-04-23 00:00:00+00:00
[2025-04-22T04:20:01.161+0000] {processor.py:208} INFO - Processing /opt/airflow/dags/dbt_run_dag.py took 0.061 seconds
[2025-04-22T04:20:31.539+0000] {processor.py:186} INFO - Started process (PID=6010) to work on /opt/airflow/dags/dbt_run_dag.py
[2025-04-22T04:20:31.540+0000] {processor.py:914} INFO - Processing file /opt/airflow/dags/dbt_run_dag.py for tasks to queue
[2025-04-22T04:20:31.543+0000] {logging_mixin.py:190} INFO - [2025-04-22T04:20:31.543+0000] {dagbag.py:587} INFO - Filling up the DagBag from /opt/airflow/dags/dbt_run_dag.py
[2025-04-22T04:20:31.557+0000] {processor.py:925} INFO - DAG(s) 'dbt_run_dag' retrieved from /opt/airflow/dags/dbt_run_dag.py
[2025-04-22T04:20:31.575+0000] {logging_mixin.py:190} INFO - [2025-04-22T04:20:31.575+0000] {dag.py:3229} INFO - Sync 1 DAGs
[2025-04-22T04:20:31.587+0000] {logging_mixin.py:190} INFO - [2025-04-22T04:20:31.586+0000] {dag.py:4156} INFO - Setting next_dagrun for dbt_run_dag to 2025-04-22 00:00:00+00:00, run_after=2025-04-23 00:00:00+00:00
[2025-04-22T04:20:31.597+0000] {processor.py:208} INFO - Processing /opt/airflow/dags/dbt_run_dag.py took 0.065 seconds
[2025-04-22T04:21:01.981+0000] {processor.py:186} INFO - Started process (PID=6025) to work on /opt/airflow/dags/dbt_run_dag.py
[2025-04-22T04:21:01.982+0000] {processor.py:914} INFO - Processing file /opt/airflow/dags/dbt_run_dag.py for tasks to queue
[2025-04-22T04:21:01.986+0000] {logging_mixin.py:190} INFO - [2025-04-22T04:21:01.986+0000] {dagbag.py:587} INFO - Filling up the DagBag from /opt/airflow/dags/dbt_run_dag.py
[2025-04-22T04:21:02.006+0000] {processor.py:925} INFO - DAG(s) 'dbt_run_dag' retrieved from /opt/airflow/dags/dbt_run_dag.py
[2025-04-22T04:21:02.044+0000] {logging_mixin.py:190} INFO - [2025-04-22T04:21:02.044+0000] {dag.py:3229} INFO - Sync 1 DAGs
[2025-04-22T04:21:02.064+0000] {logging_mixin.py:190} INFO - [2025-04-22T04:21:02.064+0000] {dag.py:4156} INFO - Setting next_dagrun for dbt_run_dag to 2025-04-22 00:00:00+00:00, run_after=2025-04-23 00:00:00+00:00
[2025-04-22T04:21:02.083+0000] {processor.py:208} INFO - Processing /opt/airflow/dags/dbt_run_dag.py took 0.122 seconds
[2025-04-22T04:21:32.813+0000] {processor.py:186} INFO - Started process (PID=6039) to work on /opt/airflow/dags/dbt_run_dag.py
[2025-04-22T04:21:32.818+0000] {processor.py:914} INFO - Processing file /opt/airflow/dags/dbt_run_dag.py for tasks to queue
[2025-04-22T04:21:32.832+0000] {logging_mixin.py:190} INFO - [2025-04-22T04:21:32.830+0000] {dagbag.py:587} INFO - Filling up the DagBag from /opt/airflow/dags/dbt_run_dag.py
[2025-04-22T04:21:32.964+0000] {processor.py:925} INFO - DAG(s) 'dbt_run_dag' retrieved from /opt/airflow/dags/dbt_run_dag.py
[2025-04-22T04:21:33.177+0000] {logging_mixin.py:190} INFO - [2025-04-22T04:21:33.177+0000] {dag.py:3229} INFO - Sync 1 DAGs
[2025-04-22T04:21:33.298+0000] {logging_mixin.py:190} INFO - [2025-04-22T04:21:33.296+0000] {dag.py:4156} INFO - Setting next_dagrun for dbt_run_dag to 2025-04-22 00:00:00+00:00, run_after=2025-04-23 00:00:00+00:00
[2025-04-22T04:21:33.374+0000] {processor.py:208} INFO - Processing /opt/airflow/dags/dbt_run_dag.py took 0.591 seconds
[2025-04-22T04:22:04.116+0000] {processor.py:186} INFO - Started process (PID=6055) to work on /opt/airflow/dags/dbt_run_dag.py
[2025-04-22T04:22:04.118+0000] {processor.py:914} INFO - Processing file /opt/airflow/dags/dbt_run_dag.py for tasks to queue
[2025-04-22T04:22:04.121+0000] {logging_mixin.py:190} INFO - [2025-04-22T04:22:04.120+0000] {dagbag.py:587} INFO - Filling up the DagBag from /opt/airflow/dags/dbt_run_dag.py
[2025-04-22T04:22:04.135+0000] {processor.py:925} INFO - DAG(s) 'dbt_run_dag' retrieved from /opt/airflow/dags/dbt_run_dag.py
[2025-04-22T04:22:04.153+0000] {logging_mixin.py:190} INFO - [2025-04-22T04:22:04.153+0000] {dag.py:3229} INFO - Sync 1 DAGs
[2025-04-22T04:22:04.165+0000] {logging_mixin.py:190} INFO - [2025-04-22T04:22:04.165+0000] {dag.py:4156} INFO - Setting next_dagrun for dbt_run_dag to 2025-04-22 00:00:00+00:00, run_after=2025-04-23 00:00:00+00:00
[2025-04-22T04:22:04.175+0000] {processor.py:208} INFO - Processing /opt/airflow/dags/dbt_run_dag.py took 0.065 seconds
[2025-04-22T04:22:34.577+0000] {processor.py:186} INFO - Started process (PID=6070) to work on /opt/airflow/dags/dbt_run_dag.py
[2025-04-22T04:22:34.578+0000] {processor.py:914} INFO - Processing file /opt/airflow/dags/dbt_run_dag.py for tasks to queue
[2025-04-22T04:22:34.580+0000] {logging_mixin.py:190} INFO - [2025-04-22T04:22:34.580+0000] {dagbag.py:587} INFO - Filling up the DagBag from /opt/airflow/dags/dbt_run_dag.py
[2025-04-22T04:22:34.590+0000] {processor.py:925} INFO - DAG(s) 'dbt_run_dag' retrieved from /opt/airflow/dags/dbt_run_dag.py
[2025-04-22T04:22:34.606+0000] {logging_mixin.py:190} INFO - [2025-04-22T04:22:34.606+0000] {dag.py:3229} INFO - Sync 1 DAGs
[2025-04-22T04:22:34.618+0000] {logging_mixin.py:190} INFO - [2025-04-22T04:22:34.618+0000] {dag.py:4156} INFO - Setting next_dagrun for dbt_run_dag to 2025-04-22 00:00:00+00:00, run_after=2025-04-23 00:00:00+00:00
[2025-04-22T04:22:34.626+0000] {processor.py:208} INFO - Processing /opt/airflow/dags/dbt_run_dag.py took 0.055 seconds
[2025-04-22T04:23:05.005+0000] {processor.py:186} INFO - Started process (PID=6085) to work on /opt/airflow/dags/dbt_run_dag.py
[2025-04-22T04:23:05.006+0000] {processor.py:914} INFO - Processing file /opt/airflow/dags/dbt_run_dag.py for tasks to queue
[2025-04-22T04:23:05.008+0000] {logging_mixin.py:190} INFO - [2025-04-22T04:23:05.008+0000] {dagbag.py:587} INFO - Filling up the DagBag from /opt/airflow/dags/dbt_run_dag.py
[2025-04-22T04:23:05.019+0000] {processor.py:925} INFO - DAG(s) 'dbt_run_dag' retrieved from /opt/airflow/dags/dbt_run_dag.py
[2025-04-22T04:23:05.032+0000] {logging_mixin.py:190} INFO - [2025-04-22T04:23:05.032+0000] {dag.py:3229} INFO - Sync 1 DAGs
[2025-04-22T04:23:05.043+0000] {logging_mixin.py:190} INFO - [2025-04-22T04:23:05.043+0000] {dag.py:4156} INFO - Setting next_dagrun for dbt_run_dag to 2025-04-22 00:00:00+00:00, run_after=2025-04-23 00:00:00+00:00
[2025-04-22T04:23:05.055+0000] {processor.py:208} INFO - Processing /opt/airflow/dags/dbt_run_dag.py took 0.054 seconds
[2025-04-22T04:23:35.386+0000] {processor.py:186} INFO - Started process (PID=6100) to work on /opt/airflow/dags/dbt_run_dag.py
[2025-04-22T04:23:35.387+0000] {processor.py:914} INFO - Processing file /opt/airflow/dags/dbt_run_dag.py for tasks to queue
[2025-04-22T04:23:35.389+0000] {logging_mixin.py:190} INFO - [2025-04-22T04:23:35.389+0000] {dagbag.py:587} INFO - Filling up the DagBag from /opt/airflow/dags/dbt_run_dag.py
[2025-04-22T04:23:35.406+0000] {processor.py:925} INFO - DAG(s) 'dbt_run_dag' retrieved from /opt/airflow/dags/dbt_run_dag.py
[2025-04-22T04:23:35.427+0000] {logging_mixin.py:190} INFO - [2025-04-22T04:23:35.427+0000] {dag.py:3229} INFO - Sync 1 DAGs
[2025-04-22T04:23:35.449+0000] {logging_mixin.py:190} INFO - [2025-04-22T04:23:35.448+0000] {dag.py:4156} INFO - Setting next_dagrun for dbt_run_dag to 2025-04-22 00:00:00+00:00, run_after=2025-04-23 00:00:00+00:00
[2025-04-22T04:23:35.460+0000] {processor.py:208} INFO - Processing /opt/airflow/dags/dbt_run_dag.py took 0.080 seconds
[2025-04-22T04:24:05.762+0000] {processor.py:186} INFO - Started process (PID=6115) to work on /opt/airflow/dags/dbt_run_dag.py
[2025-04-22T04:24:05.763+0000] {processor.py:914} INFO - Processing file /opt/airflow/dags/dbt_run_dag.py for tasks to queue
[2025-04-22T04:24:05.766+0000] {logging_mixin.py:190} INFO - [2025-04-22T04:24:05.765+0000] {dagbag.py:587} INFO - Filling up the DagBag from /opt/airflow/dags/dbt_run_dag.py
[2025-04-22T04:24:05.783+0000] {processor.py:925} INFO - DAG(s) 'dbt_run_dag' retrieved from /opt/airflow/dags/dbt_run_dag.py
[2025-04-22T04:24:05.807+0000] {logging_mixin.py:190} INFO - [2025-04-22T04:24:05.807+0000] {dag.py:3229} INFO - Sync 1 DAGs
[2025-04-22T04:24:05.826+0000] {logging_mixin.py:190} INFO - [2025-04-22T04:24:05.826+0000] {dag.py:4156} INFO - Setting next_dagrun for dbt_run_dag to 2025-04-22 00:00:00+00:00, run_after=2025-04-23 00:00:00+00:00
[2025-04-22T04:24:05.840+0000] {processor.py:208} INFO - Processing /opt/airflow/dags/dbt_run_dag.py took 0.086 seconds
[2025-04-22T04:24:36.183+0000] {processor.py:186} INFO - Started process (PID=6130) to work on /opt/airflow/dags/dbt_run_dag.py
[2025-04-22T04:24:36.184+0000] {processor.py:914} INFO - Processing file /opt/airflow/dags/dbt_run_dag.py for tasks to queue
[2025-04-22T04:24:36.186+0000] {logging_mixin.py:190} INFO - [2025-04-22T04:24:36.186+0000] {dagbag.py:587} INFO - Filling up the DagBag from /opt/airflow/dags/dbt_run_dag.py
[2025-04-22T04:24:36.196+0000] {processor.py:925} INFO - DAG(s) 'dbt_run_dag' retrieved from /opt/airflow/dags/dbt_run_dag.py
[2025-04-22T04:24:36.210+0000] {logging_mixin.py:190} INFO - [2025-04-22T04:24:36.210+0000] {dag.py:3229} INFO - Sync 1 DAGs
[2025-04-22T04:24:36.222+0000] {logging_mixin.py:190} INFO - [2025-04-22T04:24:36.222+0000] {dag.py:4156} INFO - Setting next_dagrun for dbt_run_dag to 2025-04-22 00:00:00+00:00, run_after=2025-04-23 00:00:00+00:00
[2025-04-22T04:24:36.232+0000] {processor.py:208} INFO - Processing /opt/airflow/dags/dbt_run_dag.py took 0.053 seconds
[2025-04-22T04:25:06.602+0000] {processor.py:186} INFO - Started process (PID=6145) to work on /opt/airflow/dags/dbt_run_dag.py
[2025-04-22T04:25:06.603+0000] {processor.py:914} INFO - Processing file /opt/airflow/dags/dbt_run_dag.py for tasks to queue
[2025-04-22T04:25:06.606+0000] {logging_mixin.py:190} INFO - [2025-04-22T04:25:06.606+0000] {dagbag.py:587} INFO - Filling up the DagBag from /opt/airflow/dags/dbt_run_dag.py
[2025-04-22T04:25:06.619+0000] {processor.py:925} INFO - DAG(s) 'dbt_run_dag' retrieved from /opt/airflow/dags/dbt_run_dag.py
[2025-04-22T04:25:06.636+0000] {logging_mixin.py:190} INFO - [2025-04-22T04:25:06.636+0000] {dag.py:3229} INFO - Sync 1 DAGs
[2025-04-22T04:25:06.647+0000] {logging_mixin.py:190} INFO - [2025-04-22T04:25:06.647+0000] {dag.py:4156} INFO - Setting next_dagrun for dbt_run_dag to 2025-04-22 00:00:00+00:00, run_after=2025-04-23 00:00:00+00:00
[2025-04-22T04:25:06.657+0000] {processor.py:208} INFO - Processing /opt/airflow/dags/dbt_run_dag.py took 0.061 seconds
[2025-04-22T04:25:37.013+0000] {processor.py:186} INFO - Started process (PID=6160) to work on /opt/airflow/dags/dbt_run_dag.py
[2025-04-22T04:25:37.014+0000] {processor.py:914} INFO - Processing file /opt/airflow/dags/dbt_run_dag.py for tasks to queue
[2025-04-22T04:25:37.016+0000] {logging_mixin.py:190} INFO - [2025-04-22T04:25:37.016+0000] {dagbag.py:587} INFO - Filling up the DagBag from /opt/airflow/dags/dbt_run_dag.py
[2025-04-22T04:25:37.031+0000] {processor.py:925} INFO - DAG(s) 'dbt_run_dag' retrieved from /opt/airflow/dags/dbt_run_dag.py
[2025-04-22T04:25:37.042+0000] {logging_mixin.py:190} INFO - [2025-04-22T04:25:37.042+0000] {dag.py:3229} INFO - Sync 1 DAGs
[2025-04-22T04:25:37.052+0000] {logging_mixin.py:190} INFO - [2025-04-22T04:25:37.052+0000] {dag.py:4156} INFO - Setting next_dagrun for dbt_run_dag to 2025-04-22 00:00:00+00:00, run_after=2025-04-23 00:00:00+00:00
[2025-04-22T04:25:37.063+0000] {processor.py:208} INFO - Processing /opt/airflow/dags/dbt_run_dag.py took 0.055 seconds
[2025-04-22T04:26:07.454+0000] {processor.py:186} INFO - Started process (PID=6175) to work on /opt/airflow/dags/dbt_run_dag.py
[2025-04-22T04:26:07.456+0000] {processor.py:914} INFO - Processing file /opt/airflow/dags/dbt_run_dag.py for tasks to queue
[2025-04-22T04:26:07.458+0000] {logging_mixin.py:190} INFO - [2025-04-22T04:26:07.458+0000] {dagbag.py:587} INFO - Filling up the DagBag from /opt/airflow/dags/dbt_run_dag.py
[2025-04-22T04:26:07.475+0000] {processor.py:925} INFO - DAG(s) 'dbt_run_dag' retrieved from /opt/airflow/dags/dbt_run_dag.py
[2025-04-22T04:26:07.490+0000] {logging_mixin.py:190} INFO - [2025-04-22T04:26:07.490+0000] {dag.py:3229} INFO - Sync 1 DAGs
[2025-04-22T04:26:07.501+0000] {logging_mixin.py:190} INFO - [2025-04-22T04:26:07.501+0000] {dag.py:4156} INFO - Setting next_dagrun for dbt_run_dag to 2025-04-22 00:00:00+00:00, run_after=2025-04-23 00:00:00+00:00
[2025-04-22T04:26:07.510+0000] {processor.py:208} INFO - Processing /opt/airflow/dags/dbt_run_dag.py took 0.062 seconds
[2025-04-22T04:26:37.913+0000] {processor.py:186} INFO - Started process (PID=6190) to work on /opt/airflow/dags/dbt_run_dag.py
[2025-04-22T04:26:37.914+0000] {processor.py:914} INFO - Processing file /opt/airflow/dags/dbt_run_dag.py for tasks to queue
[2025-04-22T04:26:37.916+0000] {logging_mixin.py:190} INFO - [2025-04-22T04:26:37.916+0000] {dagbag.py:587} INFO - Filling up the DagBag from /opt/airflow/dags/dbt_run_dag.py
[2025-04-22T04:26:37.924+0000] {processor.py:925} INFO - DAG(s) 'dbt_run_dag' retrieved from /opt/airflow/dags/dbt_run_dag.py
[2025-04-22T04:26:37.940+0000] {logging_mixin.py:190} INFO - [2025-04-22T04:26:37.939+0000] {dag.py:3229} INFO - Sync 1 DAGs
[2025-04-22T04:26:37.950+0000] {logging_mixin.py:190} INFO - [2025-04-22T04:26:37.950+0000] {dag.py:4156} INFO - Setting next_dagrun for dbt_run_dag to 2025-04-22 00:00:00+00:00, run_after=2025-04-23 00:00:00+00:00
[2025-04-22T04:26:37.959+0000] {processor.py:208} INFO - Processing /opt/airflow/dags/dbt_run_dag.py took 0.050 seconds
[2025-04-22T04:27:08.357+0000] {processor.py:186} INFO - Started process (PID=6205) to work on /opt/airflow/dags/dbt_run_dag.py
[2025-04-22T04:27:08.358+0000] {processor.py:914} INFO - Processing file /opt/airflow/dags/dbt_run_dag.py for tasks to queue
[2025-04-22T04:27:08.361+0000] {logging_mixin.py:190} INFO - [2025-04-22T04:27:08.361+0000] {dagbag.py:587} INFO - Filling up the DagBag from /opt/airflow/dags/dbt_run_dag.py
[2025-04-22T04:27:08.379+0000] {processor.py:925} INFO - DAG(s) 'dbt_run_dag' retrieved from /opt/airflow/dags/dbt_run_dag.py
[2025-04-22T04:27:08.398+0000] {logging_mixin.py:190} INFO - [2025-04-22T04:27:08.398+0000] {dag.py:3229} INFO - Sync 1 DAGs
[2025-04-22T04:27:08.413+0000] {logging_mixin.py:190} INFO - [2025-04-22T04:27:08.413+0000] {dag.py:4156} INFO - Setting next_dagrun for dbt_run_dag to 2025-04-22 00:00:00+00:00, run_after=2025-04-23 00:00:00+00:00
[2025-04-22T04:27:08.423+0000] {processor.py:208} INFO - Processing /opt/airflow/dags/dbt_run_dag.py took 0.072 seconds
[2025-04-22T04:27:38.764+0000] {processor.py:186} INFO - Started process (PID=6220) to work on /opt/airflow/dags/dbt_run_dag.py
[2025-04-22T04:27:38.766+0000] {processor.py:914} INFO - Processing file /opt/airflow/dags/dbt_run_dag.py for tasks to queue
[2025-04-22T04:27:38.768+0000] {logging_mixin.py:190} INFO - [2025-04-22T04:27:38.768+0000] {dagbag.py:587} INFO - Filling up the DagBag from /opt/airflow/dags/dbt_run_dag.py
[2025-04-22T04:27:38.779+0000] {processor.py:925} INFO - DAG(s) 'dbt_run_dag' retrieved from /opt/airflow/dags/dbt_run_dag.py
[2025-04-22T04:27:38.793+0000] {logging_mixin.py:190} INFO - [2025-04-22T04:27:38.793+0000] {dag.py:3229} INFO - Sync 1 DAGs
[2025-04-22T04:27:38.812+0000] {logging_mixin.py:190} INFO - [2025-04-22T04:27:38.812+0000] {dag.py:4156} INFO - Setting next_dagrun for dbt_run_dag to 2025-04-22 00:00:00+00:00, run_after=2025-04-23 00:00:00+00:00
[2025-04-22T04:27:38.821+0000] {processor.py:208} INFO - Processing /opt/airflow/dags/dbt_run_dag.py took 0.061 seconds
[2025-04-22T04:28:09.178+0000] {processor.py:186} INFO - Started process (PID=6235) to work on /opt/airflow/dags/dbt_run_dag.py
[2025-04-22T04:28:09.178+0000] {processor.py:914} INFO - Processing file /opt/airflow/dags/dbt_run_dag.py for tasks to queue
[2025-04-22T04:28:09.182+0000] {logging_mixin.py:190} INFO - [2025-04-22T04:28:09.182+0000] {dagbag.py:587} INFO - Filling up the DagBag from /opt/airflow/dags/dbt_run_dag.py
[2025-04-22T04:28:09.193+0000] {processor.py:925} INFO - DAG(s) 'dbt_run_dag' retrieved from /opt/airflow/dags/dbt_run_dag.py
[2025-04-22T04:28:09.209+0000] {logging_mixin.py:190} INFO - [2025-04-22T04:28:09.209+0000] {dag.py:3229} INFO - Sync 1 DAGs
[2025-04-22T04:28:09.220+0000] {logging_mixin.py:190} INFO - [2025-04-22T04:28:09.220+0000] {dag.py:4156} INFO - Setting next_dagrun for dbt_run_dag to 2025-04-22 00:00:00+00:00, run_after=2025-04-23 00:00:00+00:00
[2025-04-22T04:28:09.231+0000] {processor.py:208} INFO - Processing /opt/airflow/dags/dbt_run_dag.py took 0.060 seconds
[2025-04-22T04:28:39.638+0000] {processor.py:186} INFO - Started process (PID=6250) to work on /opt/airflow/dags/dbt_run_dag.py
[2025-04-22T04:28:39.639+0000] {processor.py:914} INFO - Processing file /opt/airflow/dags/dbt_run_dag.py for tasks to queue
[2025-04-22T04:28:39.642+0000] {logging_mixin.py:190} INFO - [2025-04-22T04:28:39.642+0000] {dagbag.py:587} INFO - Filling up the DagBag from /opt/airflow/dags/dbt_run_dag.py
[2025-04-22T04:28:39.660+0000] {processor.py:925} INFO - DAG(s) 'dbt_run_dag' retrieved from /opt/airflow/dags/dbt_run_dag.py
[2025-04-22T04:28:39.675+0000] {logging_mixin.py:190} INFO - [2025-04-22T04:28:39.675+0000] {dag.py:3229} INFO - Sync 1 DAGs
[2025-04-22T04:28:39.685+0000] {logging_mixin.py:190} INFO - [2025-04-22T04:28:39.685+0000] {dag.py:4156} INFO - Setting next_dagrun for dbt_run_dag to 2025-04-22 00:00:00+00:00, run_after=2025-04-23 00:00:00+00:00
[2025-04-22T04:28:39.695+0000] {processor.py:208} INFO - Processing /opt/airflow/dags/dbt_run_dag.py took 0.063 seconds
[2025-04-22T04:29:10.083+0000] {processor.py:186} INFO - Started process (PID=6265) to work on /opt/airflow/dags/dbt_run_dag.py
[2025-04-22T04:29:10.088+0000] {processor.py:914} INFO - Processing file /opt/airflow/dags/dbt_run_dag.py for tasks to queue
[2025-04-22T04:29:10.091+0000] {logging_mixin.py:190} INFO - [2025-04-22T04:29:10.091+0000] {dagbag.py:587} INFO - Filling up the DagBag from /opt/airflow/dags/dbt_run_dag.py
[2025-04-22T04:29:10.105+0000] {processor.py:925} INFO - DAG(s) 'dbt_run_dag' retrieved from /opt/airflow/dags/dbt_run_dag.py
[2025-04-22T04:29:10.116+0000] {logging_mixin.py:190} INFO - [2025-04-22T04:29:10.116+0000] {dag.py:3229} INFO - Sync 1 DAGs
[2025-04-22T04:29:10.126+0000] {logging_mixin.py:190} INFO - [2025-04-22T04:29:10.126+0000] {dag.py:4156} INFO - Setting next_dagrun for dbt_run_dag to 2025-04-22 00:00:00+00:00, run_after=2025-04-23 00:00:00+00:00
[2025-04-22T04:29:10.135+0000] {processor.py:208} INFO - Processing /opt/airflow/dags/dbt_run_dag.py took 0.058 seconds
[2025-04-22T04:29:40.514+0000] {processor.py:186} INFO - Started process (PID=6280) to work on /opt/airflow/dags/dbt_run_dag.py
[2025-04-22T04:29:40.515+0000] {processor.py:914} INFO - Processing file /opt/airflow/dags/dbt_run_dag.py for tasks to queue
[2025-04-22T04:29:40.519+0000] {logging_mixin.py:190} INFO - [2025-04-22T04:29:40.518+0000] {dagbag.py:587} INFO - Filling up the DagBag from /opt/airflow/dags/dbt_run_dag.py
[2025-04-22T04:29:40.534+0000] {processor.py:925} INFO - DAG(s) 'dbt_run_dag' retrieved from /opt/airflow/dags/dbt_run_dag.py
[2025-04-22T04:29:40.547+0000] {logging_mixin.py:190} INFO - [2025-04-22T04:29:40.547+0000] {dag.py:3229} INFO - Sync 1 DAGs
[2025-04-22T04:29:40.560+0000] {logging_mixin.py:190} INFO - [2025-04-22T04:29:40.560+0000] {dag.py:4156} INFO - Setting next_dagrun for dbt_run_dag to 2025-04-22 00:00:00+00:00, run_after=2025-04-23 00:00:00+00:00
[2025-04-22T04:29:40.569+0000] {processor.py:208} INFO - Processing /opt/airflow/dags/dbt_run_dag.py took 0.062 seconds
[2025-04-22T04:30:10.867+0000] {processor.py:186} INFO - Started process (PID=6295) to work on /opt/airflow/dags/dbt_run_dag.py
[2025-04-22T04:30:10.869+0000] {processor.py:914} INFO - Processing file /opt/airflow/dags/dbt_run_dag.py for tasks to queue
[2025-04-22T04:30:10.872+0000] {logging_mixin.py:190} INFO - [2025-04-22T04:30:10.872+0000] {dagbag.py:587} INFO - Filling up the DagBag from /opt/airflow/dags/dbt_run_dag.py
[2025-04-22T04:30:10.883+0000] {processor.py:925} INFO - DAG(s) 'dbt_run_dag' retrieved from /opt/airflow/dags/dbt_run_dag.py
[2025-04-22T04:30:10.897+0000] {logging_mixin.py:190} INFO - [2025-04-22T04:30:10.897+0000] {dag.py:3229} INFO - Sync 1 DAGs
[2025-04-22T04:30:10.906+0000] {logging_mixin.py:190} INFO - [2025-04-22T04:30:10.906+0000] {dag.py:4156} INFO - Setting next_dagrun for dbt_run_dag to 2025-04-22 00:00:00+00:00, run_after=2025-04-23 00:00:00+00:00
[2025-04-22T04:30:10.916+0000] {processor.py:208} INFO - Processing /opt/airflow/dags/dbt_run_dag.py took 0.054 seconds
[2025-04-22T04:30:41.338+0000] {processor.py:186} INFO - Started process (PID=6310) to work on /opt/airflow/dags/dbt_run_dag.py
[2025-04-22T04:30:41.339+0000] {processor.py:914} INFO - Processing file /opt/airflow/dags/dbt_run_dag.py for tasks to queue
[2025-04-22T04:30:41.342+0000] {logging_mixin.py:190} INFO - [2025-04-22T04:30:41.342+0000] {dagbag.py:587} INFO - Filling up the DagBag from /opt/airflow/dags/dbt_run_dag.py
[2025-04-22T04:30:41.354+0000] {processor.py:925} INFO - DAG(s) 'dbt_run_dag' retrieved from /opt/airflow/dags/dbt_run_dag.py
[2025-04-22T04:30:41.367+0000] {logging_mixin.py:190} INFO - [2025-04-22T04:30:41.366+0000] {dag.py:3229} INFO - Sync 1 DAGs
[2025-04-22T04:30:41.378+0000] {logging_mixin.py:190} INFO - [2025-04-22T04:30:41.378+0000] {dag.py:4156} INFO - Setting next_dagrun for dbt_run_dag to 2025-04-22 00:00:00+00:00, run_after=2025-04-23 00:00:00+00:00
[2025-04-22T04:30:41.387+0000] {processor.py:208} INFO - Processing /opt/airflow/dags/dbt_run_dag.py took 0.057 seconds
[2025-04-22T04:31:11.781+0000] {processor.py:186} INFO - Started process (PID=6325) to work on /opt/airflow/dags/dbt_run_dag.py
[2025-04-22T04:31:11.785+0000] {processor.py:914} INFO - Processing file /opt/airflow/dags/dbt_run_dag.py for tasks to queue
[2025-04-22T04:31:11.788+0000] {logging_mixin.py:190} INFO - [2025-04-22T04:31:11.788+0000] {dagbag.py:587} INFO - Filling up the DagBag from /opt/airflow/dags/dbt_run_dag.py
[2025-04-22T04:31:11.809+0000] {processor.py:925} INFO - DAG(s) 'dbt_run_dag' retrieved from /opt/airflow/dags/dbt_run_dag.py
[2025-04-22T04:31:11.827+0000] {logging_mixin.py:190} INFO - [2025-04-22T04:31:11.827+0000] {dag.py:3229} INFO - Sync 1 DAGs
[2025-04-22T04:31:11.842+0000] {logging_mixin.py:190} INFO - [2025-04-22T04:31:11.842+0000] {dag.py:4156} INFO - Setting next_dagrun for dbt_run_dag to 2025-04-22 00:00:00+00:00, run_after=2025-04-23 00:00:00+00:00
[2025-04-22T04:31:11.852+0000] {processor.py:208} INFO - Processing /opt/airflow/dags/dbt_run_dag.py took 0.079 seconds
[2025-04-22T04:31:42.214+0000] {processor.py:186} INFO - Started process (PID=6340) to work on /opt/airflow/dags/dbt_run_dag.py
[2025-04-22T04:31:42.215+0000] {processor.py:914} INFO - Processing file /opt/airflow/dags/dbt_run_dag.py for tasks to queue
[2025-04-22T04:31:42.217+0000] {logging_mixin.py:190} INFO - [2025-04-22T04:31:42.217+0000] {dagbag.py:587} INFO - Filling up the DagBag from /opt/airflow/dags/dbt_run_dag.py
[2025-04-22T04:31:42.231+0000] {processor.py:925} INFO - DAG(s) 'dbt_run_dag' retrieved from /opt/airflow/dags/dbt_run_dag.py
[2025-04-22T04:31:42.243+0000] {logging_mixin.py:190} INFO - [2025-04-22T04:31:42.243+0000] {dag.py:3229} INFO - Sync 1 DAGs
[2025-04-22T04:31:42.252+0000] {logging_mixin.py:190} INFO - [2025-04-22T04:31:42.252+0000] {dag.py:4156} INFO - Setting next_dagrun for dbt_run_dag to 2025-04-22 00:00:00+00:00, run_after=2025-04-23 00:00:00+00:00
[2025-04-22T04:31:42.259+0000] {processor.py:208} INFO - Processing /opt/airflow/dags/dbt_run_dag.py took 0.049 seconds
[2025-04-22T04:32:12.671+0000] {processor.py:186} INFO - Started process (PID=6355) to work on /opt/airflow/dags/dbt_run_dag.py
[2025-04-22T04:32:12.672+0000] {processor.py:914} INFO - Processing file /opt/airflow/dags/dbt_run_dag.py for tasks to queue
[2025-04-22T04:32:12.676+0000] {logging_mixin.py:190} INFO - [2025-04-22T04:32:12.675+0000] {dagbag.py:587} INFO - Filling up the DagBag from /opt/airflow/dags/dbt_run_dag.py
[2025-04-22T04:32:12.688+0000] {processor.py:925} INFO - DAG(s) 'dbt_run_dag' retrieved from /opt/airflow/dags/dbt_run_dag.py
[2025-04-22T04:32:12.703+0000] {logging_mixin.py:190} INFO - [2025-04-22T04:32:12.703+0000] {dag.py:3229} INFO - Sync 1 DAGs
[2025-04-22T04:32:12.713+0000] {logging_mixin.py:190} INFO - [2025-04-22T04:32:12.713+0000] {dag.py:4156} INFO - Setting next_dagrun for dbt_run_dag to 2025-04-22 00:00:00+00:00, run_after=2025-04-23 00:00:00+00:00
[2025-04-22T04:32:12.720+0000] {processor.py:208} INFO - Processing /opt/airflow/dags/dbt_run_dag.py took 0.056 seconds
[2025-04-22T04:32:43.094+0000] {processor.py:186} INFO - Started process (PID=6370) to work on /opt/airflow/dags/dbt_run_dag.py
[2025-04-22T04:32:43.096+0000] {processor.py:914} INFO - Processing file /opt/airflow/dags/dbt_run_dag.py for tasks to queue
[2025-04-22T04:32:43.101+0000] {logging_mixin.py:190} INFO - [2025-04-22T04:32:43.101+0000] {dagbag.py:587} INFO - Filling up the DagBag from /opt/airflow/dags/dbt_run_dag.py
[2025-04-22T04:32:43.115+0000] {processor.py:925} INFO - DAG(s) 'dbt_run_dag' retrieved from /opt/airflow/dags/dbt_run_dag.py
[2025-04-22T04:32:43.127+0000] {logging_mixin.py:190} INFO - [2025-04-22T04:32:43.127+0000] {dag.py:3229} INFO - Sync 1 DAGs
[2025-04-22T04:32:43.139+0000] {logging_mixin.py:190} INFO - [2025-04-22T04:32:43.139+0000] {dag.py:4156} INFO - Setting next_dagrun for dbt_run_dag to 2025-04-22 00:00:00+00:00, run_after=2025-04-23 00:00:00+00:00
[2025-04-22T04:32:43.148+0000] {processor.py:208} INFO - Processing /opt/airflow/dags/dbt_run_dag.py took 0.060 seconds
[2025-04-22T04:33:13.497+0000] {processor.py:186} INFO - Started process (PID=6385) to work on /opt/airflow/dags/dbt_run_dag.py
[2025-04-22T04:33:13.498+0000] {processor.py:914} INFO - Processing file /opt/airflow/dags/dbt_run_dag.py for tasks to queue
[2025-04-22T04:33:13.500+0000] {logging_mixin.py:190} INFO - [2025-04-22T04:33:13.500+0000] {dagbag.py:587} INFO - Filling up the DagBag from /opt/airflow/dags/dbt_run_dag.py
[2025-04-22T04:33:13.508+0000] {processor.py:925} INFO - DAG(s) 'dbt_run_dag' retrieved from /opt/airflow/dags/dbt_run_dag.py
[2025-04-22T04:33:13.523+0000] {logging_mixin.py:190} INFO - [2025-04-22T04:33:13.523+0000] {dag.py:3229} INFO - Sync 1 DAGs
[2025-04-22T04:33:13.535+0000] {logging_mixin.py:190} INFO - [2025-04-22T04:33:13.535+0000] {dag.py:4156} INFO - Setting next_dagrun for dbt_run_dag to 2025-04-22 00:00:00+00:00, run_after=2025-04-23 00:00:00+00:00
[2025-04-22T04:33:13.544+0000] {processor.py:208} INFO - Processing /opt/airflow/dags/dbt_run_dag.py took 0.050 seconds
[2025-04-22T04:33:43.924+0000] {processor.py:186} INFO - Started process (PID=6400) to work on /opt/airflow/dags/dbt_run_dag.py
[2025-04-22T04:33:43.925+0000] {processor.py:914} INFO - Processing file /opt/airflow/dags/dbt_run_dag.py for tasks to queue
[2025-04-22T04:33:43.927+0000] {logging_mixin.py:190} INFO - [2025-04-22T04:33:43.926+0000] {dagbag.py:587} INFO - Filling up the DagBag from /opt/airflow/dags/dbt_run_dag.py
[2025-04-22T04:33:43.935+0000] {processor.py:925} INFO - DAG(s) 'dbt_run_dag' retrieved from /opt/airflow/dags/dbt_run_dag.py
[2025-04-22T04:33:43.950+0000] {logging_mixin.py:190} INFO - [2025-04-22T04:33:43.950+0000] {dag.py:3229} INFO - Sync 1 DAGs
[2025-04-22T04:33:43.962+0000] {logging_mixin.py:190} INFO - [2025-04-22T04:33:43.962+0000] {dag.py:4156} INFO - Setting next_dagrun for dbt_run_dag to 2025-04-22 00:00:00+00:00, run_after=2025-04-23 00:00:00+00:00
[2025-04-22T04:33:43.969+0000] {processor.py:208} INFO - Processing /opt/airflow/dags/dbt_run_dag.py took 0.051 seconds
[2025-04-22T04:34:14.317+0000] {processor.py:186} INFO - Started process (PID=6415) to work on /opt/airflow/dags/dbt_run_dag.py
[2025-04-22T04:34:14.318+0000] {processor.py:914} INFO - Processing file /opt/airflow/dags/dbt_run_dag.py for tasks to queue
[2025-04-22T04:34:14.319+0000] {logging_mixin.py:190} INFO - [2025-04-22T04:34:14.319+0000] {dagbag.py:587} INFO - Filling up the DagBag from /opt/airflow/dags/dbt_run_dag.py
[2025-04-22T04:34:14.327+0000] {processor.py:925} INFO - DAG(s) 'dbt_run_dag' retrieved from /opt/airflow/dags/dbt_run_dag.py
[2025-04-22T04:34:14.342+0000] {logging_mixin.py:190} INFO - [2025-04-22T04:34:14.342+0000] {dag.py:3229} INFO - Sync 1 DAGs
[2025-04-22T04:34:14.351+0000] {logging_mixin.py:190} INFO - [2025-04-22T04:34:14.351+0000] {dag.py:4156} INFO - Setting next_dagrun for dbt_run_dag to 2025-04-22 00:00:00+00:00, run_after=2025-04-23 00:00:00+00:00
[2025-04-22T04:34:14.359+0000] {processor.py:208} INFO - Processing /opt/airflow/dags/dbt_run_dag.py took 0.046 seconds
[2025-04-22T04:34:44.751+0000] {processor.py:186} INFO - Started process (PID=6430) to work on /opt/airflow/dags/dbt_run_dag.py
[2025-04-22T04:34:44.753+0000] {processor.py:914} INFO - Processing file /opt/airflow/dags/dbt_run_dag.py for tasks to queue
[2025-04-22T04:34:44.756+0000] {logging_mixin.py:190} INFO - [2025-04-22T04:34:44.755+0000] {dagbag.py:587} INFO - Filling up the DagBag from /opt/airflow/dags/dbt_run_dag.py
[2025-04-22T04:34:44.773+0000] {processor.py:925} INFO - DAG(s) 'dbt_run_dag' retrieved from /opt/airflow/dags/dbt_run_dag.py
[2025-04-22T04:34:44.792+0000] {logging_mixin.py:190} INFO - [2025-04-22T04:34:44.792+0000] {dag.py:3229} INFO - Sync 1 DAGs
[2025-04-22T04:34:44.807+0000] {logging_mixin.py:190} INFO - [2025-04-22T04:34:44.807+0000] {dag.py:4156} INFO - Setting next_dagrun for dbt_run_dag to 2025-04-22 00:00:00+00:00, run_after=2025-04-23 00:00:00+00:00
[2025-04-22T04:34:44.818+0000] {processor.py:208} INFO - Processing /opt/airflow/dags/dbt_run_dag.py took 0.075 seconds
[2025-04-22T04:35:15.170+0000] {processor.py:186} INFO - Started process (PID=6445) to work on /opt/airflow/dags/dbt_run_dag.py
[2025-04-22T04:35:15.171+0000] {processor.py:914} INFO - Processing file /opt/airflow/dags/dbt_run_dag.py for tasks to queue
[2025-04-22T04:35:15.174+0000] {logging_mixin.py:190} INFO - [2025-04-22T04:35:15.174+0000] {dagbag.py:587} INFO - Filling up the DagBag from /opt/airflow/dags/dbt_run_dag.py
[2025-04-22T04:35:15.187+0000] {processor.py:925} INFO - DAG(s) 'dbt_run_dag' retrieved from /opt/airflow/dags/dbt_run_dag.py
[2025-04-22T04:35:15.203+0000] {logging_mixin.py:190} INFO - [2025-04-22T04:35:15.203+0000] {dag.py:3229} INFO - Sync 1 DAGs
[2025-04-22T04:35:15.215+0000] {logging_mixin.py:190} INFO - [2025-04-22T04:35:15.215+0000] {dag.py:4156} INFO - Setting next_dagrun for dbt_run_dag to 2025-04-22 00:00:00+00:00, run_after=2025-04-23 00:00:00+00:00
[2025-04-22T04:35:15.224+0000] {processor.py:208} INFO - Processing /opt/airflow/dags/dbt_run_dag.py took 0.062 seconds
[2025-04-22T04:35:45.629+0000] {processor.py:186} INFO - Started process (PID=6460) to work on /opt/airflow/dags/dbt_run_dag.py
[2025-04-22T04:35:45.630+0000] {processor.py:914} INFO - Processing file /opt/airflow/dags/dbt_run_dag.py for tasks to queue
[2025-04-22T04:35:45.634+0000] {logging_mixin.py:190} INFO - [2025-04-22T04:35:45.634+0000] {dagbag.py:587} INFO - Filling up the DagBag from /opt/airflow/dags/dbt_run_dag.py
[2025-04-22T04:35:45.647+0000] {processor.py:925} INFO - DAG(s) 'dbt_run_dag' retrieved from /opt/airflow/dags/dbt_run_dag.py
[2025-04-22T04:35:45.666+0000] {logging_mixin.py:190} INFO - [2025-04-22T04:35:45.666+0000] {dag.py:3229} INFO - Sync 1 DAGs
[2025-04-22T04:35:45.680+0000] {logging_mixin.py:190} INFO - [2025-04-22T04:35:45.680+0000] {dag.py:4156} INFO - Setting next_dagrun for dbt_run_dag to 2025-04-22 00:00:00+00:00, run_after=2025-04-23 00:00:00+00:00
[2025-04-22T04:35:45.691+0000] {processor.py:208} INFO - Processing /opt/airflow/dags/dbt_run_dag.py took 0.070 seconds
[2025-04-22T04:36:16.080+0000] {processor.py:186} INFO - Started process (PID=6475) to work on /opt/airflow/dags/dbt_run_dag.py
[2025-04-22T04:36:16.081+0000] {processor.py:914} INFO - Processing file /opt/airflow/dags/dbt_run_dag.py for tasks to queue
[2025-04-22T04:36:16.082+0000] {logging_mixin.py:190} INFO - [2025-04-22T04:36:16.082+0000] {dagbag.py:587} INFO - Filling up the DagBag from /opt/airflow/dags/dbt_run_dag.py
[2025-04-22T04:36:16.092+0000] {processor.py:925} INFO - DAG(s) 'dbt_run_dag' retrieved from /opt/airflow/dags/dbt_run_dag.py
[2025-04-22T04:36:16.104+0000] {logging_mixin.py:190} INFO - [2025-04-22T04:36:16.104+0000] {dag.py:3229} INFO - Sync 1 DAGs
[2025-04-22T04:36:16.117+0000] {logging_mixin.py:190} INFO - [2025-04-22T04:36:16.117+0000] {dag.py:4156} INFO - Setting next_dagrun for dbt_run_dag to 2025-04-22 00:00:00+00:00, run_after=2025-04-23 00:00:00+00:00
[2025-04-22T04:36:16.128+0000] {processor.py:208} INFO - Processing /opt/airflow/dags/dbt_run_dag.py took 0.052 seconds
[2025-04-22T04:36:46.542+0000] {processor.py:186} INFO - Started process (PID=6490) to work on /opt/airflow/dags/dbt_run_dag.py
[2025-04-22T04:36:46.544+0000] {processor.py:914} INFO - Processing file /opt/airflow/dags/dbt_run_dag.py for tasks to queue
[2025-04-22T04:36:46.548+0000] {logging_mixin.py:190} INFO - [2025-04-22T04:36:46.548+0000] {dagbag.py:587} INFO - Filling up the DagBag from /opt/airflow/dags/dbt_run_dag.py
[2025-04-22T04:36:46.558+0000] {processor.py:925} INFO - DAG(s) 'dbt_run_dag' retrieved from /opt/airflow/dags/dbt_run_dag.py
[2025-04-22T04:36:46.570+0000] {logging_mixin.py:190} INFO - [2025-04-22T04:36:46.570+0000] {dag.py:3229} INFO - Sync 1 DAGs
[2025-04-22T04:36:46.579+0000] {logging_mixin.py:190} INFO - [2025-04-22T04:36:46.579+0000] {dag.py:4156} INFO - Setting next_dagrun for dbt_run_dag to 2025-04-22 00:00:00+00:00, run_after=2025-04-23 00:00:00+00:00
[2025-04-22T04:36:46.589+0000] {processor.py:208} INFO - Processing /opt/airflow/dags/dbt_run_dag.py took 0.054 seconds
[2025-04-22T04:37:17.007+0000] {processor.py:186} INFO - Started process (PID=6505) to work on /opt/airflow/dags/dbt_run_dag.py
[2025-04-22T04:37:17.008+0000] {processor.py:914} INFO - Processing file /opt/airflow/dags/dbt_run_dag.py for tasks to queue
[2025-04-22T04:37:17.012+0000] {logging_mixin.py:190} INFO - [2025-04-22T04:37:17.012+0000] {dagbag.py:587} INFO - Filling up the DagBag from /opt/airflow/dags/dbt_run_dag.py
[2025-04-22T04:37:17.027+0000] {processor.py:925} INFO - DAG(s) 'dbt_run_dag' retrieved from /opt/airflow/dags/dbt_run_dag.py
[2025-04-22T04:37:17.049+0000] {logging_mixin.py:190} INFO - [2025-04-22T04:37:17.049+0000] {dag.py:3229} INFO - Sync 1 DAGs
[2025-04-22T04:37:17.067+0000] {logging_mixin.py:190} INFO - [2025-04-22T04:37:17.067+0000] {dag.py:4156} INFO - Setting next_dagrun for dbt_run_dag to 2025-04-22 00:00:00+00:00, run_after=2025-04-23 00:00:00+00:00
[2025-04-22T04:37:17.080+0000] {processor.py:208} INFO - Processing /opt/airflow/dags/dbt_run_dag.py took 0.080 seconds
[2025-04-22T04:37:47.439+0000] {processor.py:186} INFO - Started process (PID=6520) to work on /opt/airflow/dags/dbt_run_dag.py
[2025-04-22T04:37:47.441+0000] {processor.py:914} INFO - Processing file /opt/airflow/dags/dbt_run_dag.py for tasks to queue
[2025-04-22T04:37:47.443+0000] {logging_mixin.py:190} INFO - [2025-04-22T04:37:47.443+0000] {dagbag.py:587} INFO - Filling up the DagBag from /opt/airflow/dags/dbt_run_dag.py
[2025-04-22T04:37:47.455+0000] {processor.py:925} INFO - DAG(s) 'dbt_run_dag' retrieved from /opt/airflow/dags/dbt_run_dag.py
[2025-04-22T04:37:47.468+0000] {logging_mixin.py:190} INFO - [2025-04-22T04:37:47.468+0000] {dag.py:3229} INFO - Sync 1 DAGs
[2025-04-22T04:37:47.479+0000] {logging_mixin.py:190} INFO - [2025-04-22T04:37:47.479+0000] {dag.py:4156} INFO - Setting next_dagrun for dbt_run_dag to 2025-04-22 00:00:00+00:00, run_after=2025-04-23 00:00:00+00:00
[2025-04-22T04:37:47.489+0000] {processor.py:208} INFO - Processing /opt/airflow/dags/dbt_run_dag.py took 0.055 seconds
[2025-04-22T04:38:17.877+0000] {processor.py:186} INFO - Started process (PID=6535) to work on /opt/airflow/dags/dbt_run_dag.py
[2025-04-22T04:38:17.878+0000] {processor.py:914} INFO - Processing file /opt/airflow/dags/dbt_run_dag.py for tasks to queue
[2025-04-22T04:38:17.882+0000] {logging_mixin.py:190} INFO - [2025-04-22T04:38:17.881+0000] {dagbag.py:587} INFO - Filling up the DagBag from /opt/airflow/dags/dbt_run_dag.py
[2025-04-22T04:38:17.893+0000] {processor.py:925} INFO - DAG(s) 'dbt_run_dag' retrieved from /opt/airflow/dags/dbt_run_dag.py
[2025-04-22T04:38:17.908+0000] {logging_mixin.py:190} INFO - [2025-04-22T04:38:17.908+0000] {dag.py:3229} INFO - Sync 1 DAGs
[2025-04-22T04:38:17.919+0000] {logging_mixin.py:190} INFO - [2025-04-22T04:38:17.919+0000] {dag.py:4156} INFO - Setting next_dagrun for dbt_run_dag to 2025-04-22 00:00:00+00:00, run_after=2025-04-23 00:00:00+00:00
[2025-04-22T04:38:17.928+0000] {processor.py:208} INFO - Processing /opt/airflow/dags/dbt_run_dag.py took 0.057 seconds
[2025-04-22T04:38:48.281+0000] {processor.py:186} INFO - Started process (PID=6550) to work on /opt/airflow/dags/dbt_run_dag.py
[2025-04-22T04:38:48.283+0000] {processor.py:914} INFO - Processing file /opt/airflow/dags/dbt_run_dag.py for tasks to queue
[2025-04-22T04:38:48.285+0000] {logging_mixin.py:190} INFO - [2025-04-22T04:38:48.285+0000] {dagbag.py:587} INFO - Filling up the DagBag from /opt/airflow/dags/dbt_run_dag.py
[2025-04-22T04:38:48.298+0000] {processor.py:925} INFO - DAG(s) 'dbt_run_dag' retrieved from /opt/airflow/dags/dbt_run_dag.py
[2025-04-22T04:38:48.315+0000] {logging_mixin.py:190} INFO - [2025-04-22T04:38:48.315+0000] {dag.py:3229} INFO - Sync 1 DAGs
[2025-04-22T04:38:48.327+0000] {logging_mixin.py:190} INFO - [2025-04-22T04:38:48.327+0000] {dag.py:4156} INFO - Setting next_dagrun for dbt_run_dag to 2025-04-22 00:00:00+00:00, run_after=2025-04-23 00:00:00+00:00
[2025-04-22T04:38:48.338+0000] {processor.py:208} INFO - Processing /opt/airflow/dags/dbt_run_dag.py took 0.064 seconds
[2025-04-22T04:39:18.724+0000] {processor.py:186} INFO - Started process (PID=6565) to work on /opt/airflow/dags/dbt_run_dag.py
[2025-04-22T04:39:18.726+0000] {processor.py:914} INFO - Processing file /opt/airflow/dags/dbt_run_dag.py for tasks to queue
[2025-04-22T04:39:18.727+0000] {logging_mixin.py:190} INFO - [2025-04-22T04:39:18.727+0000] {dagbag.py:587} INFO - Filling up the DagBag from /opt/airflow/dags/dbt_run_dag.py
[2025-04-22T04:39:18.739+0000] {processor.py:925} INFO - DAG(s) 'dbt_run_dag' retrieved from /opt/airflow/dags/dbt_run_dag.py
[2025-04-22T04:39:18.759+0000] {logging_mixin.py:190} INFO - [2025-04-22T04:39:18.759+0000] {dag.py:3229} INFO - Sync 1 DAGs
[2025-04-22T04:39:18.771+0000] {logging_mixin.py:190} INFO - [2025-04-22T04:39:18.770+0000] {dag.py:4156} INFO - Setting next_dagrun for dbt_run_dag to 2025-04-22 00:00:00+00:00, run_after=2025-04-23 00:00:00+00:00
[2025-04-22T04:39:18.781+0000] {processor.py:208} INFO - Processing /opt/airflow/dags/dbt_run_dag.py took 0.063 seconds
[2025-04-22T04:39:49.176+0000] {processor.py:186} INFO - Started process (PID=6580) to work on /opt/airflow/dags/dbt_run_dag.py
[2025-04-22T04:39:49.177+0000] {processor.py:914} INFO - Processing file /opt/airflow/dags/dbt_run_dag.py for tasks to queue
[2025-04-22T04:39:49.181+0000] {logging_mixin.py:190} INFO - [2025-04-22T04:39:49.180+0000] {dagbag.py:587} INFO - Filling up the DagBag from /opt/airflow/dags/dbt_run_dag.py
[2025-04-22T04:39:49.201+0000] {processor.py:925} INFO - DAG(s) 'dbt_run_dag' retrieved from /opt/airflow/dags/dbt_run_dag.py
[2025-04-22T04:39:49.228+0000] {logging_mixin.py:190} INFO - [2025-04-22T04:39:49.228+0000] {dag.py:3229} INFO - Sync 1 DAGs
[2025-04-22T04:39:49.248+0000] {logging_mixin.py:190} INFO - [2025-04-22T04:39:49.248+0000] {dag.py:4156} INFO - Setting next_dagrun for dbt_run_dag to 2025-04-22 00:00:00+00:00, run_after=2025-04-23 00:00:00+00:00
[2025-04-22T04:39:49.262+0000] {processor.py:208} INFO - Processing /opt/airflow/dags/dbt_run_dag.py took 0.104 seconds
[2025-04-22T04:40:19.718+0000] {processor.py:186} INFO - Started process (PID=6595) to work on /opt/airflow/dags/dbt_run_dag.py
[2025-04-22T04:40:19.720+0000] {processor.py:914} INFO - Processing file /opt/airflow/dags/dbt_run_dag.py for tasks to queue
[2025-04-22T04:40:19.723+0000] {logging_mixin.py:190} INFO - [2025-04-22T04:40:19.723+0000] {dagbag.py:587} INFO - Filling up the DagBag from /opt/airflow/dags/dbt_run_dag.py
[2025-04-22T04:40:19.737+0000] {processor.py:925} INFO - DAG(s) 'dbt_run_dag' retrieved from /opt/airflow/dags/dbt_run_dag.py
[2025-04-22T04:40:19.763+0000] {logging_mixin.py:190} INFO - [2025-04-22T04:40:19.763+0000] {dag.py:3229} INFO - Sync 1 DAGs
[2025-04-22T04:40:19.775+0000] {logging_mixin.py:190} INFO - [2025-04-22T04:40:19.775+0000] {dag.py:4156} INFO - Setting next_dagrun for dbt_run_dag to 2025-04-22 00:00:00+00:00, run_after=2025-04-23 00:00:00+00:00
[2025-04-22T04:40:19.785+0000] {processor.py:208} INFO - Processing /opt/airflow/dags/dbt_run_dag.py took 0.077 seconds
[2025-04-22T04:40:50.182+0000] {processor.py:186} INFO - Started process (PID=6610) to work on /opt/airflow/dags/dbt_run_dag.py
[2025-04-22T04:40:50.183+0000] {processor.py:914} INFO - Processing file /opt/airflow/dags/dbt_run_dag.py for tasks to queue
[2025-04-22T04:40:50.187+0000] {logging_mixin.py:190} INFO - [2025-04-22T04:40:50.187+0000] {dagbag.py:587} INFO - Filling up the DagBag from /opt/airflow/dags/dbt_run_dag.py
[2025-04-22T04:40:50.202+0000] {processor.py:925} INFO - DAG(s) 'dbt_run_dag' retrieved from /opt/airflow/dags/dbt_run_dag.py
[2025-04-22T04:40:50.222+0000] {logging_mixin.py:190} INFO - [2025-04-22T04:40:50.221+0000] {dag.py:3229} INFO - Sync 1 DAGs
[2025-04-22T04:40:50.235+0000] {logging_mixin.py:190} INFO - [2025-04-22T04:40:50.235+0000] {dag.py:4156} INFO - Setting next_dagrun for dbt_run_dag to 2025-04-22 00:00:00+00:00, run_after=2025-04-23 00:00:00+00:00
[2025-04-22T04:40:50.246+0000] {processor.py:208} INFO - Processing /opt/airflow/dags/dbt_run_dag.py took 0.071 seconds
[2025-04-22T04:41:20.640+0000] {processor.py:186} INFO - Started process (PID=6625) to work on /opt/airflow/dags/dbt_run_dag.py
[2025-04-22T04:41:20.643+0000] {processor.py:914} INFO - Processing file /opt/airflow/dags/dbt_run_dag.py for tasks to queue
[2025-04-22T04:41:20.646+0000] {logging_mixin.py:190} INFO - [2025-04-22T04:41:20.646+0000] {dagbag.py:587} INFO - Filling up the DagBag from /opt/airflow/dags/dbt_run_dag.py
[2025-04-22T04:41:20.661+0000] {processor.py:925} INFO - DAG(s) 'dbt_run_dag' retrieved from /opt/airflow/dags/dbt_run_dag.py
[2025-04-22T04:41:20.681+0000] {logging_mixin.py:190} INFO - [2025-04-22T04:41:20.681+0000] {dag.py:3229} INFO - Sync 1 DAGs
[2025-04-22T04:41:20.696+0000] {logging_mixin.py:190} INFO - [2025-04-22T04:41:20.696+0000] {dag.py:4156} INFO - Setting next_dagrun for dbt_run_dag to 2025-04-22 00:00:00+00:00, run_after=2025-04-23 00:00:00+00:00
[2025-04-22T04:41:20.706+0000] {processor.py:208} INFO - Processing /opt/airflow/dags/dbt_run_dag.py took 0.071 seconds
[2025-04-22T04:41:51.138+0000] {processor.py:186} INFO - Started process (PID=6640) to work on /opt/airflow/dags/dbt_run_dag.py
[2025-04-22T04:41:51.139+0000] {processor.py:914} INFO - Processing file /opt/airflow/dags/dbt_run_dag.py for tasks to queue
[2025-04-22T04:41:51.142+0000] {logging_mixin.py:190} INFO - [2025-04-22T04:41:51.141+0000] {dagbag.py:587} INFO - Filling up the DagBag from /opt/airflow/dags/dbt_run_dag.py
[2025-04-22T04:41:51.150+0000] {processor.py:925} INFO - DAG(s) 'dbt_run_dag' retrieved from /opt/airflow/dags/dbt_run_dag.py
[2025-04-22T04:41:51.167+0000] {logging_mixin.py:190} INFO - [2025-04-22T04:41:51.166+0000] {dag.py:3229} INFO - Sync 1 DAGs
[2025-04-22T04:41:51.180+0000] {logging_mixin.py:190} INFO - [2025-04-22T04:41:51.180+0000] {dag.py:4156} INFO - Setting next_dagrun for dbt_run_dag to 2025-04-22 00:00:00+00:00, run_after=2025-04-23 00:00:00+00:00
[2025-04-22T04:41:51.189+0000] {processor.py:208} INFO - Processing /opt/airflow/dags/dbt_run_dag.py took 0.057 seconds
[2025-04-22T04:42:21.575+0000] {processor.py:186} INFO - Started process (PID=6655) to work on /opt/airflow/dags/dbt_run_dag.py
[2025-04-22T04:42:21.581+0000] {processor.py:914} INFO - Processing file /opt/airflow/dags/dbt_run_dag.py for tasks to queue
[2025-04-22T04:42:21.584+0000] {logging_mixin.py:190} INFO - [2025-04-22T04:42:21.584+0000] {dagbag.py:587} INFO - Filling up the DagBag from /opt/airflow/dags/dbt_run_dag.py
[2025-04-22T04:42:21.593+0000] {processor.py:925} INFO - DAG(s) 'dbt_run_dag' retrieved from /opt/airflow/dags/dbt_run_dag.py
[2025-04-22T04:42:21.605+0000] {logging_mixin.py:190} INFO - [2025-04-22T04:42:21.604+0000] {dag.py:3229} INFO - Sync 1 DAGs
[2025-04-22T04:42:21.614+0000] {logging_mixin.py:190} INFO - [2025-04-22T04:42:21.614+0000] {dag.py:4156} INFO - Setting next_dagrun for dbt_run_dag to 2025-04-22 00:00:00+00:00, run_after=2025-04-23 00:00:00+00:00
[2025-04-22T04:42:21.621+0000] {processor.py:208} INFO - Processing /opt/airflow/dags/dbt_run_dag.py took 0.053 seconds
[2025-04-22T04:42:51.983+0000] {processor.py:186} INFO - Started process (PID=6670) to work on /opt/airflow/dags/dbt_run_dag.py
[2025-04-22T04:42:51.983+0000] {processor.py:914} INFO - Processing file /opt/airflow/dags/dbt_run_dag.py for tasks to queue
[2025-04-22T04:42:51.985+0000] {logging_mixin.py:190} INFO - [2025-04-22T04:42:51.985+0000] {dagbag.py:587} INFO - Filling up the DagBag from /opt/airflow/dags/dbt_run_dag.py
[2025-04-22T04:42:51.994+0000] {processor.py:925} INFO - DAG(s) 'dbt_run_dag' retrieved from /opt/airflow/dags/dbt_run_dag.py
[2025-04-22T04:42:52.011+0000] {logging_mixin.py:190} INFO - [2025-04-22T04:42:52.011+0000] {dag.py:3229} INFO - Sync 1 DAGs
[2025-04-22T04:42:52.023+0000] {logging_mixin.py:190} INFO - [2025-04-22T04:42:52.023+0000] {dag.py:4156} INFO - Setting next_dagrun for dbt_run_dag to 2025-04-22 00:00:00+00:00, run_after=2025-04-23 00:00:00+00:00
[2025-04-22T04:42:52.032+0000] {processor.py:208} INFO - Processing /opt/airflow/dags/dbt_run_dag.py took 0.054 seconds
[2025-04-22T04:43:22.417+0000] {processor.py:186} INFO - Started process (PID=6685) to work on /opt/airflow/dags/dbt_run_dag.py
[2025-04-22T04:43:22.418+0000] {processor.py:914} INFO - Processing file /opt/airflow/dags/dbt_run_dag.py for tasks to queue
[2025-04-22T04:43:22.419+0000] {logging_mixin.py:190} INFO - [2025-04-22T04:43:22.419+0000] {dagbag.py:587} INFO - Filling up the DagBag from /opt/airflow/dags/dbt_run_dag.py
[2025-04-22T04:43:22.428+0000] {processor.py:925} INFO - DAG(s) 'dbt_run_dag' retrieved from /opt/airflow/dags/dbt_run_dag.py
[2025-04-22T04:43:22.444+0000] {logging_mixin.py:190} INFO - [2025-04-22T04:43:22.444+0000] {dag.py:3229} INFO - Sync 1 DAGs
[2025-04-22T04:43:22.457+0000] {logging_mixin.py:190} INFO - [2025-04-22T04:43:22.457+0000] {dag.py:4156} INFO - Setting next_dagrun for dbt_run_dag to 2025-04-22 00:00:00+00:00, run_after=2025-04-23 00:00:00+00:00
[2025-04-22T04:43:22.467+0000] {processor.py:208} INFO - Processing /opt/airflow/dags/dbt_run_dag.py took 0.053 seconds
[2025-04-22T04:43:52.877+0000] {processor.py:186} INFO - Started process (PID=6700) to work on /opt/airflow/dags/dbt_run_dag.py
[2025-04-22T04:43:52.878+0000] {processor.py:914} INFO - Processing file /opt/airflow/dags/dbt_run_dag.py for tasks to queue
[2025-04-22T04:43:52.881+0000] {logging_mixin.py:190} INFO - [2025-04-22T04:43:52.881+0000] {dagbag.py:587} INFO - Filling up the DagBag from /opt/airflow/dags/dbt_run_dag.py
[2025-04-22T04:43:52.894+0000] {processor.py:925} INFO - DAG(s) 'dbt_run_dag' retrieved from /opt/airflow/dags/dbt_run_dag.py
[2025-04-22T04:43:52.910+0000] {logging_mixin.py:190} INFO - [2025-04-22T04:43:52.910+0000] {dag.py:3229} INFO - Sync 1 DAGs
[2025-04-22T04:43:52.921+0000] {logging_mixin.py:190} INFO - [2025-04-22T04:43:52.921+0000] {dag.py:4156} INFO - Setting next_dagrun for dbt_run_dag to 2025-04-22 00:00:00+00:00, run_after=2025-04-23 00:00:00+00:00
[2025-04-22T04:43:52.930+0000] {processor.py:208} INFO - Processing /opt/airflow/dags/dbt_run_dag.py took 0.059 seconds
[2025-04-22T04:44:23.326+0000] {processor.py:186} INFO - Started process (PID=6715) to work on /opt/airflow/dags/dbt_run_dag.py
[2025-04-22T04:44:23.327+0000] {processor.py:914} INFO - Processing file /opt/airflow/dags/dbt_run_dag.py for tasks to queue
[2025-04-22T04:44:23.331+0000] {logging_mixin.py:190} INFO - [2025-04-22T04:44:23.331+0000] {dagbag.py:587} INFO - Filling up the DagBag from /opt/airflow/dags/dbt_run_dag.py
[2025-04-22T04:44:23.345+0000] {processor.py:925} INFO - DAG(s) 'dbt_run_dag' retrieved from /opt/airflow/dags/dbt_run_dag.py
[2025-04-22T04:44:23.365+0000] {logging_mixin.py:190} INFO - [2025-04-22T04:44:23.365+0000] {dag.py:3229} INFO - Sync 1 DAGs
[2025-04-22T04:44:23.383+0000] {logging_mixin.py:190} INFO - [2025-04-22T04:44:23.382+0000] {dag.py:4156} INFO - Setting next_dagrun for dbt_run_dag to 2025-04-22 00:00:00+00:00, run_after=2025-04-23 00:00:00+00:00
[2025-04-22T04:44:23.395+0000] {processor.py:208} INFO - Processing /opt/airflow/dags/dbt_run_dag.py took 0.075 seconds
[2025-04-22T04:44:53.823+0000] {processor.py:186} INFO - Started process (PID=6730) to work on /opt/airflow/dags/dbt_run_dag.py
[2025-04-22T04:44:53.825+0000] {processor.py:914} INFO - Processing file /opt/airflow/dags/dbt_run_dag.py for tasks to queue
[2025-04-22T04:44:53.832+0000] {logging_mixin.py:190} INFO - [2025-04-22T04:44:53.831+0000] {dagbag.py:587} INFO - Filling up the DagBag from /opt/airflow/dags/dbt_run_dag.py
[2025-04-22T04:44:53.846+0000] {processor.py:925} INFO - DAG(s) 'dbt_run_dag' retrieved from /opt/airflow/dags/dbt_run_dag.py
[2025-04-22T04:44:53.863+0000] {logging_mixin.py:190} INFO - [2025-04-22T04:44:53.863+0000] {dag.py:3229} INFO - Sync 1 DAGs
[2025-04-22T04:44:53.875+0000] {logging_mixin.py:190} INFO - [2025-04-22T04:44:53.875+0000] {dag.py:4156} INFO - Setting next_dagrun for dbt_run_dag to 2025-04-22 00:00:00+00:00, run_after=2025-04-23 00:00:00+00:00
[2025-04-22T04:44:53.885+0000] {processor.py:208} INFO - Processing /opt/airflow/dags/dbt_run_dag.py took 0.072 seconds
[2025-04-22T04:45:24.348+0000] {processor.py:186} INFO - Started process (PID=6745) to work on /opt/airflow/dags/dbt_run_dag.py
[2025-04-22T04:45:24.349+0000] {processor.py:914} INFO - Processing file /opt/airflow/dags/dbt_run_dag.py for tasks to queue
[2025-04-22T04:45:24.353+0000] {logging_mixin.py:190} INFO - [2025-04-22T04:45:24.353+0000] {dagbag.py:587} INFO - Filling up the DagBag from /opt/airflow/dags/dbt_run_dag.py
[2025-04-22T04:45:24.368+0000] {processor.py:925} INFO - DAG(s) 'dbt_run_dag' retrieved from /opt/airflow/dags/dbt_run_dag.py
[2025-04-22T04:45:24.387+0000] {logging_mixin.py:190} INFO - [2025-04-22T04:45:24.387+0000] {dag.py:3229} INFO - Sync 1 DAGs
[2025-04-22T04:45:24.400+0000] {logging_mixin.py:190} INFO - [2025-04-22T04:45:24.400+0000] {dag.py:4156} INFO - Setting next_dagrun for dbt_run_dag to 2025-04-22 00:00:00+00:00, run_after=2025-04-23 00:00:00+00:00
[2025-04-22T04:45:24.409+0000] {processor.py:208} INFO - Processing /opt/airflow/dags/dbt_run_dag.py took 0.069 seconds
[2025-04-22T04:45:54.801+0000] {processor.py:186} INFO - Started process (PID=6760) to work on /opt/airflow/dags/dbt_run_dag.py
[2025-04-22T04:45:54.802+0000] {processor.py:914} INFO - Processing file /opt/airflow/dags/dbt_run_dag.py for tasks to queue
[2025-04-22T04:45:54.804+0000] {logging_mixin.py:190} INFO - [2025-04-22T04:45:54.803+0000] {dagbag.py:587} INFO - Filling up the DagBag from /opt/airflow/dags/dbt_run_dag.py
[2025-04-22T04:45:54.811+0000] {processor.py:925} INFO - DAG(s) 'dbt_run_dag' retrieved from /opt/airflow/dags/dbt_run_dag.py
[2025-04-22T04:45:54.829+0000] {logging_mixin.py:190} INFO - [2025-04-22T04:45:54.829+0000] {dag.py:3229} INFO - Sync 1 DAGs
[2025-04-22T04:45:54.840+0000] {logging_mixin.py:190} INFO - [2025-04-22T04:45:54.840+0000] {dag.py:4156} INFO - Setting next_dagrun for dbt_run_dag to 2025-04-22 00:00:00+00:00, run_after=2025-04-23 00:00:00+00:00
[2025-04-22T04:45:54.849+0000] {processor.py:208} INFO - Processing /opt/airflow/dags/dbt_run_dag.py took 0.054 seconds
[2025-04-22T04:46:25.261+0000] {processor.py:186} INFO - Started process (PID=6775) to work on /opt/airflow/dags/dbt_run_dag.py
[2025-04-22T04:46:25.262+0000] {processor.py:914} INFO - Processing file /opt/airflow/dags/dbt_run_dag.py for tasks to queue
[2025-04-22T04:46:25.266+0000] {logging_mixin.py:190} INFO - [2025-04-22T04:46:25.266+0000] {dagbag.py:587} INFO - Filling up the DagBag from /opt/airflow/dags/dbt_run_dag.py
[2025-04-22T04:46:25.285+0000] {processor.py:925} INFO - DAG(s) 'dbt_run_dag' retrieved from /opt/airflow/dags/dbt_run_dag.py
[2025-04-22T04:46:25.309+0000] {logging_mixin.py:190} INFO - [2025-04-22T04:46:25.309+0000] {dag.py:3229} INFO - Sync 1 DAGs
[2025-04-22T04:46:25.324+0000] {logging_mixin.py:190} INFO - [2025-04-22T04:46:25.324+0000] {dag.py:4156} INFO - Setting next_dagrun for dbt_run_dag to 2025-04-22 00:00:00+00:00, run_after=2025-04-23 00:00:00+00:00
[2025-04-22T04:46:25.338+0000] {processor.py:208} INFO - Processing /opt/airflow/dags/dbt_run_dag.py took 0.087 seconds
[2025-04-22T04:46:55.678+0000] {processor.py:186} INFO - Started process (PID=6790) to work on /opt/airflow/dags/dbt_run_dag.py
[2025-04-22T04:46:55.680+0000] {processor.py:914} INFO - Processing file /opt/airflow/dags/dbt_run_dag.py for tasks to queue
[2025-04-22T04:46:55.684+0000] {logging_mixin.py:190} INFO - [2025-04-22T04:46:55.684+0000] {dagbag.py:587} INFO - Filling up the DagBag from /opt/airflow/dags/dbt_run_dag.py
[2025-04-22T04:46:55.716+0000] {processor.py:925} INFO - DAG(s) 'dbt_run_dag' retrieved from /opt/airflow/dags/dbt_run_dag.py
[2025-04-22T04:46:55.757+0000] {logging_mixin.py:190} INFO - [2025-04-22T04:46:55.757+0000] {dag.py:3229} INFO - Sync 1 DAGs
[2025-04-22T04:46:55.782+0000] {logging_mixin.py:190} INFO - [2025-04-22T04:46:55.781+0000] {dag.py:4156} INFO - Setting next_dagrun for dbt_run_dag to 2025-04-22 00:00:00+00:00, run_after=2025-04-23 00:00:00+00:00
[2025-04-22T04:46:55.798+0000] {processor.py:208} INFO - Processing /opt/airflow/dags/dbt_run_dag.py took 0.131 seconds
[2025-04-22T04:47:26.198+0000] {processor.py:186} INFO - Started process (PID=6805) to work on /opt/airflow/dags/dbt_run_dag.py
[2025-04-22T04:47:26.200+0000] {processor.py:914} INFO - Processing file /opt/airflow/dags/dbt_run_dag.py for tasks to queue
[2025-04-22T04:47:26.202+0000] {logging_mixin.py:190} INFO - [2025-04-22T04:47:26.202+0000] {dagbag.py:587} INFO - Filling up the DagBag from /opt/airflow/dags/dbt_run_dag.py
[2025-04-22T04:47:26.217+0000] {processor.py:925} INFO - DAG(s) 'dbt_run_dag' retrieved from /opt/airflow/dags/dbt_run_dag.py
[2025-04-22T04:47:26.238+0000] {logging_mixin.py:190} INFO - [2025-04-22T04:47:26.238+0000] {dag.py:3229} INFO - Sync 1 DAGs
[2025-04-22T04:47:26.256+0000] {logging_mixin.py:190} INFO - [2025-04-22T04:47:26.256+0000] {dag.py:4156} INFO - Setting next_dagrun for dbt_run_dag to 2025-04-22 00:00:00+00:00, run_after=2025-04-23 00:00:00+00:00
[2025-04-22T04:47:26.266+0000] {processor.py:208} INFO - Processing /opt/airflow/dags/dbt_run_dag.py took 0.075 seconds
