[2025-04-22T00:04:34.801+0000] {processor.py:186} INFO - Started process (PID=5440) to work on /opt/airflow/dags/spotify_etl_dag.py
[2025-04-22T00:04:34.803+0000] {processor.py:914} INFO - Processing file /opt/airflow/dags/spotify_etl_dag.py for tasks to queue
[2025-04-22T00:04:34.824+0000] {logging_mixin.py:190} INFO - [2025-04-22T00:04:34.821+0000] {dagbag.py:587} INFO - Filling up the DagBag from /opt/airflow/dags/spotify_etl_dag.py
[2025-04-22T00:04:34.890+0000] {processor.py:925} INFO - DAG(s) 'spotify_etl_dag' retrieved from /opt/airflow/dags/spotify_etl_dag.py
[2025-04-22T00:04:34.918+0000] {logging_mixin.py:190} INFO - [2025-04-22T00:04:34.918+0000] {dag.py:3229} INFO - Sync 1 DAGs
[2025-04-22T00:04:34.960+0000] {logging_mixin.py:190} INFO - [2025-04-22T00:04:34.960+0000] {dag.py:4156} INFO - Setting next_dagrun for spotify_etl_dag to 2025-04-22 00:00:00+00:00, run_after=2025-04-23 00:00:00+00:00
[2025-04-22T00:04:34.979+0000] {processor.py:208} INFO - Processing /opt/airflow/dags/spotify_etl_dag.py took 0.198 seconds
[2025-04-22T00:47:45.385+0000] {processor.py:186} INFO - Started process (PID=5477) to work on /opt/airflow/dags/spotify_etl_dag.py
[2025-04-22T00:47:45.387+0000] {processor.py:914} INFO - Processing file /opt/airflow/dags/spotify_etl_dag.py for tasks to queue
[2025-04-22T00:47:45.402+0000] {logging_mixin.py:190} INFO - [2025-04-22T00:47:45.401+0000] {dagbag.py:587} INFO - Filling up the DagBag from /opt/airflow/dags/spotify_etl_dag.py
[2025-04-22T00:47:45.449+0000] {processor.py:925} INFO - DAG(s) 'spotify_etl_dag' retrieved from /opt/airflow/dags/spotify_etl_dag.py
[2025-04-22T00:47:45.506+0000] {logging_mixin.py:190} INFO - [2025-04-22T00:47:45.505+0000] {dag.py:3229} INFO - Sync 1 DAGs
[2025-04-22T00:47:45.556+0000] {logging_mixin.py:190} INFO - [2025-04-22T00:47:45.555+0000] {dag.py:4156} INFO - Setting next_dagrun for spotify_etl_dag to 2025-04-22 00:00:00+00:00, run_after=2025-04-23 00:00:00+00:00
[2025-04-22T00:47:45.598+0000] {processor.py:208} INFO - Processing /opt/airflow/dags/spotify_etl_dag.py took 0.231 seconds
[2025-04-22T01:18:09.467+0000] {processor.py:186} INFO - Started process (PID=5492) to work on /opt/airflow/dags/spotify_etl_dag.py
[2025-04-22T01:18:09.468+0000] {processor.py:914} INFO - Processing file /opt/airflow/dags/spotify_etl_dag.py for tasks to queue
[2025-04-22T01:18:09.471+0000] {logging_mixin.py:190} INFO - [2025-04-22T01:18:09.471+0000] {dagbag.py:587} INFO - Filling up the DagBag from /opt/airflow/dags/spotify_etl_dag.py
[2025-04-22T01:18:09.495+0000] {processor.py:925} INFO - DAG(s) 'spotify_etl_dag' retrieved from /opt/airflow/dags/spotify_etl_dag.py
[2025-04-22T01:18:09.517+0000] {logging_mixin.py:190} INFO - [2025-04-22T01:18:09.517+0000] {dag.py:3229} INFO - Sync 1 DAGs
[2025-04-22T01:18:09.542+0000] {logging_mixin.py:190} INFO - [2025-04-22T01:18:09.542+0000] {dag.py:4156} INFO - Setting next_dagrun for spotify_etl_dag to 2025-04-22 00:00:00+00:00, run_after=2025-04-23 00:00:00+00:00
[2025-04-22T01:18:09.554+0000] {processor.py:208} INFO - Processing /opt/airflow/dags/spotify_etl_dag.py took 0.097 seconds
[2025-04-22T01:46:45.393+0000] {processor.py:186} INFO - Started process (PID=5507) to work on /opt/airflow/dags/spotify_etl_dag.py
[2025-04-22T01:46:45.420+0000] {processor.py:914} INFO - Processing file /opt/airflow/dags/spotify_etl_dag.py for tasks to queue
[2025-04-22T01:46:45.436+0000] {logging_mixin.py:190} INFO - [2025-04-22T01:46:45.435+0000] {dagbag.py:587} INFO - Filling up the DagBag from /opt/airflow/dags/spotify_etl_dag.py
[2025-04-22T01:46:45.477+0000] {processor.py:925} INFO - DAG(s) 'spotify_etl_dag' retrieved from /opt/airflow/dags/spotify_etl_dag.py
[2025-04-22T01:46:45.536+0000] {logging_mixin.py:190} INFO - [2025-04-22T01:46:45.535+0000] {dag.py:3229} INFO - Sync 1 DAGs
[2025-04-22T01:46:45.566+0000] {logging_mixin.py:190} INFO - [2025-04-22T01:46:45.566+0000] {dag.py:4156} INFO - Setting next_dagrun for spotify_etl_dag to 2025-04-22 00:00:00+00:00, run_after=2025-04-23 00:00:00+00:00
[2025-04-22T01:46:45.590+0000] {processor.py:208} INFO - Processing /opt/airflow/dags/spotify_etl_dag.py took 0.211 seconds
[2025-04-22T03:21:52.510+0000] {processor.py:186} INFO - Started process (PID=5522) to work on /opt/airflow/dags/spotify_etl_dag.py
[2025-04-22T03:21:52.511+0000] {processor.py:914} INFO - Processing file /opt/airflow/dags/spotify_etl_dag.py for tasks to queue
[2025-04-22T03:21:52.514+0000] {logging_mixin.py:190} INFO - [2025-04-22T03:21:52.514+0000] {dagbag.py:587} INFO - Filling up the DagBag from /opt/airflow/dags/spotify_etl_dag.py
[2025-04-22T03:21:52.533+0000] {processor.py:925} INFO - DAG(s) 'spotify_etl_dag' retrieved from /opt/airflow/dags/spotify_etl_dag.py
[2025-04-22T03:21:52.556+0000] {logging_mixin.py:190} INFO - [2025-04-22T03:21:52.556+0000] {dag.py:3229} INFO - Sync 1 DAGs
[2025-04-22T03:21:52.578+0000] {logging_mixin.py:190} INFO - [2025-04-22T03:21:52.577+0000] {dag.py:4156} INFO - Setting next_dagrun for spotify_etl_dag to 2025-04-22 00:00:00+00:00, run_after=2025-04-23 00:00:00+00:00
[2025-04-22T03:21:52.617+0000] {processor.py:208} INFO - Processing /opt/airflow/dags/spotify_etl_dag.py took 0.112 seconds
[2025-04-22T03:44:03.135+0000] {processor.py:186} INFO - Started process (PID=5537) to work on /opt/airflow/dags/spotify_etl_dag.py
[2025-04-22T03:44:03.137+0000] {processor.py:914} INFO - Processing file /opt/airflow/dags/spotify_etl_dag.py for tasks to queue
[2025-04-22T03:44:03.144+0000] {logging_mixin.py:190} INFO - [2025-04-22T03:44:03.143+0000] {dagbag.py:587} INFO - Filling up the DagBag from /opt/airflow/dags/spotify_etl_dag.py
[2025-04-22T03:44:03.205+0000] {processor.py:925} INFO - DAG(s) 'spotify_etl_dag' retrieved from /opt/airflow/dags/spotify_etl_dag.py
[2025-04-22T03:44:03.262+0000] {logging_mixin.py:190} INFO - [2025-04-22T03:44:03.262+0000] {dag.py:3229} INFO - Sync 1 DAGs
[2025-04-22T03:44:03.306+0000] {logging_mixin.py:190} INFO - [2025-04-22T03:44:03.306+0000] {dag.py:4156} INFO - Setting next_dagrun for spotify_etl_dag to 2025-04-22 00:00:00+00:00, run_after=2025-04-23 00:00:00+00:00
[2025-04-22T03:44:03.331+0000] {processor.py:208} INFO - Processing /opt/airflow/dags/spotify_etl_dag.py took 0.236 seconds
[2025-04-22T04:05:17.012+0000] {processor.py:186} INFO - Started process (PID=5552) to work on /opt/airflow/dags/spotify_etl_dag.py
[2025-04-22T04:05:17.014+0000] {processor.py:914} INFO - Processing file /opt/airflow/dags/spotify_etl_dag.py for tasks to queue
[2025-04-22T04:05:17.020+0000] {logging_mixin.py:190} INFO - [2025-04-22T04:05:17.020+0000] {dagbag.py:587} INFO - Filling up the DagBag from /opt/airflow/dags/spotify_etl_dag.py
[2025-04-22T04:05:17.052+0000] {processor.py:925} INFO - DAG(s) 'spotify_etl_dag' retrieved from /opt/airflow/dags/spotify_etl_dag.py
[2025-04-22T04:05:17.104+0000] {logging_mixin.py:190} INFO - [2025-04-22T04:05:17.103+0000] {dag.py:3229} INFO - Sync 1 DAGs
[2025-04-22T04:05:17.137+0000] {logging_mixin.py:190} INFO - [2025-04-22T04:05:17.137+0000] {dag.py:4156} INFO - Setting next_dagrun for spotify_etl_dag to 2025-04-22 00:00:00+00:00, run_after=2025-04-23 00:00:00+00:00
[2025-04-22T04:05:17.159+0000] {processor.py:208} INFO - Processing /opt/airflow/dags/spotify_etl_dag.py took 0.159 seconds
[2025-04-22T04:05:47.576+0000] {processor.py:186} INFO - Started process (PID=5567) to work on /opt/airflow/dags/spotify_etl_dag.py
[2025-04-22T04:05:47.578+0000] {processor.py:914} INFO - Processing file /opt/airflow/dags/spotify_etl_dag.py for tasks to queue
[2025-04-22T04:05:47.582+0000] {logging_mixin.py:190} INFO - [2025-04-22T04:05:47.582+0000] {dagbag.py:587} INFO - Filling up the DagBag from /opt/airflow/dags/spotify_etl_dag.py
[2025-04-22T04:05:47.602+0000] {processor.py:925} INFO - DAG(s) 'spotify_etl_dag' retrieved from /opt/airflow/dags/spotify_etl_dag.py
[2025-04-22T04:05:47.623+0000] {logging_mixin.py:190} INFO - [2025-04-22T04:05:47.622+0000] {dag.py:3229} INFO - Sync 1 DAGs
[2025-04-22T04:05:47.638+0000] {logging_mixin.py:190} INFO - [2025-04-22T04:05:47.638+0000] {dag.py:4156} INFO - Setting next_dagrun for spotify_etl_dag to 2025-04-22 00:00:00+00:00, run_after=2025-04-23 00:00:00+00:00
[2025-04-22T04:05:47.651+0000] {processor.py:208} INFO - Processing /opt/airflow/dags/spotify_etl_dag.py took 0.092 seconds
[2025-04-22T04:06:17.975+0000] {processor.py:186} INFO - Started process (PID=5582) to work on /opt/airflow/dags/spotify_etl_dag.py
[2025-04-22T04:06:17.976+0000] {processor.py:914} INFO - Processing file /opt/airflow/dags/spotify_etl_dag.py for tasks to queue
[2025-04-22T04:06:17.978+0000] {logging_mixin.py:190} INFO - [2025-04-22T04:06:17.978+0000] {dagbag.py:587} INFO - Filling up the DagBag from /opt/airflow/dags/spotify_etl_dag.py
[2025-04-22T04:06:17.995+0000] {processor.py:925} INFO - DAG(s) 'spotify_etl_dag' retrieved from /opt/airflow/dags/spotify_etl_dag.py
[2025-04-22T04:06:18.014+0000] {logging_mixin.py:190} INFO - [2025-04-22T04:06:18.013+0000] {dag.py:3229} INFO - Sync 1 DAGs
[2025-04-22T04:06:18.027+0000] {logging_mixin.py:190} INFO - [2025-04-22T04:06:18.027+0000] {dag.py:4156} INFO - Setting next_dagrun for spotify_etl_dag to 2025-04-22 00:00:00+00:00, run_after=2025-04-23 00:00:00+00:00
[2025-04-22T04:06:18.044+0000] {processor.py:208} INFO - Processing /opt/airflow/dags/spotify_etl_dag.py took 0.082 seconds
[2025-04-22T04:06:48.417+0000] {processor.py:186} INFO - Started process (PID=5597) to work on /opt/airflow/dags/spotify_etl_dag.py
[2025-04-22T04:06:48.418+0000] {processor.py:914} INFO - Processing file /opt/airflow/dags/spotify_etl_dag.py for tasks to queue
[2025-04-22T04:06:48.423+0000] {logging_mixin.py:190} INFO - [2025-04-22T04:06:48.422+0000] {dagbag.py:587} INFO - Filling up the DagBag from /opt/airflow/dags/spotify_etl_dag.py
[2025-04-22T04:06:48.439+0000] {processor.py:925} INFO - DAG(s) 'spotify_etl_dag' retrieved from /opt/airflow/dags/spotify_etl_dag.py
[2025-04-22T04:06:48.458+0000] {logging_mixin.py:190} INFO - [2025-04-22T04:06:48.458+0000] {dag.py:3229} INFO - Sync 1 DAGs
[2025-04-22T04:06:48.471+0000] {logging_mixin.py:190} INFO - [2025-04-22T04:06:48.471+0000] {dag.py:4156} INFO - Setting next_dagrun for spotify_etl_dag to 2025-04-22 00:00:00+00:00, run_after=2025-04-23 00:00:00+00:00
[2025-04-22T04:06:48.481+0000] {processor.py:208} INFO - Processing /opt/airflow/dags/spotify_etl_dag.py took 0.074 seconds
[2025-04-22T04:07:18.901+0000] {processor.py:186} INFO - Started process (PID=5612) to work on /opt/airflow/dags/spotify_etl_dag.py
[2025-04-22T04:07:18.902+0000] {processor.py:914} INFO - Processing file /opt/airflow/dags/spotify_etl_dag.py for tasks to queue
[2025-04-22T04:07:18.905+0000] {logging_mixin.py:190} INFO - [2025-04-22T04:07:18.905+0000] {dagbag.py:587} INFO - Filling up the DagBag from /opt/airflow/dags/spotify_etl_dag.py
[2025-04-22T04:07:18.926+0000] {processor.py:925} INFO - DAG(s) 'spotify_etl_dag' retrieved from /opt/airflow/dags/spotify_etl_dag.py
[2025-04-22T04:07:18.951+0000] {logging_mixin.py:190} INFO - [2025-04-22T04:07:18.951+0000] {dag.py:3229} INFO - Sync 1 DAGs
[2025-04-22T04:07:18.970+0000] {logging_mixin.py:190} INFO - [2025-04-22T04:07:18.970+0000] {dag.py:4156} INFO - Setting next_dagrun for spotify_etl_dag to 2025-04-22 00:00:00+00:00, run_after=2025-04-23 00:00:00+00:00
[2025-04-22T04:07:18.983+0000] {processor.py:208} INFO - Processing /opt/airflow/dags/spotify_etl_dag.py took 0.092 seconds
[2025-04-22T04:07:49.442+0000] {processor.py:186} INFO - Started process (PID=5627) to work on /opt/airflow/dags/spotify_etl_dag.py
[2025-04-22T04:07:49.444+0000] {processor.py:914} INFO - Processing file /opt/airflow/dags/spotify_etl_dag.py for tasks to queue
[2025-04-22T04:07:49.448+0000] {logging_mixin.py:190} INFO - [2025-04-22T04:07:49.448+0000] {dagbag.py:587} INFO - Filling up the DagBag from /opt/airflow/dags/spotify_etl_dag.py
[2025-04-22T04:07:49.466+0000] {processor.py:925} INFO - DAG(s) 'spotify_etl_dag' retrieved from /opt/airflow/dags/spotify_etl_dag.py
[2025-04-22T04:07:49.488+0000] {logging_mixin.py:190} INFO - [2025-04-22T04:07:49.488+0000] {dag.py:3229} INFO - Sync 1 DAGs
[2025-04-22T04:07:49.508+0000] {logging_mixin.py:190} INFO - [2025-04-22T04:07:49.508+0000] {dag.py:4156} INFO - Setting next_dagrun for spotify_etl_dag to 2025-04-22 00:00:00+00:00, run_after=2025-04-23 00:00:00+00:00
[2025-04-22T04:07:49.520+0000] {processor.py:208} INFO - Processing /opt/airflow/dags/spotify_etl_dag.py took 0.090 seconds
[2025-04-22T04:08:19.921+0000] {processor.py:186} INFO - Started process (PID=5642) to work on /opt/airflow/dags/spotify_etl_dag.py
[2025-04-22T04:08:19.923+0000] {processor.py:914} INFO - Processing file /opt/airflow/dags/spotify_etl_dag.py for tasks to queue
[2025-04-22T04:08:19.927+0000] {logging_mixin.py:190} INFO - [2025-04-22T04:08:19.927+0000] {dagbag.py:587} INFO - Filling up the DagBag from /opt/airflow/dags/spotify_etl_dag.py
[2025-04-22T04:08:19.944+0000] {processor.py:925} INFO - DAG(s) 'spotify_etl_dag' retrieved from /opt/airflow/dags/spotify_etl_dag.py
[2025-04-22T04:08:19.963+0000] {logging_mixin.py:190} INFO - [2025-04-22T04:08:19.963+0000] {dag.py:3229} INFO - Sync 1 DAGs
[2025-04-22T04:08:19.976+0000] {logging_mixin.py:190} INFO - [2025-04-22T04:08:19.976+0000] {dag.py:4156} INFO - Setting next_dagrun for spotify_etl_dag to 2025-04-22 00:00:00+00:00, run_after=2025-04-23 00:00:00+00:00
[2025-04-22T04:08:19.985+0000] {processor.py:208} INFO - Processing /opt/airflow/dags/spotify_etl_dag.py took 0.074 seconds
[2025-04-22T04:08:50.341+0000] {processor.py:186} INFO - Started process (PID=5657) to work on /opt/airflow/dags/spotify_etl_dag.py
[2025-04-22T04:08:50.342+0000] {processor.py:914} INFO - Processing file /opt/airflow/dags/spotify_etl_dag.py for tasks to queue
[2025-04-22T04:08:50.345+0000] {logging_mixin.py:190} INFO - [2025-04-22T04:08:50.345+0000] {dagbag.py:587} INFO - Filling up the DagBag from /opt/airflow/dags/spotify_etl_dag.py
[2025-04-22T04:08:50.361+0000] {processor.py:925} INFO - DAG(s) 'spotify_etl_dag' retrieved from /opt/airflow/dags/spotify_etl_dag.py
[2025-04-22T04:08:50.376+0000] {logging_mixin.py:190} INFO - [2025-04-22T04:08:50.376+0000] {dag.py:3229} INFO - Sync 1 DAGs
[2025-04-22T04:08:50.388+0000] {logging_mixin.py:190} INFO - [2025-04-22T04:08:50.388+0000] {dag.py:4156} INFO - Setting next_dagrun for spotify_etl_dag to 2025-04-22 00:00:00+00:00, run_after=2025-04-23 00:00:00+00:00
[2025-04-22T04:08:50.395+0000] {processor.py:208} INFO - Processing /opt/airflow/dags/spotify_etl_dag.py took 0.064 seconds
[2025-04-22T04:09:20.807+0000] {processor.py:186} INFO - Started process (PID=5672) to work on /opt/airflow/dags/spotify_etl_dag.py
[2025-04-22T04:09:20.808+0000] {processor.py:914} INFO - Processing file /opt/airflow/dags/spotify_etl_dag.py for tasks to queue
[2025-04-22T04:09:20.814+0000] {logging_mixin.py:190} INFO - [2025-04-22T04:09:20.814+0000] {dagbag.py:587} INFO - Filling up the DagBag from /opt/airflow/dags/spotify_etl_dag.py
[2025-04-22T04:09:20.834+0000] {processor.py:925} INFO - DAG(s) 'spotify_etl_dag' retrieved from /opt/airflow/dags/spotify_etl_dag.py
[2025-04-22T04:09:20.856+0000] {logging_mixin.py:190} INFO - [2025-04-22T04:09:20.856+0000] {dag.py:3229} INFO - Sync 1 DAGs
[2025-04-22T04:09:20.869+0000] {logging_mixin.py:190} INFO - [2025-04-22T04:09:20.869+0000] {dag.py:4156} INFO - Setting next_dagrun for spotify_etl_dag to 2025-04-22 00:00:00+00:00, run_after=2025-04-23 00:00:00+00:00
[2025-04-22T04:09:20.879+0000] {processor.py:208} INFO - Processing /opt/airflow/dags/spotify_etl_dag.py took 0.083 seconds
[2025-04-22T04:09:51.296+0000] {processor.py:186} INFO - Started process (PID=5687) to work on /opt/airflow/dags/spotify_etl_dag.py
[2025-04-22T04:09:51.298+0000] {processor.py:914} INFO - Processing file /opt/airflow/dags/spotify_etl_dag.py for tasks to queue
[2025-04-22T04:09:51.302+0000] {logging_mixin.py:190} INFO - [2025-04-22T04:09:51.301+0000] {dagbag.py:587} INFO - Filling up the DagBag from /opt/airflow/dags/spotify_etl_dag.py
[2025-04-22T04:09:51.320+0000] {processor.py:925} INFO - DAG(s) 'spotify_etl_dag' retrieved from /opt/airflow/dags/spotify_etl_dag.py
[2025-04-22T04:09:51.342+0000] {logging_mixin.py:190} INFO - [2025-04-22T04:09:51.342+0000] {dag.py:3229} INFO - Sync 1 DAGs
[2025-04-22T04:09:51.355+0000] {logging_mixin.py:190} INFO - [2025-04-22T04:09:51.355+0000] {dag.py:4156} INFO - Setting next_dagrun for spotify_etl_dag to 2025-04-22 00:00:00+00:00, run_after=2025-04-23 00:00:00+00:00
[2025-04-22T04:09:51.365+0000] {processor.py:208} INFO - Processing /opt/airflow/dags/spotify_etl_dag.py took 0.081 seconds
[2025-04-22T04:10:21.766+0000] {processor.py:186} INFO - Started process (PID=5702) to work on /opt/airflow/dags/spotify_etl_dag.py
[2025-04-22T04:10:21.768+0000] {processor.py:914} INFO - Processing file /opt/airflow/dags/spotify_etl_dag.py for tasks to queue
[2025-04-22T04:10:21.773+0000] {logging_mixin.py:190} INFO - [2025-04-22T04:10:21.772+0000] {dagbag.py:587} INFO - Filling up the DagBag from /opt/airflow/dags/spotify_etl_dag.py
[2025-04-22T04:10:21.790+0000] {processor.py:925} INFO - DAG(s) 'spotify_etl_dag' retrieved from /opt/airflow/dags/spotify_etl_dag.py
[2025-04-22T04:10:21.810+0000] {logging_mixin.py:190} INFO - [2025-04-22T04:10:21.809+0000] {dag.py:3229} INFO - Sync 1 DAGs
[2025-04-22T04:10:21.825+0000] {logging_mixin.py:190} INFO - [2025-04-22T04:10:21.825+0000] {dag.py:4156} INFO - Setting next_dagrun for spotify_etl_dag to 2025-04-22 00:00:00+00:00, run_after=2025-04-23 00:00:00+00:00
[2025-04-22T04:10:21.835+0000] {processor.py:208} INFO - Processing /opt/airflow/dags/spotify_etl_dag.py took 0.081 seconds
[2025-04-22T04:10:52.237+0000] {processor.py:186} INFO - Started process (PID=5722) to work on /opt/airflow/dags/spotify_etl_dag.py
[2025-04-22T04:10:52.238+0000] {processor.py:914} INFO - Processing file /opt/airflow/dags/spotify_etl_dag.py for tasks to queue
[2025-04-22T04:10:52.240+0000] {logging_mixin.py:190} INFO - [2025-04-22T04:10:52.240+0000] {dagbag.py:587} INFO - Filling up the DagBag from /opt/airflow/dags/spotify_etl_dag.py
[2025-04-22T04:10:52.249+0000] {processor.py:925} INFO - DAG(s) 'spotify_etl_dag' retrieved from /opt/airflow/dags/spotify_etl_dag.py
[2025-04-22T04:10:52.264+0000] {logging_mixin.py:190} INFO - [2025-04-22T04:10:52.264+0000] {dag.py:3229} INFO - Sync 1 DAGs
[2025-04-22T04:10:52.277+0000] {logging_mixin.py:190} INFO - [2025-04-22T04:10:52.277+0000] {dag.py:4156} INFO - Setting next_dagrun for spotify_etl_dag to 2025-04-22 00:00:00+00:00, run_after=2025-04-23 00:00:00+00:00
[2025-04-22T04:10:52.285+0000] {processor.py:208} INFO - Processing /opt/airflow/dags/spotify_etl_dag.py took 0.057 seconds
[2025-04-22T04:11:22.657+0000] {processor.py:186} INFO - Started process (PID=5737) to work on /opt/airflow/dags/spotify_etl_dag.py
[2025-04-22T04:11:22.658+0000] {processor.py:914} INFO - Processing file /opt/airflow/dags/spotify_etl_dag.py for tasks to queue
[2025-04-22T04:11:22.662+0000] {logging_mixin.py:190} INFO - [2025-04-22T04:11:22.661+0000] {dagbag.py:587} INFO - Filling up the DagBag from /opt/airflow/dags/spotify_etl_dag.py
[2025-04-22T04:11:22.676+0000] {processor.py:925} INFO - DAG(s) 'spotify_etl_dag' retrieved from /opt/airflow/dags/spotify_etl_dag.py
[2025-04-22T04:11:22.693+0000] {logging_mixin.py:190} INFO - [2025-04-22T04:11:22.693+0000] {dag.py:3229} INFO - Sync 1 DAGs
[2025-04-22T04:11:22.705+0000] {logging_mixin.py:190} INFO - [2025-04-22T04:11:22.705+0000] {dag.py:4156} INFO - Setting next_dagrun for spotify_etl_dag to 2025-04-22 00:00:00+00:00, run_after=2025-04-23 00:00:00+00:00
[2025-04-22T04:11:22.712+0000] {processor.py:208} INFO - Processing /opt/airflow/dags/spotify_etl_dag.py took 0.067 seconds
[2025-04-22T04:11:53.079+0000] {processor.py:186} INFO - Started process (PID=5752) to work on /opt/airflow/dags/spotify_etl_dag.py
[2025-04-22T04:11:53.080+0000] {processor.py:914} INFO - Processing file /opt/airflow/dags/spotify_etl_dag.py for tasks to queue
[2025-04-22T04:11:53.086+0000] {logging_mixin.py:190} INFO - [2025-04-22T04:11:53.086+0000] {dagbag.py:587} INFO - Filling up the DagBag from /opt/airflow/dags/spotify_etl_dag.py
[2025-04-22T04:11:53.108+0000] {processor.py:925} INFO - DAG(s) 'spotify_etl_dag' retrieved from /opt/airflow/dags/spotify_etl_dag.py
[2025-04-22T04:11:53.125+0000] {logging_mixin.py:190} INFO - [2025-04-22T04:11:53.125+0000] {dag.py:3229} INFO - Sync 1 DAGs
[2025-04-22T04:11:53.146+0000] {logging_mixin.py:190} INFO - [2025-04-22T04:11:53.146+0000] {dag.py:4156} INFO - Setting next_dagrun for spotify_etl_dag to 2025-04-22 00:00:00+00:00, run_after=2025-04-23 00:00:00+00:00
[2025-04-22T04:11:53.158+0000] {processor.py:208} INFO - Processing /opt/airflow/dags/spotify_etl_dag.py took 0.088 seconds
[2025-04-22T04:12:23.589+0000] {processor.py:186} INFO - Started process (PID=5767) to work on /opt/airflow/dags/spotify_etl_dag.py
[2025-04-22T04:12:23.590+0000] {processor.py:914} INFO - Processing file /opt/airflow/dags/spotify_etl_dag.py for tasks to queue
[2025-04-22T04:12:23.594+0000] {logging_mixin.py:190} INFO - [2025-04-22T04:12:23.594+0000] {dagbag.py:587} INFO - Filling up the DagBag from /opt/airflow/dags/spotify_etl_dag.py
[2025-04-22T04:12:23.610+0000] {processor.py:925} INFO - DAG(s) 'spotify_etl_dag' retrieved from /opt/airflow/dags/spotify_etl_dag.py
[2025-04-22T04:12:23.628+0000] {logging_mixin.py:190} INFO - [2025-04-22T04:12:23.628+0000] {dag.py:3229} INFO - Sync 1 DAGs
[2025-04-22T04:12:23.642+0000] {logging_mixin.py:190} INFO - [2025-04-22T04:12:23.642+0000] {dag.py:4156} INFO - Setting next_dagrun for spotify_etl_dag to 2025-04-22 00:00:00+00:00, run_after=2025-04-23 00:00:00+00:00
[2025-04-22T04:12:23.651+0000] {processor.py:208} INFO - Processing /opt/airflow/dags/spotify_etl_dag.py took 0.072 seconds
[2025-04-22T04:12:54.039+0000] {processor.py:186} INFO - Started process (PID=5782) to work on /opt/airflow/dags/spotify_etl_dag.py
[2025-04-22T04:12:54.040+0000] {processor.py:914} INFO - Processing file /opt/airflow/dags/spotify_etl_dag.py for tasks to queue
[2025-04-22T04:12:54.043+0000] {logging_mixin.py:190} INFO - [2025-04-22T04:12:54.042+0000] {dagbag.py:587} INFO - Filling up the DagBag from /opt/airflow/dags/spotify_etl_dag.py
[2025-04-22T04:12:54.058+0000] {processor.py:925} INFO - DAG(s) 'spotify_etl_dag' retrieved from /opt/airflow/dags/spotify_etl_dag.py
[2025-04-22T04:12:54.077+0000] {logging_mixin.py:190} INFO - [2025-04-22T04:12:54.077+0000] {dag.py:3229} INFO - Sync 1 DAGs
[2025-04-22T04:12:54.090+0000] {logging_mixin.py:190} INFO - [2025-04-22T04:12:54.090+0000] {dag.py:4156} INFO - Setting next_dagrun for spotify_etl_dag to 2025-04-22 00:00:00+00:00, run_after=2025-04-23 00:00:00+00:00
[2025-04-22T04:12:54.101+0000] {processor.py:208} INFO - Processing /opt/airflow/dags/spotify_etl_dag.py took 0.070 seconds
[2025-04-22T04:13:24.515+0000] {processor.py:186} INFO - Started process (PID=5797) to work on /opt/airflow/dags/spotify_etl_dag.py
[2025-04-22T04:13:24.517+0000] {processor.py:914} INFO - Processing file /opt/airflow/dags/spotify_etl_dag.py for tasks to queue
[2025-04-22T04:13:24.519+0000] {logging_mixin.py:190} INFO - [2025-04-22T04:13:24.519+0000] {dagbag.py:587} INFO - Filling up the DagBag from /opt/airflow/dags/spotify_etl_dag.py
[2025-04-22T04:13:24.535+0000] {processor.py:925} INFO - DAG(s) 'spotify_etl_dag' retrieved from /opt/airflow/dags/spotify_etl_dag.py
[2025-04-22T04:13:24.553+0000] {logging_mixin.py:190} INFO - [2025-04-22T04:13:24.552+0000] {dag.py:3229} INFO - Sync 1 DAGs
[2025-04-22T04:13:24.563+0000] {logging_mixin.py:190} INFO - [2025-04-22T04:13:24.563+0000] {dag.py:4156} INFO - Setting next_dagrun for spotify_etl_dag to 2025-04-22 00:00:00+00:00, run_after=2025-04-23 00:00:00+00:00
[2025-04-22T04:13:24.573+0000] {processor.py:208} INFO - Processing /opt/airflow/dags/spotify_etl_dag.py took 0.066 seconds
[2025-04-22T04:13:54.994+0000] {processor.py:186} INFO - Started process (PID=5812) to work on /opt/airflow/dags/spotify_etl_dag.py
[2025-04-22T04:13:54.997+0000] {processor.py:914} INFO - Processing file /opt/airflow/dags/spotify_etl_dag.py for tasks to queue
[2025-04-22T04:13:55.000+0000] {logging_mixin.py:190} INFO - [2025-04-22T04:13:55.000+0000] {dagbag.py:587} INFO - Filling up the DagBag from /opt/airflow/dags/spotify_etl_dag.py
[2025-04-22T04:13:55.017+0000] {processor.py:925} INFO - DAG(s) 'spotify_etl_dag' retrieved from /opt/airflow/dags/spotify_etl_dag.py
[2025-04-22T04:13:55.042+0000] {logging_mixin.py:190} INFO - [2025-04-22T04:13:55.042+0000] {dag.py:3229} INFO - Sync 1 DAGs
[2025-04-22T04:13:55.061+0000] {logging_mixin.py:190} INFO - [2025-04-22T04:13:55.060+0000] {dag.py:4156} INFO - Setting next_dagrun for spotify_etl_dag to 2025-04-22 00:00:00+00:00, run_after=2025-04-23 00:00:00+00:00
[2025-04-22T04:13:55.072+0000] {processor.py:208} INFO - Processing /opt/airflow/dags/spotify_etl_dag.py took 0.088 seconds
[2025-04-22T04:14:25.505+0000] {processor.py:186} INFO - Started process (PID=5827) to work on /opt/airflow/dags/spotify_etl_dag.py
[2025-04-22T04:14:25.506+0000] {processor.py:914} INFO - Processing file /opt/airflow/dags/spotify_etl_dag.py for tasks to queue
[2025-04-22T04:14:25.510+0000] {logging_mixin.py:190} INFO - [2025-04-22T04:14:25.509+0000] {dagbag.py:587} INFO - Filling up the DagBag from /opt/airflow/dags/spotify_etl_dag.py
[2025-04-22T04:14:25.526+0000] {processor.py:925} INFO - DAG(s) 'spotify_etl_dag' retrieved from /opt/airflow/dags/spotify_etl_dag.py
[2025-04-22T04:14:25.556+0000] {logging_mixin.py:190} INFO - [2025-04-22T04:14:25.556+0000] {dag.py:3229} INFO - Sync 1 DAGs
[2025-04-22T04:14:25.578+0000] {logging_mixin.py:190} INFO - [2025-04-22T04:14:25.578+0000] {dag.py:4156} INFO - Setting next_dagrun for spotify_etl_dag to 2025-04-22 00:00:00+00:00, run_after=2025-04-23 00:00:00+00:00
[2025-04-22T04:14:25.591+0000] {processor.py:208} INFO - Processing /opt/airflow/dags/spotify_etl_dag.py took 0.094 seconds
[2025-04-22T04:14:56.041+0000] {processor.py:186} INFO - Started process (PID=5842) to work on /opt/airflow/dags/spotify_etl_dag.py
[2025-04-22T04:14:56.043+0000] {processor.py:914} INFO - Processing file /opt/airflow/dags/spotify_etl_dag.py for tasks to queue
[2025-04-22T04:14:56.047+0000] {logging_mixin.py:190} INFO - [2025-04-22T04:14:56.047+0000] {dagbag.py:587} INFO - Filling up the DagBag from /opt/airflow/dags/spotify_etl_dag.py
[2025-04-22T04:14:56.074+0000] {processor.py:925} INFO - DAG(s) 'spotify_etl_dag' retrieved from /opt/airflow/dags/spotify_etl_dag.py
[2025-04-22T04:14:56.107+0000] {logging_mixin.py:190} INFO - [2025-04-22T04:14:56.107+0000] {dag.py:3229} INFO - Sync 1 DAGs
[2025-04-22T04:14:56.127+0000] {logging_mixin.py:190} INFO - [2025-04-22T04:14:56.127+0000] {dag.py:4156} INFO - Setting next_dagrun for spotify_etl_dag to 2025-04-22 00:00:00+00:00, run_after=2025-04-23 00:00:00+00:00
[2025-04-22T04:14:56.136+0000] {processor.py:208} INFO - Processing /opt/airflow/dags/spotify_etl_dag.py took 0.123 seconds
[2025-04-22T04:15:26.630+0000] {processor.py:186} INFO - Started process (PID=5857) to work on /opt/airflow/dags/spotify_etl_dag.py
[2025-04-22T04:15:26.632+0000] {processor.py:914} INFO - Processing file /opt/airflow/dags/spotify_etl_dag.py for tasks to queue
[2025-04-22T04:15:26.645+0000] {logging_mixin.py:190} INFO - [2025-04-22T04:15:26.645+0000] {dagbag.py:587} INFO - Filling up the DagBag from /opt/airflow/dags/spotify_etl_dag.py
[2025-04-22T04:15:26.672+0000] {processor.py:925} INFO - DAG(s) 'spotify_etl_dag' retrieved from /opt/airflow/dags/spotify_etl_dag.py
[2025-04-22T04:15:26.703+0000] {logging_mixin.py:190} INFO - [2025-04-22T04:15:26.703+0000] {dag.py:3229} INFO - Sync 1 DAGs
[2025-04-22T04:15:26.722+0000] {logging_mixin.py:190} INFO - [2025-04-22T04:15:26.722+0000] {dag.py:4156} INFO - Setting next_dagrun for spotify_etl_dag to 2025-04-22 00:00:00+00:00, run_after=2025-04-23 00:00:00+00:00
[2025-04-22T04:15:26.734+0000] {processor.py:208} INFO - Processing /opt/airflow/dags/spotify_etl_dag.py took 0.125 seconds
[2025-04-22T04:15:57.197+0000] {processor.py:186} INFO - Started process (PID=5872) to work on /opt/airflow/dags/spotify_etl_dag.py
[2025-04-22T04:15:57.201+0000] {processor.py:914} INFO - Processing file /opt/airflow/dags/spotify_etl_dag.py for tasks to queue
[2025-04-22T04:15:57.220+0000] {logging_mixin.py:190} INFO - [2025-04-22T04:15:57.217+0000] {dagbag.py:587} INFO - Filling up the DagBag from /opt/airflow/dags/spotify_etl_dag.py
[2025-04-22T04:15:57.259+0000] {processor.py:925} INFO - DAG(s) 'spotify_etl_dag' retrieved from /opt/airflow/dags/spotify_etl_dag.py
[2025-04-22T04:15:57.300+0000] {logging_mixin.py:190} INFO - [2025-04-22T04:15:57.300+0000] {dag.py:3229} INFO - Sync 1 DAGs
[2025-04-22T04:15:57.321+0000] {logging_mixin.py:190} INFO - [2025-04-22T04:15:57.320+0000] {dag.py:4156} INFO - Setting next_dagrun for spotify_etl_dag to 2025-04-22 00:00:00+00:00, run_after=2025-04-23 00:00:00+00:00
[2025-04-22T04:15:57.337+0000] {processor.py:208} INFO - Processing /opt/airflow/dags/spotify_etl_dag.py took 0.156 seconds
[2025-04-22T04:16:27.728+0000] {processor.py:186} INFO - Started process (PID=5887) to work on /opt/airflow/dags/spotify_etl_dag.py
[2025-04-22T04:16:27.730+0000] {processor.py:914} INFO - Processing file /opt/airflow/dags/spotify_etl_dag.py for tasks to queue
[2025-04-22T04:16:27.734+0000] {logging_mixin.py:190} INFO - [2025-04-22T04:16:27.734+0000] {dagbag.py:587} INFO - Filling up the DagBag from /opt/airflow/dags/spotify_etl_dag.py
[2025-04-22T04:16:27.756+0000] {processor.py:925} INFO - DAG(s) 'spotify_etl_dag' retrieved from /opt/airflow/dags/spotify_etl_dag.py
[2025-04-22T04:16:27.786+0000] {logging_mixin.py:190} INFO - [2025-04-22T04:16:27.785+0000] {dag.py:3229} INFO - Sync 1 DAGs
[2025-04-22T04:16:27.808+0000] {logging_mixin.py:190} INFO - [2025-04-22T04:16:27.808+0000] {dag.py:4156} INFO - Setting next_dagrun for spotify_etl_dag to 2025-04-22 00:00:00+00:00, run_after=2025-04-23 00:00:00+00:00
[2025-04-22T04:16:27.826+0000] {processor.py:208} INFO - Processing /opt/airflow/dags/spotify_etl_dag.py took 0.120 seconds
[2025-04-22T04:16:58.285+0000] {processor.py:186} INFO - Started process (PID=5902) to work on /opt/airflow/dags/spotify_etl_dag.py
[2025-04-22T04:16:58.287+0000] {processor.py:914} INFO - Processing file /opt/airflow/dags/spotify_etl_dag.py for tasks to queue
[2025-04-22T04:16:58.291+0000] {logging_mixin.py:190} INFO - [2025-04-22T04:16:58.291+0000] {dagbag.py:587} INFO - Filling up the DagBag from /opt/airflow/dags/spotify_etl_dag.py
[2025-04-22T04:16:58.306+0000] {processor.py:925} INFO - DAG(s) 'spotify_etl_dag' retrieved from /opt/airflow/dags/spotify_etl_dag.py
[2025-04-22T04:16:58.327+0000] {logging_mixin.py:190} INFO - [2025-04-22T04:16:58.327+0000] {dag.py:3229} INFO - Sync 1 DAGs
[2025-04-22T04:16:58.340+0000] {logging_mixin.py:190} INFO - [2025-04-22T04:16:58.340+0000] {dag.py:4156} INFO - Setting next_dagrun for spotify_etl_dag to 2025-04-22 00:00:00+00:00, run_after=2025-04-23 00:00:00+00:00
[2025-04-22T04:16:58.351+0000] {processor.py:208} INFO - Processing /opt/airflow/dags/spotify_etl_dag.py took 0.074 seconds
[2025-04-22T04:17:28.739+0000] {processor.py:186} INFO - Started process (PID=5917) to work on /opt/airflow/dags/spotify_etl_dag.py
[2025-04-22T04:17:28.745+0000] {processor.py:914} INFO - Processing file /opt/airflow/dags/spotify_etl_dag.py for tasks to queue
[2025-04-22T04:17:28.757+0000] {logging_mixin.py:190} INFO - [2025-04-22T04:17:28.757+0000] {dagbag.py:587} INFO - Filling up the DagBag from /opt/airflow/dags/spotify_etl_dag.py
[2025-04-22T04:17:28.786+0000] {processor.py:925} INFO - DAG(s) 'spotify_etl_dag' retrieved from /opt/airflow/dags/spotify_etl_dag.py
[2025-04-22T04:17:28.809+0000] {logging_mixin.py:190} INFO - [2025-04-22T04:17:28.809+0000] {dag.py:3229} INFO - Sync 1 DAGs
[2025-04-22T04:17:28.878+0000] {logging_mixin.py:190} INFO - [2025-04-22T04:17:28.878+0000] {dag.py:4156} INFO - Setting next_dagrun for spotify_etl_dag to 2025-04-22 00:00:00+00:00, run_after=2025-04-23 00:00:00+00:00
[2025-04-22T04:17:28.891+0000] {processor.py:208} INFO - Processing /opt/airflow/dags/spotify_etl_dag.py took 0.165 seconds
[2025-04-22T04:17:59.282+0000] {processor.py:186} INFO - Started process (PID=5932) to work on /opt/airflow/dags/spotify_etl_dag.py
[2025-04-22T04:17:59.284+0000] {processor.py:914} INFO - Processing file /opt/airflow/dags/spotify_etl_dag.py for tasks to queue
[2025-04-22T04:17:59.287+0000] {logging_mixin.py:190} INFO - [2025-04-22T04:17:59.286+0000] {dagbag.py:587} INFO - Filling up the DagBag from /opt/airflow/dags/spotify_etl_dag.py
[2025-04-22T04:17:59.300+0000] {processor.py:925} INFO - DAG(s) 'spotify_etl_dag' retrieved from /opt/airflow/dags/spotify_etl_dag.py
[2025-04-22T04:17:59.318+0000] {logging_mixin.py:190} INFO - [2025-04-22T04:17:59.318+0000] {dag.py:3229} INFO - Sync 1 DAGs
[2025-04-22T04:17:59.332+0000] {logging_mixin.py:190} INFO - [2025-04-22T04:17:59.332+0000] {dag.py:4156} INFO - Setting next_dagrun for spotify_etl_dag to 2025-04-22 00:00:00+00:00, run_after=2025-04-23 00:00:00+00:00
[2025-04-22T04:17:59.343+0000] {processor.py:208} INFO - Processing /opt/airflow/dags/spotify_etl_dag.py took 0.071 seconds
[2025-04-22T04:18:29.720+0000] {processor.py:186} INFO - Started process (PID=5947) to work on /opt/airflow/dags/spotify_etl_dag.py
[2025-04-22T04:18:29.723+0000] {processor.py:914} INFO - Processing file /opt/airflow/dags/spotify_etl_dag.py for tasks to queue
[2025-04-22T04:18:29.730+0000] {logging_mixin.py:190} INFO - [2025-04-22T04:18:29.729+0000] {dagbag.py:587} INFO - Filling up the DagBag from /opt/airflow/dags/spotify_etl_dag.py
[2025-04-22T04:18:29.746+0000] {processor.py:925} INFO - DAG(s) 'spotify_etl_dag' retrieved from /opt/airflow/dags/spotify_etl_dag.py
[2025-04-22T04:18:29.766+0000] {logging_mixin.py:190} INFO - [2025-04-22T04:18:29.766+0000] {dag.py:3229} INFO - Sync 1 DAGs
[2025-04-22T04:18:29.781+0000] {logging_mixin.py:190} INFO - [2025-04-22T04:18:29.781+0000] {dag.py:4156} INFO - Setting next_dagrun for spotify_etl_dag to 2025-04-22 00:00:00+00:00, run_after=2025-04-23 00:00:00+00:00
[2025-04-22T04:18:29.790+0000] {processor.py:208} INFO - Processing /opt/airflow/dags/spotify_etl_dag.py took 0.082 seconds
[2025-04-22T04:19:00.190+0000] {processor.py:186} INFO - Started process (PID=5962) to work on /opt/airflow/dags/spotify_etl_dag.py
[2025-04-22T04:19:00.191+0000] {processor.py:914} INFO - Processing file /opt/airflow/dags/spotify_etl_dag.py for tasks to queue
[2025-04-22T04:19:00.193+0000] {logging_mixin.py:190} INFO - [2025-04-22T04:19:00.193+0000] {dagbag.py:587} INFO - Filling up the DagBag from /opt/airflow/dags/spotify_etl_dag.py
[2025-04-22T04:19:00.205+0000] {processor.py:925} INFO - DAG(s) 'spotify_etl_dag' retrieved from /opt/airflow/dags/spotify_etl_dag.py
[2025-04-22T04:19:00.224+0000] {logging_mixin.py:190} INFO - [2025-04-22T04:19:00.223+0000] {dag.py:3229} INFO - Sync 1 DAGs
[2025-04-22T04:19:00.235+0000] {logging_mixin.py:190} INFO - [2025-04-22T04:19:00.235+0000] {dag.py:4156} INFO - Setting next_dagrun for spotify_etl_dag to 2025-04-22 00:00:00+00:00, run_after=2025-04-23 00:00:00+00:00
[2025-04-22T04:19:00.243+0000] {processor.py:208} INFO - Processing /opt/airflow/dags/spotify_etl_dag.py took 0.060 seconds
[2025-04-22T04:19:30.640+0000] {processor.py:186} INFO - Started process (PID=5977) to work on /opt/airflow/dags/spotify_etl_dag.py
[2025-04-22T04:19:30.641+0000] {processor.py:914} INFO - Processing file /opt/airflow/dags/spotify_etl_dag.py for tasks to queue
[2025-04-22T04:19:30.643+0000] {logging_mixin.py:190} INFO - [2025-04-22T04:19:30.643+0000] {dagbag.py:587} INFO - Filling up the DagBag from /opt/airflow/dags/spotify_etl_dag.py
[2025-04-22T04:19:30.657+0000] {processor.py:925} INFO - DAG(s) 'spotify_etl_dag' retrieved from /opt/airflow/dags/spotify_etl_dag.py
[2025-04-22T04:19:30.674+0000] {logging_mixin.py:190} INFO - [2025-04-22T04:19:30.673+0000] {dag.py:3229} INFO - Sync 1 DAGs
[2025-04-22T04:19:30.683+0000] {logging_mixin.py:190} INFO - [2025-04-22T04:19:30.683+0000] {dag.py:4156} INFO - Setting next_dagrun for spotify_etl_dag to 2025-04-22 00:00:00+00:00, run_after=2025-04-23 00:00:00+00:00
[2025-04-22T04:19:30.691+0000] {processor.py:208} INFO - Processing /opt/airflow/dags/spotify_etl_dag.py took 0.061 seconds
[2025-04-22T04:20:01.101+0000] {processor.py:186} INFO - Started process (PID=5992) to work on /opt/airflow/dags/spotify_etl_dag.py
[2025-04-22T04:20:01.103+0000] {processor.py:914} INFO - Processing file /opt/airflow/dags/spotify_etl_dag.py for tasks to queue
[2025-04-22T04:20:01.106+0000] {logging_mixin.py:190} INFO - [2025-04-22T04:20:01.106+0000] {dagbag.py:587} INFO - Filling up the DagBag from /opt/airflow/dags/spotify_etl_dag.py
[2025-04-22T04:20:01.122+0000] {processor.py:925} INFO - DAG(s) 'spotify_etl_dag' retrieved from /opt/airflow/dags/spotify_etl_dag.py
[2025-04-22T04:20:01.138+0000] {logging_mixin.py:190} INFO - [2025-04-22T04:20:01.138+0000] {dag.py:3229} INFO - Sync 1 DAGs
[2025-04-22T04:20:01.148+0000] {logging_mixin.py:190} INFO - [2025-04-22T04:20:01.147+0000] {dag.py:4156} INFO - Setting next_dagrun for spotify_etl_dag to 2025-04-22 00:00:00+00:00, run_after=2025-04-23 00:00:00+00:00
[2025-04-22T04:20:01.156+0000] {processor.py:208} INFO - Processing /opt/airflow/dags/spotify_etl_dag.py took 0.064 seconds
[2025-04-22T04:20:31.537+0000] {processor.py:186} INFO - Started process (PID=6007) to work on /opt/airflow/dags/spotify_etl_dag.py
[2025-04-22T04:20:31.539+0000] {processor.py:914} INFO - Processing file /opt/airflow/dags/spotify_etl_dag.py for tasks to queue
[2025-04-22T04:20:31.542+0000] {logging_mixin.py:190} INFO - [2025-04-22T04:20:31.542+0000] {dagbag.py:587} INFO - Filling up the DagBag from /opt/airflow/dags/spotify_etl_dag.py
[2025-04-22T04:20:31.556+0000] {processor.py:925} INFO - DAG(s) 'spotify_etl_dag' retrieved from /opt/airflow/dags/spotify_etl_dag.py
[2025-04-22T04:20:31.574+0000] {logging_mixin.py:190} INFO - [2025-04-22T04:20:31.574+0000] {dag.py:3229} INFO - Sync 1 DAGs
[2025-04-22T04:20:31.587+0000] {logging_mixin.py:190} INFO - [2025-04-22T04:20:31.587+0000] {dag.py:4156} INFO - Setting next_dagrun for spotify_etl_dag to 2025-04-22 00:00:00+00:00, run_after=2025-04-23 00:00:00+00:00
[2025-04-22T04:20:31.597+0000] {processor.py:208} INFO - Processing /opt/airflow/dags/spotify_etl_dag.py took 0.070 seconds
[2025-04-22T04:21:01.981+0000] {processor.py:186} INFO - Started process (PID=6022) to work on /opt/airflow/dags/spotify_etl_dag.py
[2025-04-22T04:21:01.982+0000] {processor.py:914} INFO - Processing file /opt/airflow/dags/spotify_etl_dag.py for tasks to queue
[2025-04-22T04:21:01.987+0000] {logging_mixin.py:190} INFO - [2025-04-22T04:21:01.987+0000] {dagbag.py:587} INFO - Filling up the DagBag from /opt/airflow/dags/spotify_etl_dag.py
[2025-04-22T04:21:02.009+0000] {processor.py:925} INFO - DAG(s) 'spotify_etl_dag' retrieved from /opt/airflow/dags/spotify_etl_dag.py
[2025-04-22T04:21:02.044+0000] {logging_mixin.py:190} INFO - [2025-04-22T04:21:02.044+0000] {dag.py:3229} INFO - Sync 1 DAGs
[2025-04-22T04:21:02.065+0000] {logging_mixin.py:190} INFO - [2025-04-22T04:21:02.065+0000] {dag.py:4156} INFO - Setting next_dagrun for spotify_etl_dag to 2025-04-22 00:00:00+00:00, run_after=2025-04-23 00:00:00+00:00
[2025-04-22T04:21:02.082+0000] {processor.py:208} INFO - Processing /opt/airflow/dags/spotify_etl_dag.py took 0.122 seconds
[2025-04-22T04:21:32.807+0000] {processor.py:186} INFO - Started process (PID=6037) to work on /opt/airflow/dags/spotify_etl_dag.py
[2025-04-22T04:21:32.815+0000] {processor.py:914} INFO - Processing file /opt/airflow/dags/spotify_etl_dag.py for tasks to queue
[2025-04-22T04:21:32.823+0000] {logging_mixin.py:190} INFO - [2025-04-22T04:21:32.822+0000] {dagbag.py:587} INFO - Filling up the DagBag from /opt/airflow/dags/spotify_etl_dag.py
[2025-04-22T04:21:32.983+0000] {processor.py:925} INFO - DAG(s) 'spotify_etl_dag' retrieved from /opt/airflow/dags/spotify_etl_dag.py
[2025-04-22T04:21:33.178+0000] {logging_mixin.py:190} INFO - [2025-04-22T04:21:33.168+0000] {dag.py:3229} INFO - Sync 1 DAGs
[2025-04-22T04:21:33.270+0000] {logging_mixin.py:190} INFO - [2025-04-22T04:21:33.269+0000] {dag.py:4156} INFO - Setting next_dagrun for spotify_etl_dag to 2025-04-22 00:00:00+00:00, run_after=2025-04-23 00:00:00+00:00
[2025-04-22T04:21:33.358+0000] {processor.py:208} INFO - Processing /opt/airflow/dags/spotify_etl_dag.py took 0.582 seconds
[2025-04-22T04:22:04.116+0000] {processor.py:186} INFO - Started process (PID=6052) to work on /opt/airflow/dags/spotify_etl_dag.py
[2025-04-22T04:22:04.119+0000] {processor.py:914} INFO - Processing file /opt/airflow/dags/spotify_etl_dag.py for tasks to queue
[2025-04-22T04:22:04.121+0000] {logging_mixin.py:190} INFO - [2025-04-22T04:22:04.121+0000] {dagbag.py:587} INFO - Filling up the DagBag from /opt/airflow/dags/spotify_etl_dag.py
[2025-04-22T04:22:04.137+0000] {processor.py:925} INFO - DAG(s) 'spotify_etl_dag' retrieved from /opt/airflow/dags/spotify_etl_dag.py
[2025-04-22T04:22:04.153+0000] {logging_mixin.py:190} INFO - [2025-04-22T04:22:04.153+0000] {dag.py:3229} INFO - Sync 1 DAGs
[2025-04-22T04:22:04.165+0000] {logging_mixin.py:190} INFO - [2025-04-22T04:22:04.165+0000] {dag.py:4156} INFO - Setting next_dagrun for spotify_etl_dag to 2025-04-22 00:00:00+00:00, run_after=2025-04-23 00:00:00+00:00
[2025-04-22T04:22:04.175+0000] {processor.py:208} INFO - Processing /opt/airflow/dags/spotify_etl_dag.py took 0.070 seconds
[2025-04-22T04:22:34.575+0000] {processor.py:186} INFO - Started process (PID=6067) to work on /opt/airflow/dags/spotify_etl_dag.py
[2025-04-22T04:22:34.576+0000] {processor.py:914} INFO - Processing file /opt/airflow/dags/spotify_etl_dag.py for tasks to queue
[2025-04-22T04:22:34.580+0000] {logging_mixin.py:190} INFO - [2025-04-22T04:22:34.580+0000] {dagbag.py:587} INFO - Filling up the DagBag from /opt/airflow/dags/spotify_etl_dag.py
[2025-04-22T04:22:34.590+0000] {processor.py:925} INFO - DAG(s) 'spotify_etl_dag' retrieved from /opt/airflow/dags/spotify_etl_dag.py
[2025-04-22T04:22:34.610+0000] {logging_mixin.py:190} INFO - [2025-04-22T04:22:34.610+0000] {dag.py:3229} INFO - Sync 1 DAGs
[2025-04-22T04:22:34.621+0000] {logging_mixin.py:190} INFO - [2025-04-22T04:22:34.620+0000] {dag.py:4156} INFO - Setting next_dagrun for spotify_etl_dag to 2025-04-22 00:00:00+00:00, run_after=2025-04-23 00:00:00+00:00
[2025-04-22T04:22:34.629+0000] {processor.py:208} INFO - Processing /opt/airflow/dags/spotify_etl_dag.py took 0.060 seconds
[2025-04-22T04:23:05.004+0000] {processor.py:186} INFO - Started process (PID=6082) to work on /opt/airflow/dags/spotify_etl_dag.py
[2025-04-22T04:23:05.005+0000] {processor.py:914} INFO - Processing file /opt/airflow/dags/spotify_etl_dag.py for tasks to queue
[2025-04-22T04:23:05.007+0000] {logging_mixin.py:190} INFO - [2025-04-22T04:23:05.007+0000] {dagbag.py:587} INFO - Filling up the DagBag from /opt/airflow/dags/spotify_etl_dag.py
[2025-04-22T04:23:05.015+0000] {processor.py:925} INFO - DAG(s) 'spotify_etl_dag' retrieved from /opt/airflow/dags/spotify_etl_dag.py
[2025-04-22T04:23:05.032+0000] {logging_mixin.py:190} INFO - [2025-04-22T04:23:05.032+0000] {dag.py:3229} INFO - Sync 1 DAGs
[2025-04-22T04:23:05.044+0000] {logging_mixin.py:190} INFO - [2025-04-22T04:23:05.044+0000] {dag.py:4156} INFO - Setting next_dagrun for spotify_etl_dag to 2025-04-22 00:00:00+00:00, run_after=2025-04-23 00:00:00+00:00
[2025-04-22T04:23:05.056+0000] {processor.py:208} INFO - Processing /opt/airflow/dags/spotify_etl_dag.py took 0.056 seconds
[2025-04-22T04:23:35.383+0000] {processor.py:186} INFO - Started process (PID=6097) to work on /opt/airflow/dags/spotify_etl_dag.py
[2025-04-22T04:23:35.384+0000] {processor.py:914} INFO - Processing file /opt/airflow/dags/spotify_etl_dag.py for tasks to queue
[2025-04-22T04:23:35.386+0000] {logging_mixin.py:190} INFO - [2025-04-22T04:23:35.386+0000] {dagbag.py:587} INFO - Filling up the DagBag from /opt/airflow/dags/spotify_etl_dag.py
[2025-04-22T04:23:35.403+0000] {processor.py:925} INFO - DAG(s) 'spotify_etl_dag' retrieved from /opt/airflow/dags/spotify_etl_dag.py
[2025-04-22T04:23:35.427+0000] {logging_mixin.py:190} INFO - [2025-04-22T04:23:35.427+0000] {dag.py:3229} INFO - Sync 1 DAGs
[2025-04-22T04:23:35.448+0000] {logging_mixin.py:190} INFO - [2025-04-22T04:23:35.448+0000] {dag.py:4156} INFO - Setting next_dagrun for spotify_etl_dag to 2025-04-22 00:00:00+00:00, run_after=2025-04-23 00:00:00+00:00
[2025-04-22T04:23:35.460+0000] {processor.py:208} INFO - Processing /opt/airflow/dags/spotify_etl_dag.py took 0.084 seconds
[2025-04-22T04:24:05.762+0000] {processor.py:186} INFO - Started process (PID=6112) to work on /opt/airflow/dags/spotify_etl_dag.py
[2025-04-22T04:24:05.762+0000] {processor.py:914} INFO - Processing file /opt/airflow/dags/spotify_etl_dag.py for tasks to queue
[2025-04-22T04:24:05.766+0000] {logging_mixin.py:190} INFO - [2025-04-22T04:24:05.766+0000] {dagbag.py:587} INFO - Filling up the DagBag from /opt/airflow/dags/spotify_etl_dag.py
[2025-04-22T04:24:05.783+0000] {processor.py:925} INFO - DAG(s) 'spotify_etl_dag' retrieved from /opt/airflow/dags/spotify_etl_dag.py
[2025-04-22T04:24:05.808+0000] {logging_mixin.py:190} INFO - [2025-04-22T04:24:05.808+0000] {dag.py:3229} INFO - Sync 1 DAGs
[2025-04-22T04:24:05.826+0000] {logging_mixin.py:190} INFO - [2025-04-22T04:24:05.826+0000] {dag.py:4156} INFO - Setting next_dagrun for spotify_etl_dag to 2025-04-22 00:00:00+00:00, run_after=2025-04-23 00:00:00+00:00
[2025-04-22T04:24:05.840+0000] {processor.py:208} INFO - Processing /opt/airflow/dags/spotify_etl_dag.py took 0.086 seconds
[2025-04-22T04:24:36.182+0000] {processor.py:186} INFO - Started process (PID=6127) to work on /opt/airflow/dags/spotify_etl_dag.py
[2025-04-22T04:24:36.183+0000] {processor.py:914} INFO - Processing file /opt/airflow/dags/spotify_etl_dag.py for tasks to queue
[2025-04-22T04:24:36.184+0000] {logging_mixin.py:190} INFO - [2025-04-22T04:24:36.184+0000] {dagbag.py:587} INFO - Filling up the DagBag from /opt/airflow/dags/spotify_etl_dag.py
[2025-04-22T04:24:36.196+0000] {processor.py:925} INFO - DAG(s) 'spotify_etl_dag' retrieved from /opt/airflow/dags/spotify_etl_dag.py
[2025-04-22T04:24:36.213+0000] {logging_mixin.py:190} INFO - [2025-04-22T04:24:36.213+0000] {dag.py:3229} INFO - Sync 1 DAGs
[2025-04-22T04:24:36.224+0000] {logging_mixin.py:190} INFO - [2025-04-22T04:24:36.224+0000] {dag.py:4156} INFO - Setting next_dagrun for spotify_etl_dag to 2025-04-22 00:00:00+00:00, run_after=2025-04-23 00:00:00+00:00
[2025-04-22T04:24:36.233+0000] {processor.py:208} INFO - Processing /opt/airflow/dags/spotify_etl_dag.py took 0.057 seconds
[2025-04-22T04:25:06.597+0000] {processor.py:186} INFO - Started process (PID=6142) to work on /opt/airflow/dags/spotify_etl_dag.py
[2025-04-22T04:25:06.599+0000] {processor.py:914} INFO - Processing file /opt/airflow/dags/spotify_etl_dag.py for tasks to queue
[2025-04-22T04:25:06.602+0000] {logging_mixin.py:190} INFO - [2025-04-22T04:25:06.601+0000] {dagbag.py:587} INFO - Filling up the DagBag from /opt/airflow/dags/spotify_etl_dag.py
[2025-04-22T04:25:06.619+0000] {processor.py:925} INFO - DAG(s) 'spotify_etl_dag' retrieved from /opt/airflow/dags/spotify_etl_dag.py
[2025-04-22T04:25:06.638+0000] {logging_mixin.py:190} INFO - [2025-04-22T04:25:06.638+0000] {dag.py:3229} INFO - Sync 1 DAGs
[2025-04-22T04:25:06.649+0000] {logging_mixin.py:190} INFO - [2025-04-22T04:25:06.649+0000] {dag.py:4156} INFO - Setting next_dagrun for spotify_etl_dag to 2025-04-22 00:00:00+00:00, run_after=2025-04-23 00:00:00+00:00
[2025-04-22T04:25:06.658+0000] {processor.py:208} INFO - Processing /opt/airflow/dags/spotify_etl_dag.py took 0.070 seconds
[2025-04-22T04:25:37.010+0000] {processor.py:186} INFO - Started process (PID=6157) to work on /opt/airflow/dags/spotify_etl_dag.py
[2025-04-22T04:25:37.011+0000] {processor.py:914} INFO - Processing file /opt/airflow/dags/spotify_etl_dag.py for tasks to queue
[2025-04-22T04:25:37.013+0000] {logging_mixin.py:190} INFO - [2025-04-22T04:25:37.012+0000] {dagbag.py:587} INFO - Filling up the DagBag from /opt/airflow/dags/spotify_etl_dag.py
[2025-04-22T04:25:37.023+0000] {processor.py:925} INFO - DAG(s) 'spotify_etl_dag' retrieved from /opt/airflow/dags/spotify_etl_dag.py
[2025-04-22T04:25:37.039+0000] {logging_mixin.py:190} INFO - [2025-04-22T04:25:37.038+0000] {dag.py:3229} INFO - Sync 1 DAGs
[2025-04-22T04:25:37.051+0000] {logging_mixin.py:190} INFO - [2025-04-22T04:25:37.051+0000] {dag.py:4156} INFO - Setting next_dagrun for spotify_etl_dag to 2025-04-22 00:00:00+00:00, run_after=2025-04-23 00:00:00+00:00
[2025-04-22T04:25:37.062+0000] {processor.py:208} INFO - Processing /opt/airflow/dags/spotify_etl_dag.py took 0.060 seconds
[2025-04-22T04:26:07.451+0000] {processor.py:186} INFO - Started process (PID=6172) to work on /opt/airflow/dags/spotify_etl_dag.py
[2025-04-22T04:26:07.452+0000] {processor.py:914} INFO - Processing file /opt/airflow/dags/spotify_etl_dag.py for tasks to queue
[2025-04-22T04:26:07.454+0000] {logging_mixin.py:190} INFO - [2025-04-22T04:26:07.454+0000] {dagbag.py:587} INFO - Filling up the DagBag from /opt/airflow/dags/spotify_etl_dag.py
[2025-04-22T04:26:07.468+0000] {processor.py:925} INFO - DAG(s) 'spotify_etl_dag' retrieved from /opt/airflow/dags/spotify_etl_dag.py
[2025-04-22T04:26:07.487+0000] {logging_mixin.py:190} INFO - [2025-04-22T04:26:07.487+0000] {dag.py:3229} INFO - Sync 1 DAGs
[2025-04-22T04:26:07.499+0000] {logging_mixin.py:190} INFO - [2025-04-22T04:26:07.499+0000] {dag.py:4156} INFO - Setting next_dagrun for spotify_etl_dag to 2025-04-22 00:00:00+00:00, run_after=2025-04-23 00:00:00+00:00
[2025-04-22T04:26:07.509+0000] {processor.py:208} INFO - Processing /opt/airflow/dags/spotify_etl_dag.py took 0.066 seconds
[2025-04-22T04:26:37.912+0000] {processor.py:186} INFO - Started process (PID=6187) to work on /opt/airflow/dags/spotify_etl_dag.py
[2025-04-22T04:26:37.913+0000] {processor.py:914} INFO - Processing file /opt/airflow/dags/spotify_etl_dag.py for tasks to queue
[2025-04-22T04:26:37.915+0000] {logging_mixin.py:190} INFO - [2025-04-22T04:26:37.915+0000] {dagbag.py:587} INFO - Filling up the DagBag from /opt/airflow/dags/spotify_etl_dag.py
[2025-04-22T04:26:37.931+0000] {processor.py:925} INFO - DAG(s) 'spotify_etl_dag' retrieved from /opt/airflow/dags/spotify_etl_dag.py
[2025-04-22T04:26:37.944+0000] {logging_mixin.py:190} INFO - [2025-04-22T04:26:37.944+0000] {dag.py:3229} INFO - Sync 1 DAGs
[2025-04-22T04:26:37.954+0000] {logging_mixin.py:190} INFO - [2025-04-22T04:26:37.954+0000] {dag.py:4156} INFO - Setting next_dagrun for spotify_etl_dag to 2025-04-22 00:00:00+00:00, run_after=2025-04-23 00:00:00+00:00
[2025-04-22T04:26:37.963+0000] {processor.py:208} INFO - Processing /opt/airflow/dags/spotify_etl_dag.py took 0.058 seconds
[2025-04-22T04:27:08.357+0000] {processor.py:186} INFO - Started process (PID=6202) to work on /opt/airflow/dags/spotify_etl_dag.py
[2025-04-22T04:27:08.358+0000] {processor.py:914} INFO - Processing file /opt/airflow/dags/spotify_etl_dag.py for tasks to queue
[2025-04-22T04:27:08.361+0000] {logging_mixin.py:190} INFO - [2025-04-22T04:27:08.361+0000] {dagbag.py:587} INFO - Filling up the DagBag from /opt/airflow/dags/spotify_etl_dag.py
[2025-04-22T04:27:08.379+0000] {processor.py:925} INFO - DAG(s) 'spotify_etl_dag' retrieved from /opt/airflow/dags/spotify_etl_dag.py
[2025-04-22T04:27:08.399+0000] {logging_mixin.py:190} INFO - [2025-04-22T04:27:08.398+0000] {dag.py:3229} INFO - Sync 1 DAGs
[2025-04-22T04:27:08.414+0000] {logging_mixin.py:190} INFO - [2025-04-22T04:27:08.414+0000] {dag.py:4156} INFO - Setting next_dagrun for spotify_etl_dag to 2025-04-22 00:00:00+00:00, run_after=2025-04-23 00:00:00+00:00
[2025-04-22T04:27:08.423+0000] {processor.py:208} INFO - Processing /opt/airflow/dags/spotify_etl_dag.py took 0.073 seconds
[2025-04-22T04:27:38.763+0000] {processor.py:186} INFO - Started process (PID=6217) to work on /opt/airflow/dags/spotify_etl_dag.py
[2025-04-22T04:27:38.764+0000] {processor.py:914} INFO - Processing file /opt/airflow/dags/spotify_etl_dag.py for tasks to queue
[2025-04-22T04:27:38.767+0000] {logging_mixin.py:190} INFO - [2025-04-22T04:27:38.767+0000] {dagbag.py:587} INFO - Filling up the DagBag from /opt/airflow/dags/spotify_etl_dag.py
[2025-04-22T04:27:38.778+0000] {processor.py:925} INFO - DAG(s) 'spotify_etl_dag' retrieved from /opt/airflow/dags/spotify_etl_dag.py
[2025-04-22T04:27:38.800+0000] {logging_mixin.py:190} INFO - [2025-04-22T04:27:38.799+0000] {dag.py:3229} INFO - Sync 1 DAGs
[2025-04-22T04:27:38.816+0000] {logging_mixin.py:190} INFO - [2025-04-22T04:27:38.816+0000] {dag.py:4156} INFO - Setting next_dagrun for spotify_etl_dag to 2025-04-22 00:00:00+00:00, run_after=2025-04-23 00:00:00+00:00
[2025-04-22T04:27:38.825+0000] {processor.py:208} INFO - Processing /opt/airflow/dags/spotify_etl_dag.py took 0.068 seconds
[2025-04-22T04:28:09.174+0000] {processor.py:186} INFO - Started process (PID=6232) to work on /opt/airflow/dags/spotify_etl_dag.py
[2025-04-22T04:28:09.175+0000] {processor.py:914} INFO - Processing file /opt/airflow/dags/spotify_etl_dag.py for tasks to queue
[2025-04-22T04:28:09.178+0000] {logging_mixin.py:190} INFO - [2025-04-22T04:28:09.178+0000] {dagbag.py:587} INFO - Filling up the DagBag from /opt/airflow/dags/spotify_etl_dag.py
[2025-04-22T04:28:09.192+0000] {processor.py:925} INFO - DAG(s) 'spotify_etl_dag' retrieved from /opt/airflow/dags/spotify_etl_dag.py
[2025-04-22T04:28:09.211+0000] {logging_mixin.py:190} INFO - [2025-04-22T04:28:09.210+0000] {dag.py:3229} INFO - Sync 1 DAGs
[2025-04-22T04:28:09.225+0000] {logging_mixin.py:190} INFO - [2025-04-22T04:28:09.225+0000] {dag.py:4156} INFO - Setting next_dagrun for spotify_etl_dag to 2025-04-22 00:00:00+00:00, run_after=2025-04-23 00:00:00+00:00
[2025-04-22T04:28:09.233+0000] {processor.py:208} INFO - Processing /opt/airflow/dags/spotify_etl_dag.py took 0.066 seconds
[2025-04-22T04:28:39.633+0000] {processor.py:186} INFO - Started process (PID=6247) to work on /opt/airflow/dags/spotify_etl_dag.py
[2025-04-22T04:28:39.634+0000] {processor.py:914} INFO - Processing file /opt/airflow/dags/spotify_etl_dag.py for tasks to queue
[2025-04-22T04:28:39.638+0000] {logging_mixin.py:190} INFO - [2025-04-22T04:28:39.637+0000] {dagbag.py:587} INFO - Filling up the DagBag from /opt/airflow/dags/spotify_etl_dag.py
[2025-04-22T04:28:39.653+0000] {processor.py:925} INFO - DAG(s) 'spotify_etl_dag' retrieved from /opt/airflow/dags/spotify_etl_dag.py
[2025-04-22T04:28:39.670+0000] {logging_mixin.py:190} INFO - [2025-04-22T04:28:39.669+0000] {dag.py:3229} INFO - Sync 1 DAGs
[2025-04-22T04:28:39.682+0000] {logging_mixin.py:190} INFO - [2025-04-22T04:28:39.682+0000] {dag.py:4156} INFO - Setting next_dagrun for spotify_etl_dag to 2025-04-22 00:00:00+00:00, run_after=2025-04-23 00:00:00+00:00
[2025-04-22T04:28:39.690+0000] {processor.py:208} INFO - Processing /opt/airflow/dags/spotify_etl_dag.py took 0.067 seconds
[2025-04-22T04:29:10.075+0000] {processor.py:186} INFO - Started process (PID=6262) to work on /opt/airflow/dags/spotify_etl_dag.py
[2025-04-22T04:29:10.076+0000] {processor.py:914} INFO - Processing file /opt/airflow/dags/spotify_etl_dag.py for tasks to queue
[2025-04-22T04:29:10.080+0000] {logging_mixin.py:190} INFO - [2025-04-22T04:29:10.079+0000] {dagbag.py:587} INFO - Filling up the DagBag from /opt/airflow/dags/spotify_etl_dag.py
[2025-04-22T04:29:10.094+0000] {processor.py:925} INFO - DAG(s) 'spotify_etl_dag' retrieved from /opt/airflow/dags/spotify_etl_dag.py
[2025-04-22T04:29:10.113+0000] {logging_mixin.py:190} INFO - [2025-04-22T04:29:10.112+0000] {dag.py:3229} INFO - Sync 1 DAGs
[2025-04-22T04:29:10.126+0000] {logging_mixin.py:190} INFO - [2025-04-22T04:29:10.125+0000] {dag.py:4156} INFO - Setting next_dagrun for spotify_etl_dag to 2025-04-22 00:00:00+00:00, run_after=2025-04-23 00:00:00+00:00
[2025-04-22T04:29:10.135+0000] {processor.py:208} INFO - Processing /opt/airflow/dags/spotify_etl_dag.py took 0.070 seconds
[2025-04-22T04:29:40.509+0000] {processor.py:186} INFO - Started process (PID=6277) to work on /opt/airflow/dags/spotify_etl_dag.py
[2025-04-22T04:29:40.510+0000] {processor.py:914} INFO - Processing file /opt/airflow/dags/spotify_etl_dag.py for tasks to queue
[2025-04-22T04:29:40.513+0000] {logging_mixin.py:190} INFO - [2025-04-22T04:29:40.513+0000] {dagbag.py:587} INFO - Filling up the DagBag from /opt/airflow/dags/spotify_etl_dag.py
[2025-04-22T04:29:40.528+0000] {processor.py:925} INFO - DAG(s) 'spotify_etl_dag' retrieved from /opt/airflow/dags/spotify_etl_dag.py
[2025-04-22T04:29:40.546+0000] {logging_mixin.py:190} INFO - [2025-04-22T04:29:40.546+0000] {dag.py:3229} INFO - Sync 1 DAGs
[2025-04-22T04:29:40.556+0000] {logging_mixin.py:190} INFO - [2025-04-22T04:29:40.556+0000] {dag.py:4156} INFO - Setting next_dagrun for spotify_etl_dag to 2025-04-22 00:00:00+00:00, run_after=2025-04-23 00:00:00+00:00
[2025-04-22T04:29:40.564+0000] {processor.py:208} INFO - Processing /opt/airflow/dags/spotify_etl_dag.py took 0.064 seconds
[2025-04-22T04:30:10.866+0000] {processor.py:186} INFO - Started process (PID=6292) to work on /opt/airflow/dags/spotify_etl_dag.py
[2025-04-22T04:30:10.867+0000] {processor.py:914} INFO - Processing file /opt/airflow/dags/spotify_etl_dag.py for tasks to queue
[2025-04-22T04:30:10.871+0000] {logging_mixin.py:190} INFO - [2025-04-22T04:30:10.871+0000] {dagbag.py:587} INFO - Filling up the DagBag from /opt/airflow/dags/spotify_etl_dag.py
[2025-04-22T04:30:10.881+0000] {processor.py:925} INFO - DAG(s) 'spotify_etl_dag' retrieved from /opt/airflow/dags/spotify_etl_dag.py
[2025-04-22T04:30:10.899+0000] {logging_mixin.py:190} INFO - [2025-04-22T04:30:10.899+0000] {dag.py:3229} INFO - Sync 1 DAGs
[2025-04-22T04:30:10.909+0000] {logging_mixin.py:190} INFO - [2025-04-22T04:30:10.909+0000] {dag.py:4156} INFO - Setting next_dagrun for spotify_etl_dag to 2025-04-22 00:00:00+00:00, run_after=2025-04-23 00:00:00+00:00
[2025-04-22T04:30:10.917+0000] {processor.py:208} INFO - Processing /opt/airflow/dags/spotify_etl_dag.py took 0.057 seconds
[2025-04-22T04:30:41.329+0000] {processor.py:186} INFO - Started process (PID=6307) to work on /opt/airflow/dags/spotify_etl_dag.py
[2025-04-22T04:30:41.330+0000] {processor.py:914} INFO - Processing file /opt/airflow/dags/spotify_etl_dag.py for tasks to queue
[2025-04-22T04:30:41.334+0000] {logging_mixin.py:190} INFO - [2025-04-22T04:30:41.334+0000] {dagbag.py:587} INFO - Filling up the DagBag from /opt/airflow/dags/spotify_etl_dag.py
[2025-04-22T04:30:41.345+0000] {processor.py:925} INFO - DAG(s) 'spotify_etl_dag' retrieved from /opt/airflow/dags/spotify_etl_dag.py
[2025-04-22T04:30:41.361+0000] {logging_mixin.py:190} INFO - [2025-04-22T04:30:41.360+0000] {dag.py:3229} INFO - Sync 1 DAGs
[2025-04-22T04:30:41.376+0000] {logging_mixin.py:190} INFO - [2025-04-22T04:30:41.376+0000] {dag.py:4156} INFO - Setting next_dagrun for spotify_etl_dag to 2025-04-22 00:00:00+00:00, run_after=2025-04-23 00:00:00+00:00
[2025-04-22T04:30:41.384+0000] {processor.py:208} INFO - Processing /opt/airflow/dags/spotify_etl_dag.py took 0.064 seconds
[2025-04-22T04:31:11.780+0000] {processor.py:186} INFO - Started process (PID=6322) to work on /opt/airflow/dags/spotify_etl_dag.py
[2025-04-22T04:31:11.781+0000] {processor.py:914} INFO - Processing file /opt/airflow/dags/spotify_etl_dag.py for tasks to queue
[2025-04-22T04:31:11.787+0000] {logging_mixin.py:190} INFO - [2025-04-22T04:31:11.787+0000] {dagbag.py:587} INFO - Filling up the DagBag from /opt/airflow/dags/spotify_etl_dag.py
[2025-04-22T04:31:11.810+0000] {processor.py:925} INFO - DAG(s) 'spotify_etl_dag' retrieved from /opt/airflow/dags/spotify_etl_dag.py
[2025-04-22T04:31:11.827+0000] {logging_mixin.py:190} INFO - [2025-04-22T04:31:11.826+0000] {dag.py:3229} INFO - Sync 1 DAGs
[2025-04-22T04:31:11.838+0000] {logging_mixin.py:190} INFO - [2025-04-22T04:31:11.838+0000] {dag.py:4156} INFO - Setting next_dagrun for spotify_etl_dag to 2025-04-22 00:00:00+00:00, run_after=2025-04-23 00:00:00+00:00
[2025-04-22T04:31:11.848+0000] {processor.py:208} INFO - Processing /opt/airflow/dags/spotify_etl_dag.py took 0.082 seconds
[2025-04-22T04:31:42.212+0000] {processor.py:186} INFO - Started process (PID=6337) to work on /opt/airflow/dags/spotify_etl_dag.py
[2025-04-22T04:31:42.212+0000] {processor.py:914} INFO - Processing file /opt/airflow/dags/spotify_etl_dag.py for tasks to queue
[2025-04-22T04:31:42.214+0000] {logging_mixin.py:190} INFO - [2025-04-22T04:31:42.214+0000] {dagbag.py:587} INFO - Filling up the DagBag from /opt/airflow/dags/spotify_etl_dag.py
[2025-04-22T04:31:42.224+0000] {processor.py:925} INFO - DAG(s) 'spotify_etl_dag' retrieved from /opt/airflow/dags/spotify_etl_dag.py
[2025-04-22T04:31:42.239+0000] {logging_mixin.py:190} INFO - [2025-04-22T04:31:42.239+0000] {dag.py:3229} INFO - Sync 1 DAGs
[2025-04-22T04:31:42.252+0000] {logging_mixin.py:190} INFO - [2025-04-22T04:31:42.252+0000] {dag.py:4156} INFO - Setting next_dagrun for spotify_etl_dag to 2025-04-22 00:00:00+00:00, run_after=2025-04-23 00:00:00+00:00
[2025-04-22T04:31:42.260+0000] {processor.py:208} INFO - Processing /opt/airflow/dags/spotify_etl_dag.py took 0.054 seconds
[2025-04-22T04:32:12.664+0000] {processor.py:186} INFO - Started process (PID=6352) to work on /opt/airflow/dags/spotify_etl_dag.py
[2025-04-22T04:32:12.665+0000] {processor.py:914} INFO - Processing file /opt/airflow/dags/spotify_etl_dag.py for tasks to queue
[2025-04-22T04:32:12.668+0000] {logging_mixin.py:190} INFO - [2025-04-22T04:32:12.668+0000] {dagbag.py:587} INFO - Filling up the DagBag from /opt/airflow/dags/spotify_etl_dag.py
[2025-04-22T04:32:12.683+0000] {processor.py:925} INFO - DAG(s) 'spotify_etl_dag' retrieved from /opt/airflow/dags/spotify_etl_dag.py
[2025-04-22T04:32:12.701+0000] {logging_mixin.py:190} INFO - [2025-04-22T04:32:12.700+0000] {dag.py:3229} INFO - Sync 1 DAGs
[2025-04-22T04:32:12.711+0000] {logging_mixin.py:190} INFO - [2025-04-22T04:32:12.711+0000] {dag.py:4156} INFO - Setting next_dagrun for spotify_etl_dag to 2025-04-22 00:00:00+00:00, run_after=2025-04-23 00:00:00+00:00
[2025-04-22T04:32:12.720+0000] {processor.py:208} INFO - Processing /opt/airflow/dags/spotify_etl_dag.py took 0.065 seconds
[2025-04-22T04:32:43.092+0000] {processor.py:186} INFO - Started process (PID=6367) to work on /opt/airflow/dags/spotify_etl_dag.py
[2025-04-22T04:32:43.094+0000] {processor.py:914} INFO - Processing file /opt/airflow/dags/spotify_etl_dag.py for tasks to queue
[2025-04-22T04:32:43.099+0000] {logging_mixin.py:190} INFO - [2025-04-22T04:32:43.099+0000] {dagbag.py:587} INFO - Filling up the DagBag from /opt/airflow/dags/spotify_etl_dag.py
[2025-04-22T04:32:43.114+0000] {processor.py:925} INFO - DAG(s) 'spotify_etl_dag' retrieved from /opt/airflow/dags/spotify_etl_dag.py
[2025-04-22T04:32:43.128+0000] {logging_mixin.py:190} INFO - [2025-04-22T04:32:43.128+0000] {dag.py:3229} INFO - Sync 1 DAGs
[2025-04-22T04:32:43.138+0000] {logging_mixin.py:190} INFO - [2025-04-22T04:32:43.138+0000] {dag.py:4156} INFO - Setting next_dagrun for spotify_etl_dag to 2025-04-22 00:00:00+00:00, run_after=2025-04-23 00:00:00+00:00
[2025-04-22T04:32:43.148+0000] {processor.py:208} INFO - Processing /opt/airflow/dags/spotify_etl_dag.py took 0.064 seconds
[2025-04-22T04:33:13.496+0000] {processor.py:186} INFO - Started process (PID=6382) to work on /opt/airflow/dags/spotify_etl_dag.py
[2025-04-22T04:33:13.497+0000] {processor.py:914} INFO - Processing file /opt/airflow/dags/spotify_etl_dag.py for tasks to queue
[2025-04-22T04:33:13.499+0000] {logging_mixin.py:190} INFO - [2025-04-22T04:33:13.499+0000] {dagbag.py:587} INFO - Filling up the DagBag from /opt/airflow/dags/spotify_etl_dag.py
[2025-04-22T04:33:13.506+0000] {processor.py:925} INFO - DAG(s) 'spotify_etl_dag' retrieved from /opt/airflow/dags/spotify_etl_dag.py
[2025-04-22T04:33:13.522+0000] {logging_mixin.py:190} INFO - [2025-04-22T04:33:13.522+0000] {dag.py:3229} INFO - Sync 1 DAGs
[2025-04-22T04:33:13.534+0000] {logging_mixin.py:190} INFO - [2025-04-22T04:33:13.534+0000] {dag.py:4156} INFO - Setting next_dagrun for spotify_etl_dag to 2025-04-22 00:00:00+00:00, run_after=2025-04-23 00:00:00+00:00
[2025-04-22T04:33:13.544+0000] {processor.py:208} INFO - Processing /opt/airflow/dags/spotify_etl_dag.py took 0.051 seconds
[2025-04-22T04:33:43.922+0000] {processor.py:186} INFO - Started process (PID=6397) to work on /opt/airflow/dags/spotify_etl_dag.py
[2025-04-22T04:33:43.924+0000] {processor.py:914} INFO - Processing file /opt/airflow/dags/spotify_etl_dag.py for tasks to queue
[2025-04-22T04:33:43.927+0000] {logging_mixin.py:190} INFO - [2025-04-22T04:33:43.927+0000] {dagbag.py:587} INFO - Filling up the DagBag from /opt/airflow/dags/spotify_etl_dag.py
[2025-04-22T04:33:43.941+0000] {processor.py:925} INFO - DAG(s) 'spotify_etl_dag' retrieved from /opt/airflow/dags/spotify_etl_dag.py
[2025-04-22T04:33:43.955+0000] {logging_mixin.py:190} INFO - [2025-04-22T04:33:43.955+0000] {dag.py:3229} INFO - Sync 1 DAGs
[2025-04-22T04:33:43.966+0000] {logging_mixin.py:190} INFO - [2025-04-22T04:33:43.966+0000] {dag.py:4156} INFO - Setting next_dagrun for spotify_etl_dag to 2025-04-22 00:00:00+00:00, run_after=2025-04-23 00:00:00+00:00
[2025-04-22T04:33:43.975+0000] {processor.py:208} INFO - Processing /opt/airflow/dags/spotify_etl_dag.py took 0.062 seconds
[2025-04-22T04:34:14.317+0000] {processor.py:186} INFO - Started process (PID=6412) to work on /opt/airflow/dags/spotify_etl_dag.py
[2025-04-22T04:34:14.318+0000] {processor.py:914} INFO - Processing file /opt/airflow/dags/spotify_etl_dag.py for tasks to queue
[2025-04-22T04:34:14.319+0000] {logging_mixin.py:190} INFO - [2025-04-22T04:34:14.319+0000] {dagbag.py:587} INFO - Filling up the DagBag from /opt/airflow/dags/spotify_etl_dag.py
[2025-04-22T04:34:14.332+0000] {processor.py:925} INFO - DAG(s) 'spotify_etl_dag' retrieved from /opt/airflow/dags/spotify_etl_dag.py
[2025-04-22T04:34:14.345+0000] {logging_mixin.py:190} INFO - [2025-04-22T04:34:14.344+0000] {dag.py:3229} INFO - Sync 1 DAGs
[2025-04-22T04:34:14.355+0000] {logging_mixin.py:190} INFO - [2025-04-22T04:34:14.355+0000] {dag.py:4156} INFO - Setting next_dagrun for spotify_etl_dag to 2025-04-22 00:00:00+00:00, run_after=2025-04-23 00:00:00+00:00
[2025-04-22T04:34:14.363+0000] {processor.py:208} INFO - Processing /opt/airflow/dags/spotify_etl_dag.py took 0.050 seconds
[2025-04-22T04:34:44.749+0000] {processor.py:186} INFO - Started process (PID=6427) to work on /opt/airflow/dags/spotify_etl_dag.py
[2025-04-22T04:34:44.751+0000] {processor.py:914} INFO - Processing file /opt/airflow/dags/spotify_etl_dag.py for tasks to queue
[2025-04-22T04:34:44.755+0000] {logging_mixin.py:190} INFO - [2025-04-22T04:34:44.754+0000] {dagbag.py:587} INFO - Filling up the DagBag from /opt/airflow/dags/spotify_etl_dag.py
[2025-04-22T04:34:44.772+0000] {processor.py:925} INFO - DAG(s) 'spotify_etl_dag' retrieved from /opt/airflow/dags/spotify_etl_dag.py
[2025-04-22T04:34:44.793+0000] {logging_mixin.py:190} INFO - [2025-04-22T04:34:44.792+0000] {dag.py:3229} INFO - Sync 1 DAGs
[2025-04-22T04:34:44.808+0000] {logging_mixin.py:190} INFO - [2025-04-22T04:34:44.807+0000] {dag.py:4156} INFO - Setting next_dagrun for spotify_etl_dag to 2025-04-22 00:00:00+00:00, run_after=2025-04-23 00:00:00+00:00
[2025-04-22T04:34:44.821+0000] {processor.py:208} INFO - Processing /opt/airflow/dags/spotify_etl_dag.py took 0.084 seconds
[2025-04-22T04:35:15.169+0000] {processor.py:186} INFO - Started process (PID=6442) to work on /opt/airflow/dags/spotify_etl_dag.py
[2025-04-22T04:35:15.170+0000] {processor.py:914} INFO - Processing file /opt/airflow/dags/spotify_etl_dag.py for tasks to queue
[2025-04-22T04:35:15.172+0000] {logging_mixin.py:190} INFO - [2025-04-22T04:35:15.172+0000] {dagbag.py:587} INFO - Filling up the DagBag from /opt/airflow/dags/spotify_etl_dag.py
[2025-04-22T04:35:15.186+0000] {processor.py:925} INFO - DAG(s) 'spotify_etl_dag' retrieved from /opt/airflow/dags/spotify_etl_dag.py
[2025-04-22T04:35:15.204+0000] {logging_mixin.py:190} INFO - [2025-04-22T04:35:15.204+0000] {dag.py:3229} INFO - Sync 1 DAGs
[2025-04-22T04:35:15.217+0000] {logging_mixin.py:190} INFO - [2025-04-22T04:35:15.217+0000] {dag.py:4156} INFO - Setting next_dagrun for spotify_etl_dag to 2025-04-22 00:00:00+00:00, run_after=2025-04-23 00:00:00+00:00
[2025-04-22T04:35:15.227+0000] {processor.py:208} INFO - Processing /opt/airflow/dags/spotify_etl_dag.py took 0.068 seconds
[2025-04-22T04:35:45.629+0000] {processor.py:186} INFO - Started process (PID=6457) to work on /opt/airflow/dags/spotify_etl_dag.py
[2025-04-22T04:35:45.630+0000] {processor.py:914} INFO - Processing file /opt/airflow/dags/spotify_etl_dag.py for tasks to queue
[2025-04-22T04:35:45.633+0000] {logging_mixin.py:190} INFO - [2025-04-22T04:35:45.633+0000] {dagbag.py:587} INFO - Filling up the DagBag from /opt/airflow/dags/spotify_etl_dag.py
[2025-04-22T04:35:45.648+0000] {processor.py:925} INFO - DAG(s) 'spotify_etl_dag' retrieved from /opt/airflow/dags/spotify_etl_dag.py
[2025-04-22T04:35:45.666+0000] {logging_mixin.py:190} INFO - [2025-04-22T04:35:45.666+0000] {dag.py:3229} INFO - Sync 1 DAGs
[2025-04-22T04:35:45.682+0000] {logging_mixin.py:190} INFO - [2025-04-22T04:35:45.682+0000] {dag.py:4156} INFO - Setting next_dagrun for spotify_etl_dag to 2025-04-22 00:00:00+00:00, run_after=2025-04-23 00:00:00+00:00
[2025-04-22T04:35:45.692+0000] {processor.py:208} INFO - Processing /opt/airflow/dags/spotify_etl_dag.py took 0.071 seconds
[2025-04-22T04:36:16.079+0000] {processor.py:186} INFO - Started process (PID=6472) to work on /opt/airflow/dags/spotify_etl_dag.py
[2025-04-22T04:36:16.080+0000] {processor.py:914} INFO - Processing file /opt/airflow/dags/spotify_etl_dag.py for tasks to queue
[2025-04-22T04:36:16.081+0000] {logging_mixin.py:190} INFO - [2025-04-22T04:36:16.081+0000] {dagbag.py:587} INFO - Filling up the DagBag from /opt/airflow/dags/spotify_etl_dag.py
[2025-04-22T04:36:16.090+0000] {processor.py:925} INFO - DAG(s) 'spotify_etl_dag' retrieved from /opt/airflow/dags/spotify_etl_dag.py
[2025-04-22T04:36:16.103+0000] {logging_mixin.py:190} INFO - [2025-04-22T04:36:16.103+0000] {dag.py:3229} INFO - Sync 1 DAGs
[2025-04-22T04:36:16.113+0000] {logging_mixin.py:190} INFO - [2025-04-22T04:36:16.113+0000] {dag.py:4156} INFO - Setting next_dagrun for spotify_etl_dag to 2025-04-22 00:00:00+00:00, run_after=2025-04-23 00:00:00+00:00
[2025-04-22T04:36:16.124+0000] {processor.py:208} INFO - Processing /opt/airflow/dags/spotify_etl_dag.py took 0.048 seconds
[2025-04-22T04:36:46.532+0000] {processor.py:186} INFO - Started process (PID=6487) to work on /opt/airflow/dags/spotify_etl_dag.py
[2025-04-22T04:36:46.533+0000] {processor.py:914} INFO - Processing file /opt/airflow/dags/spotify_etl_dag.py for tasks to queue
[2025-04-22T04:36:46.536+0000] {logging_mixin.py:190} INFO - [2025-04-22T04:36:46.536+0000] {dagbag.py:587} INFO - Filling up the DagBag from /opt/airflow/dags/spotify_etl_dag.py
[2025-04-22T04:36:46.550+0000] {processor.py:925} INFO - DAG(s) 'spotify_etl_dag' retrieved from /opt/airflow/dags/spotify_etl_dag.py
[2025-04-22T04:36:46.566+0000] {logging_mixin.py:190} INFO - [2025-04-22T04:36:46.566+0000] {dag.py:3229} INFO - Sync 1 DAGs
[2025-04-22T04:36:46.577+0000] {logging_mixin.py:190} INFO - [2025-04-22T04:36:46.577+0000] {dag.py:4156} INFO - Setting next_dagrun for spotify_etl_dag to 2025-04-22 00:00:00+00:00, run_after=2025-04-23 00:00:00+00:00
[2025-04-22T04:36:46.585+0000] {processor.py:208} INFO - Processing /opt/airflow/dags/spotify_etl_dag.py took 0.063 seconds
[2025-04-22T04:37:17.007+0000] {processor.py:186} INFO - Started process (PID=6502) to work on /opt/airflow/dags/spotify_etl_dag.py
[2025-04-22T04:37:17.009+0000] {processor.py:914} INFO - Processing file /opt/airflow/dags/spotify_etl_dag.py for tasks to queue
[2025-04-22T04:37:17.013+0000] {logging_mixin.py:190} INFO - [2025-04-22T04:37:17.013+0000] {dagbag.py:587} INFO - Filling up the DagBag from /opt/airflow/dags/spotify_etl_dag.py
[2025-04-22T04:37:17.030+0000] {processor.py:925} INFO - DAG(s) 'spotify_etl_dag' retrieved from /opt/airflow/dags/spotify_etl_dag.py
[2025-04-22T04:37:17.048+0000] {logging_mixin.py:190} INFO - [2025-04-22T04:37:17.048+0000] {dag.py:3229} INFO - Sync 1 DAGs
[2025-04-22T04:37:17.068+0000] {logging_mixin.py:190} INFO - [2025-04-22T04:37:17.068+0000] {dag.py:4156} INFO - Setting next_dagrun for spotify_etl_dag to 2025-04-22 00:00:00+00:00, run_after=2025-04-23 00:00:00+00:00
[2025-04-22T04:37:17.080+0000] {processor.py:208} INFO - Processing /opt/airflow/dags/spotify_etl_dag.py took 0.084 seconds
[2025-04-22T04:37:47.439+0000] {processor.py:186} INFO - Started process (PID=6517) to work on /opt/airflow/dags/spotify_etl_dag.py
[2025-04-22T04:37:47.440+0000] {processor.py:914} INFO - Processing file /opt/airflow/dags/spotify_etl_dag.py for tasks to queue
[2025-04-22T04:37:47.442+0000] {logging_mixin.py:190} INFO - [2025-04-22T04:37:47.441+0000] {dagbag.py:587} INFO - Filling up the DagBag from /opt/airflow/dags/spotify_etl_dag.py
[2025-04-22T04:37:47.454+0000] {processor.py:925} INFO - DAG(s) 'spotify_etl_dag' retrieved from /opt/airflow/dags/spotify_etl_dag.py
[2025-04-22T04:37:47.469+0000] {logging_mixin.py:190} INFO - [2025-04-22T04:37:47.469+0000] {dag.py:3229} INFO - Sync 1 DAGs
[2025-04-22T04:37:47.483+0000] {logging_mixin.py:190} INFO - [2025-04-22T04:37:47.482+0000] {dag.py:4156} INFO - Setting next_dagrun for spotify_etl_dag to 2025-04-22 00:00:00+00:00, run_after=2025-04-23 00:00:00+00:00
[2025-04-22T04:37:47.491+0000] {processor.py:208} INFO - Processing /opt/airflow/dags/spotify_etl_dag.py took 0.058 seconds
[2025-04-22T04:38:17.871+0000] {processor.py:186} INFO - Started process (PID=6532) to work on /opt/airflow/dags/spotify_etl_dag.py
[2025-04-22T04:38:17.872+0000] {processor.py:914} INFO - Processing file /opt/airflow/dags/spotify_etl_dag.py for tasks to queue
[2025-04-22T04:38:17.875+0000] {logging_mixin.py:190} INFO - [2025-04-22T04:38:17.875+0000] {dagbag.py:587} INFO - Filling up the DagBag from /opt/airflow/dags/spotify_etl_dag.py
[2025-04-22T04:38:17.892+0000] {processor.py:925} INFO - DAG(s) 'spotify_etl_dag' retrieved from /opt/airflow/dags/spotify_etl_dag.py
[2025-04-22T04:38:17.909+0000] {logging_mixin.py:190} INFO - [2025-04-22T04:38:17.909+0000] {dag.py:3229} INFO - Sync 1 DAGs
[2025-04-22T04:38:17.919+0000] {logging_mixin.py:190} INFO - [2025-04-22T04:38:17.919+0000] {dag.py:4156} INFO - Setting next_dagrun for spotify_etl_dag to 2025-04-22 00:00:00+00:00, run_after=2025-04-23 00:00:00+00:00
[2025-04-22T04:38:17.928+0000] {processor.py:208} INFO - Processing /opt/airflow/dags/spotify_etl_dag.py took 0.067 seconds
[2025-04-22T04:38:48.279+0000] {processor.py:186} INFO - Started process (PID=6547) to work on /opt/airflow/dags/spotify_etl_dag.py
[2025-04-22T04:38:48.280+0000] {processor.py:914} INFO - Processing file /opt/airflow/dags/spotify_etl_dag.py for tasks to queue
[2025-04-22T04:38:48.284+0000] {logging_mixin.py:190} INFO - [2025-04-22T04:38:48.284+0000] {dagbag.py:587} INFO - Filling up the DagBag from /opt/airflow/dags/spotify_etl_dag.py
[2025-04-22T04:38:48.298+0000] {processor.py:925} INFO - DAG(s) 'spotify_etl_dag' retrieved from /opt/airflow/dags/spotify_etl_dag.py
[2025-04-22T04:38:48.315+0000] {logging_mixin.py:190} INFO - [2025-04-22T04:38:48.315+0000] {dag.py:3229} INFO - Sync 1 DAGs
[2025-04-22T04:38:48.330+0000] {logging_mixin.py:190} INFO - [2025-04-22T04:38:48.330+0000] {dag.py:4156} INFO - Setting next_dagrun for spotify_etl_dag to 2025-04-22 00:00:00+00:00, run_after=2025-04-23 00:00:00+00:00
[2025-04-22T04:38:48.339+0000] {processor.py:208} INFO - Processing /opt/airflow/dags/spotify_etl_dag.py took 0.071 seconds
[2025-04-22T04:39:18.724+0000] {processor.py:186} INFO - Started process (PID=6562) to work on /opt/airflow/dags/spotify_etl_dag.py
[2025-04-22T04:39:18.725+0000] {processor.py:914} INFO - Processing file /opt/airflow/dags/spotify_etl_dag.py for tasks to queue
[2025-04-22T04:39:18.727+0000] {logging_mixin.py:190} INFO - [2025-04-22T04:39:18.727+0000] {dagbag.py:587} INFO - Filling up the DagBag from /opt/airflow/dags/spotify_etl_dag.py
[2025-04-22T04:39:18.740+0000] {processor.py:925} INFO - DAG(s) 'spotify_etl_dag' retrieved from /opt/airflow/dags/spotify_etl_dag.py
[2025-04-22T04:39:18.760+0000] {logging_mixin.py:190} INFO - [2025-04-22T04:39:18.759+0000] {dag.py:3229} INFO - Sync 1 DAGs
[2025-04-22T04:39:18.773+0000] {logging_mixin.py:190} INFO - [2025-04-22T04:39:18.773+0000] {dag.py:4156} INFO - Setting next_dagrun for spotify_etl_dag to 2025-04-22 00:00:00+00:00, run_after=2025-04-23 00:00:00+00:00
[2025-04-22T04:39:18.783+0000] {processor.py:208} INFO - Processing /opt/airflow/dags/spotify_etl_dag.py took 0.067 seconds
[2025-04-22T04:39:49.176+0000] {processor.py:186} INFO - Started process (PID=6577) to work on /opt/airflow/dags/spotify_etl_dag.py
[2025-04-22T04:39:49.177+0000] {processor.py:914} INFO - Processing file /opt/airflow/dags/spotify_etl_dag.py for tasks to queue
[2025-04-22T04:39:49.181+0000] {logging_mixin.py:190} INFO - [2025-04-22T04:39:49.181+0000] {dagbag.py:587} INFO - Filling up the DagBag from /opt/airflow/dags/spotify_etl_dag.py
[2025-04-22T04:39:49.203+0000] {processor.py:925} INFO - DAG(s) 'spotify_etl_dag' retrieved from /opt/airflow/dags/spotify_etl_dag.py
[2025-04-22T04:39:49.228+0000] {logging_mixin.py:190} INFO - [2025-04-22T04:39:49.228+0000] {dag.py:3229} INFO - Sync 1 DAGs
[2025-04-22T04:39:49.250+0000] {logging_mixin.py:190} INFO - [2025-04-22T04:39:49.249+0000] {dag.py:4156} INFO - Setting next_dagrun for spotify_etl_dag to 2025-04-22 00:00:00+00:00, run_after=2025-04-23 00:00:00+00:00
[2025-04-22T04:39:49.261+0000] {processor.py:208} INFO - Processing /opt/airflow/dags/spotify_etl_dag.py took 0.108 seconds
[2025-04-22T04:40:19.718+0000] {processor.py:186} INFO - Started process (PID=6592) to work on /opt/airflow/dags/spotify_etl_dag.py
[2025-04-22T04:40:19.720+0000] {processor.py:914} INFO - Processing file /opt/airflow/dags/spotify_etl_dag.py for tasks to queue
[2025-04-22T04:40:19.723+0000] {logging_mixin.py:190} INFO - [2025-04-22T04:40:19.723+0000] {dagbag.py:587} INFO - Filling up the DagBag from /opt/airflow/dags/spotify_etl_dag.py
[2025-04-22T04:40:19.748+0000] {processor.py:925} INFO - DAG(s) 'spotify_etl_dag' retrieved from /opt/airflow/dags/spotify_etl_dag.py
[2025-04-22T04:40:19.762+0000] {logging_mixin.py:190} INFO - [2025-04-22T04:40:19.762+0000] {dag.py:3229} INFO - Sync 1 DAGs
[2025-04-22T04:40:19.777+0000] {logging_mixin.py:190} INFO - [2025-04-22T04:40:19.777+0000] {dag.py:4156} INFO - Setting next_dagrun for spotify_etl_dag to 2025-04-22 00:00:00+00:00, run_after=2025-04-23 00:00:00+00:00
[2025-04-22T04:40:19.787+0000] {processor.py:208} INFO - Processing /opt/airflow/dags/spotify_etl_dag.py took 0.083 seconds
[2025-04-22T04:40:50.182+0000] {processor.py:186} INFO - Started process (PID=6607) to work on /opt/airflow/dags/spotify_etl_dag.py
[2025-04-22T04:40:50.183+0000] {processor.py:914} INFO - Processing file /opt/airflow/dags/spotify_etl_dag.py for tasks to queue
[2025-04-22T04:40:50.186+0000] {logging_mixin.py:190} INFO - [2025-04-22T04:40:50.186+0000] {dagbag.py:587} INFO - Filling up the DagBag from /opt/airflow/dags/spotify_etl_dag.py
[2025-04-22T04:40:50.203+0000] {processor.py:925} INFO - DAG(s) 'spotify_etl_dag' retrieved from /opt/airflow/dags/spotify_etl_dag.py
[2025-04-22T04:40:50.222+0000] {logging_mixin.py:190} INFO - [2025-04-22T04:40:50.222+0000] {dag.py:3229} INFO - Sync 1 DAGs
[2025-04-22T04:40:50.236+0000] {logging_mixin.py:190} INFO - [2025-04-22T04:40:50.236+0000] {dag.py:4156} INFO - Setting next_dagrun for spotify_etl_dag to 2025-04-22 00:00:00+00:00, run_after=2025-04-23 00:00:00+00:00
[2025-04-22T04:40:50.245+0000] {processor.py:208} INFO - Processing /opt/airflow/dags/spotify_etl_dag.py took 0.076 seconds
[2025-04-22T04:41:20.640+0000] {processor.py:186} INFO - Started process (PID=6622) to work on /opt/airflow/dags/spotify_etl_dag.py
[2025-04-22T04:41:20.641+0000] {processor.py:914} INFO - Processing file /opt/airflow/dags/spotify_etl_dag.py for tasks to queue
[2025-04-22T04:41:20.644+0000] {logging_mixin.py:190} INFO - [2025-04-22T04:41:20.644+0000] {dagbag.py:587} INFO - Filling up the DagBag from /opt/airflow/dags/spotify_etl_dag.py
[2025-04-22T04:41:20.661+0000] {processor.py:925} INFO - DAG(s) 'spotify_etl_dag' retrieved from /opt/airflow/dags/spotify_etl_dag.py
[2025-04-22T04:41:20.681+0000] {logging_mixin.py:190} INFO - [2025-04-22T04:41:20.681+0000] {dag.py:3229} INFO - Sync 1 DAGs
[2025-04-22T04:41:20.696+0000] {logging_mixin.py:190} INFO - [2025-04-22T04:41:20.695+0000] {dag.py:4156} INFO - Setting next_dagrun for spotify_etl_dag to 2025-04-22 00:00:00+00:00, run_after=2025-04-23 00:00:00+00:00
[2025-04-22T04:41:20.705+0000] {processor.py:208} INFO - Processing /opt/airflow/dags/spotify_etl_dag.py took 0.074 seconds
[2025-04-22T04:41:51.130+0000] {processor.py:186} INFO - Started process (PID=6637) to work on /opt/airflow/dags/spotify_etl_dag.py
[2025-04-22T04:41:51.132+0000] {processor.py:914} INFO - Processing file /opt/airflow/dags/spotify_etl_dag.py for tasks to queue
[2025-04-22T04:41:51.135+0000] {logging_mixin.py:190} INFO - [2025-04-22T04:41:51.135+0000] {dagbag.py:587} INFO - Filling up the DagBag from /opt/airflow/dags/spotify_etl_dag.py
[2025-04-22T04:41:51.149+0000] {processor.py:925} INFO - DAG(s) 'spotify_etl_dag' retrieved from /opt/airflow/dags/spotify_etl_dag.py
[2025-04-22T04:41:51.165+0000] {logging_mixin.py:190} INFO - [2025-04-22T04:41:51.165+0000] {dag.py:3229} INFO - Sync 1 DAGs
[2025-04-22T04:41:51.176+0000] {logging_mixin.py:190} INFO - [2025-04-22T04:41:51.175+0000] {dag.py:4156} INFO - Setting next_dagrun for spotify_etl_dag to 2025-04-22 00:00:00+00:00, run_after=2025-04-23 00:00:00+00:00
[2025-04-22T04:41:51.185+0000] {processor.py:208} INFO - Processing /opt/airflow/dags/spotify_etl_dag.py took 0.065 seconds
[2025-04-22T04:42:21.567+0000] {processor.py:186} INFO - Started process (PID=6652) to work on /opt/airflow/dags/spotify_etl_dag.py
[2025-04-22T04:42:21.568+0000] {processor.py:914} INFO - Processing file /opt/airflow/dags/spotify_etl_dag.py for tasks to queue
[2025-04-22T04:42:21.571+0000] {logging_mixin.py:190} INFO - [2025-04-22T04:42:21.571+0000] {dagbag.py:587} INFO - Filling up the DagBag from /opt/airflow/dags/spotify_etl_dag.py
[2025-04-22T04:42:21.583+0000] {processor.py:925} INFO - DAG(s) 'spotify_etl_dag' retrieved from /opt/airflow/dags/spotify_etl_dag.py
[2025-04-22T04:42:21.601+0000] {logging_mixin.py:190} INFO - [2025-04-22T04:42:21.601+0000] {dag.py:3229} INFO - Sync 1 DAGs
[2025-04-22T04:42:21.612+0000] {logging_mixin.py:190} INFO - [2025-04-22T04:42:21.612+0000] {dag.py:4156} INFO - Setting next_dagrun for spotify_etl_dag to 2025-04-22 00:00:00+00:00, run_after=2025-04-23 00:00:00+00:00
[2025-04-22T04:42:21.621+0000] {processor.py:208} INFO - Processing /opt/airflow/dags/spotify_etl_dag.py took 0.063 seconds
[2025-04-22T04:42:51.983+0000] {processor.py:186} INFO - Started process (PID=6667) to work on /opt/airflow/dags/spotify_etl_dag.py
[2025-04-22T04:42:51.983+0000] {processor.py:914} INFO - Processing file /opt/airflow/dags/spotify_etl_dag.py for tasks to queue
[2025-04-22T04:42:51.985+0000] {logging_mixin.py:190} INFO - [2025-04-22T04:42:51.985+0000] {dagbag.py:587} INFO - Filling up the DagBag from /opt/airflow/dags/spotify_etl_dag.py
[2025-04-22T04:42:52.002+0000] {processor.py:925} INFO - DAG(s) 'spotify_etl_dag' retrieved from /opt/airflow/dags/spotify_etl_dag.py
[2025-04-22T04:42:52.015+0000] {logging_mixin.py:190} INFO - [2025-04-22T04:42:52.015+0000] {dag.py:3229} INFO - Sync 1 DAGs
[2025-04-22T04:42:52.027+0000] {logging_mixin.py:190} INFO - [2025-04-22T04:42:52.027+0000] {dag.py:4156} INFO - Setting next_dagrun for spotify_etl_dag to 2025-04-22 00:00:00+00:00, run_after=2025-04-23 00:00:00+00:00
[2025-04-22T04:42:52.037+0000] {processor.py:208} INFO - Processing /opt/airflow/dags/spotify_etl_dag.py took 0.058 seconds
[2025-04-22T04:43:22.414+0000] {processor.py:186} INFO - Started process (PID=6682) to work on /opt/airflow/dags/spotify_etl_dag.py
[2025-04-22T04:43:22.414+0000] {processor.py:914} INFO - Processing file /opt/airflow/dags/spotify_etl_dag.py for tasks to queue
[2025-04-22T04:43:22.416+0000] {logging_mixin.py:190} INFO - [2025-04-22T04:43:22.416+0000] {dagbag.py:587} INFO - Filling up the DagBag from /opt/airflow/dags/spotify_etl_dag.py
[2025-04-22T04:43:22.428+0000] {processor.py:925} INFO - DAG(s) 'spotify_etl_dag' retrieved from /opt/airflow/dags/spotify_etl_dag.py
[2025-04-22T04:43:22.444+0000] {logging_mixin.py:190} INFO - [2025-04-22T04:43:22.444+0000] {dag.py:3229} INFO - Sync 1 DAGs
[2025-04-22T04:43:22.461+0000] {logging_mixin.py:190} INFO - [2025-04-22T04:43:22.461+0000] {dag.py:4156} INFO - Setting next_dagrun for spotify_etl_dag to 2025-04-22 00:00:00+00:00, run_after=2025-04-23 00:00:00+00:00
[2025-04-22T04:43:22.472+0000] {processor.py:208} INFO - Processing /opt/airflow/dags/spotify_etl_dag.py took 0.063 seconds
[2025-04-22T04:43:52.873+0000] {processor.py:186} INFO - Started process (PID=6697) to work on /opt/airflow/dags/spotify_etl_dag.py
[2025-04-22T04:43:52.875+0000] {processor.py:914} INFO - Processing file /opt/airflow/dags/spotify_etl_dag.py for tasks to queue
[2025-04-22T04:43:52.878+0000] {logging_mixin.py:190} INFO - [2025-04-22T04:43:52.878+0000] {dagbag.py:587} INFO - Filling up the DagBag from /opt/airflow/dags/spotify_etl_dag.py
[2025-04-22T04:43:52.894+0000] {processor.py:925} INFO - DAG(s) 'spotify_etl_dag' retrieved from /opt/airflow/dags/spotify_etl_dag.py
[2025-04-22T04:43:52.910+0000] {logging_mixin.py:190} INFO - [2025-04-22T04:43:52.910+0000] {dag.py:3229} INFO - Sync 1 DAGs
[2025-04-22T04:43:52.925+0000] {logging_mixin.py:190} INFO - [2025-04-22T04:43:52.925+0000] {dag.py:4156} INFO - Setting next_dagrun for spotify_etl_dag to 2025-04-22 00:00:00+00:00, run_after=2025-04-23 00:00:00+00:00
[2025-04-22T04:43:52.933+0000] {processor.py:208} INFO - Processing /opt/airflow/dags/spotify_etl_dag.py took 0.069 seconds
[2025-04-22T04:44:23.326+0000] {processor.py:186} INFO - Started process (PID=6712) to work on /opt/airflow/dags/spotify_etl_dag.py
[2025-04-22T04:44:23.327+0000] {processor.py:914} INFO - Processing file /opt/airflow/dags/spotify_etl_dag.py for tasks to queue
[2025-04-22T04:44:23.330+0000] {logging_mixin.py:190} INFO - [2025-04-22T04:44:23.330+0000] {dagbag.py:587} INFO - Filling up the DagBag from /opt/airflow/dags/spotify_etl_dag.py
[2025-04-22T04:44:23.345+0000] {processor.py:925} INFO - DAG(s) 'spotify_etl_dag' retrieved from /opt/airflow/dags/spotify_etl_dag.py
[2025-04-22T04:44:23.365+0000] {logging_mixin.py:190} INFO - [2025-04-22T04:44:23.365+0000] {dag.py:3229} INFO - Sync 1 DAGs
[2025-04-22T04:44:23.383+0000] {logging_mixin.py:190} INFO - [2025-04-22T04:44:23.383+0000] {dag.py:4156} INFO - Setting next_dagrun for spotify_etl_dag to 2025-04-22 00:00:00+00:00, run_after=2025-04-23 00:00:00+00:00
[2025-04-22T04:44:23.394+0000] {processor.py:208} INFO - Processing /opt/airflow/dags/spotify_etl_dag.py took 0.078 seconds
[2025-04-22T04:44:53.821+0000] {processor.py:186} INFO - Started process (PID=6727) to work on /opt/airflow/dags/spotify_etl_dag.py
[2025-04-22T04:44:53.822+0000] {processor.py:914} INFO - Processing file /opt/airflow/dags/spotify_etl_dag.py for tasks to queue
[2025-04-22T04:44:53.826+0000] {logging_mixin.py:190} INFO - [2025-04-22T04:44:53.826+0000] {dagbag.py:587} INFO - Filling up the DagBag from /opt/airflow/dags/spotify_etl_dag.py
[2025-04-22T04:44:53.845+0000] {processor.py:925} INFO - DAG(s) 'spotify_etl_dag' retrieved from /opt/airflow/dags/spotify_etl_dag.py
[2025-04-22T04:44:53.863+0000] {logging_mixin.py:190} INFO - [2025-04-22T04:44:53.863+0000] {dag.py:3229} INFO - Sync 1 DAGs
[2025-04-22T04:44:53.880+0000] {logging_mixin.py:190} INFO - [2025-04-22T04:44:53.880+0000] {dag.py:4156} INFO - Setting next_dagrun for spotify_etl_dag to 2025-04-22 00:00:00+00:00, run_after=2025-04-23 00:00:00+00:00
[2025-04-22T04:44:53.891+0000] {processor.py:208} INFO - Processing /opt/airflow/dags/spotify_etl_dag.py took 0.083 seconds
[2025-04-22T04:45:24.348+0000] {processor.py:186} INFO - Started process (PID=6742) to work on /opt/airflow/dags/spotify_etl_dag.py
[2025-04-22T04:45:24.349+0000] {processor.py:914} INFO - Processing file /opt/airflow/dags/spotify_etl_dag.py for tasks to queue
[2025-04-22T04:45:24.353+0000] {logging_mixin.py:190} INFO - [2025-04-22T04:45:24.353+0000] {dagbag.py:587} INFO - Filling up the DagBag from /opt/airflow/dags/spotify_etl_dag.py
[2025-04-22T04:45:24.372+0000] {processor.py:925} INFO - DAG(s) 'spotify_etl_dag' retrieved from /opt/airflow/dags/spotify_etl_dag.py
[2025-04-22T04:45:24.387+0000] {logging_mixin.py:190} INFO - [2025-04-22T04:45:24.387+0000] {dag.py:3229} INFO - Sync 1 DAGs
[2025-04-22T04:45:24.404+0000] {logging_mixin.py:190} INFO - [2025-04-22T04:45:24.404+0000] {dag.py:4156} INFO - Setting next_dagrun for spotify_etl_dag to 2025-04-22 00:00:00+00:00, run_after=2025-04-23 00:00:00+00:00
[2025-04-22T04:45:24.415+0000] {processor.py:208} INFO - Processing /opt/airflow/dags/spotify_etl_dag.py took 0.079 seconds
[2025-04-22T04:45:54.794+0000] {processor.py:186} INFO - Started process (PID=6757) to work on /opt/airflow/dags/spotify_etl_dag.py
[2025-04-22T04:45:54.796+0000] {processor.py:914} INFO - Processing file /opt/airflow/dags/spotify_etl_dag.py for tasks to queue
[2025-04-22T04:45:54.799+0000] {logging_mixin.py:190} INFO - [2025-04-22T04:45:54.799+0000] {dagbag.py:587} INFO - Filling up the DagBag from /opt/airflow/dags/spotify_etl_dag.py
[2025-04-22T04:45:54.811+0000] {processor.py:925} INFO - DAG(s) 'spotify_etl_dag' retrieved from /opt/airflow/dags/spotify_etl_dag.py
[2025-04-22T04:45:54.830+0000] {logging_mixin.py:190} INFO - [2025-04-22T04:45:54.830+0000] {dag.py:3229} INFO - Sync 1 DAGs
[2025-04-22T04:45:54.843+0000] {logging_mixin.py:190} INFO - [2025-04-22T04:45:54.843+0000] {dag.py:4156} INFO - Setting next_dagrun for spotify_etl_dag to 2025-04-22 00:00:00+00:00, run_after=2025-04-23 00:00:00+00:00
[2025-04-22T04:45:54.855+0000] {processor.py:208} INFO - Processing /opt/airflow/dags/spotify_etl_dag.py took 0.071 seconds
[2025-04-22T04:46:25.261+0000] {processor.py:186} INFO - Started process (PID=6772) to work on /opt/airflow/dags/spotify_etl_dag.py
[2025-04-22T04:46:25.262+0000] {processor.py:914} INFO - Processing file /opt/airflow/dags/spotify_etl_dag.py for tasks to queue
[2025-04-22T04:46:25.267+0000] {logging_mixin.py:190} INFO - [2025-04-22T04:46:25.267+0000] {dagbag.py:587} INFO - Filling up the DagBag from /opt/airflow/dags/spotify_etl_dag.py
[2025-04-22T04:46:25.285+0000] {processor.py:925} INFO - DAG(s) 'spotify_etl_dag' retrieved from /opt/airflow/dags/spotify_etl_dag.py
[2025-04-22T04:46:25.309+0000] {logging_mixin.py:190} INFO - [2025-04-22T04:46:25.308+0000] {dag.py:3229} INFO - Sync 1 DAGs
[2025-04-22T04:46:25.325+0000] {logging_mixin.py:190} INFO - [2025-04-22T04:46:25.324+0000] {dag.py:4156} INFO - Setting next_dagrun for spotify_etl_dag to 2025-04-22 00:00:00+00:00, run_after=2025-04-23 00:00:00+00:00
[2025-04-22T04:46:25.338+0000] {processor.py:208} INFO - Processing /opt/airflow/dags/spotify_etl_dag.py took 0.091 seconds
[2025-04-22T04:46:55.678+0000] {processor.py:186} INFO - Started process (PID=6787) to work on /opt/airflow/dags/spotify_etl_dag.py
[2025-04-22T04:46:55.680+0000] {processor.py:914} INFO - Processing file /opt/airflow/dags/spotify_etl_dag.py for tasks to queue
[2025-04-22T04:46:55.684+0000] {logging_mixin.py:190} INFO - [2025-04-22T04:46:55.683+0000] {dagbag.py:587} INFO - Filling up the DagBag from /opt/airflow/dags/spotify_etl_dag.py
[2025-04-22T04:46:55.716+0000] {processor.py:925} INFO - DAG(s) 'spotify_etl_dag' retrieved from /opt/airflow/dags/spotify_etl_dag.py
[2025-04-22T04:46:55.758+0000] {logging_mixin.py:190} INFO - [2025-04-22T04:46:55.758+0000] {dag.py:3229} INFO - Sync 1 DAGs
[2025-04-22T04:46:55.781+0000] {logging_mixin.py:190} INFO - [2025-04-22T04:46:55.781+0000] {dag.py:4156} INFO - Setting next_dagrun for spotify_etl_dag to 2025-04-22 00:00:00+00:00, run_after=2025-04-23 00:00:00+00:00
[2025-04-22T04:46:55.798+0000] {processor.py:208} INFO - Processing /opt/airflow/dags/spotify_etl_dag.py took 0.142 seconds
[2025-04-22T04:47:26.196+0000] {processor.py:186} INFO - Started process (PID=6802) to work on /opt/airflow/dags/spotify_etl_dag.py
[2025-04-22T04:47:26.198+0000] {processor.py:914} INFO - Processing file /opt/airflow/dags/spotify_etl_dag.py for tasks to queue
[2025-04-22T04:47:26.201+0000] {logging_mixin.py:190} INFO - [2025-04-22T04:47:26.201+0000] {dagbag.py:587} INFO - Filling up the DagBag from /opt/airflow/dags/spotify_etl_dag.py
[2025-04-22T04:47:26.217+0000] {processor.py:925} INFO - DAG(s) 'spotify_etl_dag' retrieved from /opt/airflow/dags/spotify_etl_dag.py
[2025-04-22T04:47:26.237+0000] {logging_mixin.py:190} INFO - [2025-04-22T04:47:26.237+0000] {dag.py:3229} INFO - Sync 1 DAGs
[2025-04-22T04:47:26.254+0000] {logging_mixin.py:190} INFO - [2025-04-22T04:47:26.254+0000] {dag.py:4156} INFO - Setting next_dagrun for spotify_etl_dag to 2025-04-22 00:00:00+00:00, run_after=2025-04-23 00:00:00+00:00
[2025-04-22T04:47:26.265+0000] {processor.py:208} INFO - Processing /opt/airflow/dags/spotify_etl_dag.py took 0.080 seconds
