[2025-04-23T22:58:54.538+0000] {processor.py:186} INFO - Started process (PID=185) to work on /opt/airflow/dags/load_spotify_to_snowflake.py
[2025-04-23T22:58:54.540+0000] {processor.py:914} INFO - Processing file /opt/airflow/dags/load_spotify_to_snowflake.py for tasks to queue
[2025-04-23T22:58:54.544+0000] {logging_mixin.py:190} INFO - [2025-04-23T22:58:54.544+0000] {dagbag.py:587} INFO - Filling up the DagBag from /opt/airflow/dags/load_spotify_to_snowflake.py
[2025-04-23T22:58:54.549+0000] {processor.py:927} WARNING - No viable dags retrieved from /opt/airflow/dags/load_spotify_to_snowflake.py
[2025-04-23T22:58:54.567+0000] {processor.py:208} INFO - Processing /opt/airflow/dags/load_spotify_to_snowflake.py took 0.044 seconds
[2025-04-23T22:59:24.976+0000] {processor.py:186} INFO - Started process (PID=222) to work on /opt/airflow/dags/load_spotify_to_snowflake.py
[2025-04-23T22:59:24.977+0000] {processor.py:914} INFO - Processing file /opt/airflow/dags/load_spotify_to_snowflake.py for tasks to queue
[2025-04-23T22:59:24.978+0000] {logging_mixin.py:190} INFO - [2025-04-23T22:59:24.978+0000] {dagbag.py:587} INFO - Filling up the DagBag from /opt/airflow/dags/load_spotify_to_snowflake.py
[2025-04-23T22:59:24.979+0000] {processor.py:927} WARNING - No viable dags retrieved from /opt/airflow/dags/load_spotify_to_snowflake.py
[2025-04-23T22:59:24.984+0000] {processor.py:208} INFO - Processing /opt/airflow/dags/load_spotify_to_snowflake.py took 0.010 seconds
[2025-04-23T22:59:55.389+0000] {processor.py:186} INFO - Started process (PID=276) to work on /opt/airflow/dags/load_spotify_to_snowflake.py
[2025-04-23T22:59:55.399+0000] {processor.py:914} INFO - Processing file /opt/airflow/dags/load_spotify_to_snowflake.py for tasks to queue
[2025-04-23T22:59:55.401+0000] {logging_mixin.py:190} INFO - [2025-04-23T22:59:55.401+0000] {dagbag.py:587} INFO - Filling up the DagBag from /opt/airflow/dags/load_spotify_to_snowflake.py
[2025-04-23T22:59:55.403+0000] {processor.py:927} WARNING - No viable dags retrieved from /opt/airflow/dags/load_spotify_to_snowflake.py
[2025-04-23T22:59:55.411+0000] {processor.py:208} INFO - Processing /opt/airflow/dags/load_spotify_to_snowflake.py took 0.035 seconds
[2025-04-23T23:00:25.743+0000] {processor.py:186} INFO - Started process (PID=314) to work on /opt/airflow/dags/load_spotify_to_snowflake.py
[2025-04-23T23:00:25.744+0000] {processor.py:914} INFO - Processing file /opt/airflow/dags/load_spotify_to_snowflake.py for tasks to queue
[2025-04-23T23:00:25.745+0000] {logging_mixin.py:190} INFO - [2025-04-23T23:00:25.745+0000] {dagbag.py:587} INFO - Filling up the DagBag from /opt/airflow/dags/load_spotify_to_snowflake.py
[2025-04-23T23:00:25.746+0000] {processor.py:927} WARNING - No viable dags retrieved from /opt/airflow/dags/load_spotify_to_snowflake.py
[2025-04-23T23:00:25.752+0000] {processor.py:208} INFO - Processing /opt/airflow/dags/load_spotify_to_snowflake.py took 0.011 seconds
[2025-04-23T23:00:56.103+0000] {processor.py:186} INFO - Started process (PID=329) to work on /opt/airflow/dags/load_spotify_to_snowflake.py
[2025-04-23T23:00:56.104+0000] {processor.py:914} INFO - Processing file /opt/airflow/dags/load_spotify_to_snowflake.py for tasks to queue
[2025-04-23T23:00:56.105+0000] {logging_mixin.py:190} INFO - [2025-04-23T23:00:56.105+0000] {dagbag.py:587} INFO - Filling up the DagBag from /opt/airflow/dags/load_spotify_to_snowflake.py
[2025-04-23T23:00:56.106+0000] {processor.py:927} WARNING - No viable dags retrieved from /opt/airflow/dags/load_spotify_to_snowflake.py
[2025-04-23T23:00:56.112+0000] {processor.py:208} INFO - Processing /opt/airflow/dags/load_spotify_to_snowflake.py took 0.012 seconds
[2025-04-23T23:01:26.501+0000] {processor.py:186} INFO - Started process (PID=344) to work on /opt/airflow/dags/load_spotify_to_snowflake.py
[2025-04-23T23:01:26.502+0000] {processor.py:914} INFO - Processing file /opt/airflow/dags/load_spotify_to_snowflake.py for tasks to queue
[2025-04-23T23:01:26.503+0000] {logging_mixin.py:190} INFO - [2025-04-23T23:01:26.503+0000] {dagbag.py:587} INFO - Filling up the DagBag from /opt/airflow/dags/load_spotify_to_snowflake.py
[2025-04-23T23:01:26.504+0000] {processor.py:927} WARNING - No viable dags retrieved from /opt/airflow/dags/load_spotify_to_snowflake.py
[2025-04-23T23:01:26.510+0000] {processor.py:208} INFO - Processing /opt/airflow/dags/load_spotify_to_snowflake.py took 0.012 seconds
[2025-04-23T23:01:56.939+0000] {processor.py:186} INFO - Started process (PID=359) to work on /opt/airflow/dags/load_spotify_to_snowflake.py
[2025-04-23T23:01:56.939+0000] {processor.py:914} INFO - Processing file /opt/airflow/dags/load_spotify_to_snowflake.py for tasks to queue
[2025-04-23T23:01:56.940+0000] {logging_mixin.py:190} INFO - [2025-04-23T23:01:56.940+0000] {dagbag.py:587} INFO - Filling up the DagBag from /opt/airflow/dags/load_spotify_to_snowflake.py
[2025-04-23T23:01:56.941+0000] {processor.py:927} WARNING - No viable dags retrieved from /opt/airflow/dags/load_spotify_to_snowflake.py
[2025-04-23T23:01:56.947+0000] {processor.py:208} INFO - Processing /opt/airflow/dags/load_spotify_to_snowflake.py took 0.010 seconds
[2025-04-23T23:02:27.394+0000] {processor.py:186} INFO - Started process (PID=374) to work on /opt/airflow/dags/load_spotify_to_snowflake.py
[2025-04-23T23:02:27.394+0000] {processor.py:914} INFO - Processing file /opt/airflow/dags/load_spotify_to_snowflake.py for tasks to queue
[2025-04-23T23:02:27.396+0000] {logging_mixin.py:190} INFO - [2025-04-23T23:02:27.396+0000] {dagbag.py:587} INFO - Filling up the DagBag from /opt/airflow/dags/load_spotify_to_snowflake.py
[2025-04-23T23:02:27.397+0000] {processor.py:927} WARNING - No viable dags retrieved from /opt/airflow/dags/load_spotify_to_snowflake.py
[2025-04-23T23:02:27.402+0000] {processor.py:208} INFO - Processing /opt/airflow/dags/load_spotify_to_snowflake.py took 0.011 seconds
[2025-04-23T23:02:57.850+0000] {processor.py:186} INFO - Started process (PID=389) to work on /opt/airflow/dags/load_spotify_to_snowflake.py
[2025-04-23T23:02:57.850+0000] {processor.py:914} INFO - Processing file /opt/airflow/dags/load_spotify_to_snowflake.py for tasks to queue
[2025-04-23T23:02:57.851+0000] {logging_mixin.py:190} INFO - [2025-04-23T23:02:57.851+0000] {dagbag.py:587} INFO - Filling up the DagBag from /opt/airflow/dags/load_spotify_to_snowflake.py
[2025-04-23T23:02:57.852+0000] {processor.py:927} WARNING - No viable dags retrieved from /opt/airflow/dags/load_spotify_to_snowflake.py
[2025-04-23T23:02:57.858+0000] {processor.py:208} INFO - Processing /opt/airflow/dags/load_spotify_to_snowflake.py took 0.011 seconds
[2025-04-23T23:03:28.252+0000] {processor.py:186} INFO - Started process (PID=404) to work on /opt/airflow/dags/load_spotify_to_snowflake.py
[2025-04-23T23:03:28.252+0000] {processor.py:914} INFO - Processing file /opt/airflow/dags/load_spotify_to_snowflake.py for tasks to queue
[2025-04-23T23:03:28.253+0000] {logging_mixin.py:190} INFO - [2025-04-23T23:03:28.253+0000] {dagbag.py:587} INFO - Filling up the DagBag from /opt/airflow/dags/load_spotify_to_snowflake.py
[2025-04-23T23:03:28.254+0000] {processor.py:927} WARNING - No viable dags retrieved from /opt/airflow/dags/load_spotify_to_snowflake.py
[2025-04-23T23:03:28.260+0000] {processor.py:208} INFO - Processing /opt/airflow/dags/load_spotify_to_snowflake.py took 0.011 seconds
[2025-04-23T23:03:58.704+0000] {processor.py:186} INFO - Started process (PID=419) to work on /opt/airflow/dags/load_spotify_to_snowflake.py
[2025-04-23T23:03:58.704+0000] {processor.py:914} INFO - Processing file /opt/airflow/dags/load_spotify_to_snowflake.py for tasks to queue
[2025-04-23T23:03:58.705+0000] {logging_mixin.py:190} INFO - [2025-04-23T23:03:58.705+0000] {dagbag.py:587} INFO - Filling up the DagBag from /opt/airflow/dags/load_spotify_to_snowflake.py
[2025-04-23T23:03:58.707+0000] {processor.py:927} WARNING - No viable dags retrieved from /opt/airflow/dags/load_spotify_to_snowflake.py
[2025-04-23T23:03:58.713+0000] {processor.py:208} INFO - Processing /opt/airflow/dags/load_spotify_to_snowflake.py took 0.013 seconds
[2025-04-23T23:04:29.168+0000] {processor.py:186} INFO - Started process (PID=434) to work on /opt/airflow/dags/load_spotify_to_snowflake.py
[2025-04-23T23:04:29.168+0000] {processor.py:914} INFO - Processing file /opt/airflow/dags/load_spotify_to_snowflake.py for tasks to queue
[2025-04-23T23:04:29.169+0000] {logging_mixin.py:190} INFO - [2025-04-23T23:04:29.169+0000] {dagbag.py:587} INFO - Filling up the DagBag from /opt/airflow/dags/load_spotify_to_snowflake.py
[2025-04-23T23:04:29.171+0000] {processor.py:927} WARNING - No viable dags retrieved from /opt/airflow/dags/load_spotify_to_snowflake.py
[2025-04-23T23:04:29.177+0000] {processor.py:208} INFO - Processing /opt/airflow/dags/load_spotify_to_snowflake.py took 0.012 seconds
[2025-04-23T23:04:59.593+0000] {processor.py:186} INFO - Started process (PID=454) to work on /opt/airflow/dags/load_spotify_to_snowflake.py
[2025-04-23T23:04:59.593+0000] {processor.py:914} INFO - Processing file /opt/airflow/dags/load_spotify_to_snowflake.py for tasks to queue
[2025-04-23T23:04:59.594+0000] {logging_mixin.py:190} INFO - [2025-04-23T23:04:59.594+0000] {dagbag.py:587} INFO - Filling up the DagBag from /opt/airflow/dags/load_spotify_to_snowflake.py
[2025-04-23T23:04:59.596+0000] {processor.py:927} WARNING - No viable dags retrieved from /opt/airflow/dags/load_spotify_to_snowflake.py
[2025-04-23T23:04:59.601+0000] {processor.py:208} INFO - Processing /opt/airflow/dags/load_spotify_to_snowflake.py took 0.011 seconds
[2025-04-23T23:05:30.050+0000] {processor.py:186} INFO - Started process (PID=469) to work on /opt/airflow/dags/load_spotify_to_snowflake.py
[2025-04-23T23:05:30.050+0000] {processor.py:914} INFO - Processing file /opt/airflow/dags/load_spotify_to_snowflake.py for tasks to queue
[2025-04-23T23:05:30.051+0000] {logging_mixin.py:190} INFO - [2025-04-23T23:05:30.051+0000] {dagbag.py:587} INFO - Filling up the DagBag from /opt/airflow/dags/load_spotify_to_snowflake.py
[2025-04-23T23:05:30.052+0000] {processor.py:927} WARNING - No viable dags retrieved from /opt/airflow/dags/load_spotify_to_snowflake.py
[2025-04-23T23:05:30.058+0000] {processor.py:208} INFO - Processing /opt/airflow/dags/load_spotify_to_snowflake.py took 0.011 seconds
[2025-04-23T23:06:00.468+0000] {processor.py:186} INFO - Started process (PID=484) to work on /opt/airflow/dags/load_spotify_to_snowflake.py
[2025-04-23T23:06:00.468+0000] {processor.py:914} INFO - Processing file /opt/airflow/dags/load_spotify_to_snowflake.py for tasks to queue
[2025-04-23T23:06:00.469+0000] {logging_mixin.py:190} INFO - [2025-04-23T23:06:00.469+0000] {dagbag.py:587} INFO - Filling up the DagBag from /opt/airflow/dags/load_spotify_to_snowflake.py
[2025-04-23T23:06:00.471+0000] {processor.py:927} WARNING - No viable dags retrieved from /opt/airflow/dags/load_spotify_to_snowflake.py
[2025-04-23T23:06:00.476+0000] {processor.py:208} INFO - Processing /opt/airflow/dags/load_spotify_to_snowflake.py took 0.011 seconds
[2025-04-23T23:06:30.843+0000] {processor.py:186} INFO - Started process (PID=499) to work on /opt/airflow/dags/load_spotify_to_snowflake.py
[2025-04-23T23:06:30.843+0000] {processor.py:914} INFO - Processing file /opt/airflow/dags/load_spotify_to_snowflake.py for tasks to queue
[2025-04-23T23:06:30.844+0000] {logging_mixin.py:190} INFO - [2025-04-23T23:06:30.844+0000] {dagbag.py:587} INFO - Filling up the DagBag from /opt/airflow/dags/load_spotify_to_snowflake.py
[2025-04-23T23:06:30.846+0000] {processor.py:927} WARNING - No viable dags retrieved from /opt/airflow/dags/load_spotify_to_snowflake.py
[2025-04-23T23:06:30.851+0000] {processor.py:208} INFO - Processing /opt/airflow/dags/load_spotify_to_snowflake.py took 0.011 seconds
[2025-04-23T23:06:51.052+0000] {processor.py:186} INFO - Started process (PID=504) to work on /opt/airflow/dags/load_spotify_to_snowflake.py
[2025-04-23T23:06:51.053+0000] {processor.py:914} INFO - Processing file /opt/airflow/dags/load_spotify_to_snowflake.py for tasks to queue
[2025-04-23T23:06:51.055+0000] {logging_mixin.py:190} INFO - [2025-04-23T23:06:51.054+0000] {dagbag.py:587} INFO - Filling up the DagBag from /opt/airflow/dags/load_spotify_to_snowflake.py
[2025-04-23T23:06:51.059+0000] {processor.py:927} WARNING - No viable dags retrieved from /opt/airflow/dags/load_spotify_to_snowflake.py
[2025-04-23T23:06:51.071+0000] {processor.py:208} INFO - Processing /opt/airflow/dags/load_spotify_to_snowflake.py took 0.025 seconds
[2025-04-23T23:07:21.366+0000] {processor.py:186} INFO - Started process (PID=169) to work on /opt/airflow/dags/load_spotify_to_snowflake.py
[2025-04-23T23:07:21.367+0000] {processor.py:914} INFO - Processing file /opt/airflow/dags/load_spotify_to_snowflake.py for tasks to queue
[2025-04-23T23:07:21.370+0000] {logging_mixin.py:190} INFO - [2025-04-23T23:07:21.369+0000] {dagbag.py:587} INFO - Filling up the DagBag from /opt/airflow/dags/load_spotify_to_snowflake.py
[2025-04-23T23:07:21.378+0000] {processor.py:927} WARNING - No viable dags retrieved from /opt/airflow/dags/load_spotify_to_snowflake.py
[2025-04-23T23:07:21.392+0000] {processor.py:208} INFO - Processing /opt/airflow/dags/load_spotify_to_snowflake.py took 0.030 seconds
[2025-04-23T23:07:51.798+0000] {processor.py:186} INFO - Started process (PID=189) to work on /opt/airflow/dags/load_spotify_to_snowflake.py
[2025-04-23T23:07:51.800+0000] {processor.py:914} INFO - Processing file /opt/airflow/dags/load_spotify_to_snowflake.py for tasks to queue
[2025-04-23T23:07:51.802+0000] {logging_mixin.py:190} INFO - [2025-04-23T23:07:51.802+0000] {dagbag.py:587} INFO - Filling up the DagBag from /opt/airflow/dags/load_spotify_to_snowflake.py
[2025-04-23T23:07:51.804+0000] {processor.py:927} WARNING - No viable dags retrieved from /opt/airflow/dags/load_spotify_to_snowflake.py
[2025-04-23T23:07:51.813+0000] {processor.py:208} INFO - Processing /opt/airflow/dags/load_spotify_to_snowflake.py took 0.021 seconds
[2025-04-23T23:08:22.192+0000] {processor.py:186} INFO - Started process (PID=204) to work on /opt/airflow/dags/load_spotify_to_snowflake.py
[2025-04-23T23:08:22.193+0000] {processor.py:914} INFO - Processing file /opt/airflow/dags/load_spotify_to_snowflake.py for tasks to queue
[2025-04-23T23:08:22.196+0000] {logging_mixin.py:190} INFO - [2025-04-23T23:08:22.196+0000] {dagbag.py:587} INFO - Filling up the DagBag from /opt/airflow/dags/load_spotify_to_snowflake.py
[2025-04-23T23:08:22.200+0000] {processor.py:927} WARNING - No viable dags retrieved from /opt/airflow/dags/load_spotify_to_snowflake.py
[2025-04-23T23:08:22.210+0000] {processor.py:208} INFO - Processing /opt/airflow/dags/load_spotify_to_snowflake.py took 0.026 seconds
[2025-04-23T23:08:52.612+0000] {processor.py:186} INFO - Started process (PID=219) to work on /opt/airflow/dags/load_spotify_to_snowflake.py
[2025-04-23T23:08:52.613+0000] {processor.py:914} INFO - Processing file /opt/airflow/dags/load_spotify_to_snowflake.py for tasks to queue
[2025-04-23T23:08:52.615+0000] {logging_mixin.py:190} INFO - [2025-04-23T23:08:52.615+0000] {dagbag.py:587} INFO - Filling up the DagBag from /opt/airflow/dags/load_spotify_to_snowflake.py
[2025-04-23T23:08:52.618+0000] {processor.py:927} WARNING - No viable dags retrieved from /opt/airflow/dags/load_spotify_to_snowflake.py
[2025-04-23T23:08:52.634+0000] {processor.py:208} INFO - Processing /opt/airflow/dags/load_spotify_to_snowflake.py took 0.029 seconds
[2025-04-23T23:09:22.942+0000] {processor.py:186} INFO - Started process (PID=234) to work on /opt/airflow/dags/load_spotify_to_snowflake.py
[2025-04-23T23:09:22.943+0000] {processor.py:914} INFO - Processing file /opt/airflow/dags/load_spotify_to_snowflake.py for tasks to queue
[2025-04-23T23:09:22.945+0000] {logging_mixin.py:190} INFO - [2025-04-23T23:09:22.945+0000] {dagbag.py:587} INFO - Filling up the DagBag from /opt/airflow/dags/load_spotify_to_snowflake.py
[2025-04-23T23:09:22.947+0000] {processor.py:927} WARNING - No viable dags retrieved from /opt/airflow/dags/load_spotify_to_snowflake.py
[2025-04-23T23:09:22.961+0000] {processor.py:208} INFO - Processing /opt/airflow/dags/load_spotify_to_snowflake.py took 0.025 seconds
[2025-04-23T23:09:53.371+0000] {processor.py:186} INFO - Started process (PID=249) to work on /opt/airflow/dags/load_spotify_to_snowflake.py
[2025-04-23T23:09:53.373+0000] {processor.py:914} INFO - Processing file /opt/airflow/dags/load_spotify_to_snowflake.py for tasks to queue
[2025-04-23T23:09:53.377+0000] {logging_mixin.py:190} INFO - [2025-04-23T23:09:53.375+0000] {dagbag.py:587} INFO - Filling up the DagBag from /opt/airflow/dags/load_spotify_to_snowflake.py
[2025-04-23T23:09:53.381+0000] {processor.py:927} WARNING - No viable dags retrieved from /opt/airflow/dags/load_spotify_to_snowflake.py
[2025-04-23T23:09:53.396+0000] {processor.py:208} INFO - Processing /opt/airflow/dags/load_spotify_to_snowflake.py took 0.036 seconds
[2025-04-23T23:10:23.832+0000] {processor.py:186} INFO - Started process (PID=264) to work on /opt/airflow/dags/load_spotify_to_snowflake.py
[2025-04-23T23:10:23.833+0000] {processor.py:914} INFO - Processing file /opt/airflow/dags/load_spotify_to_snowflake.py for tasks to queue
[2025-04-23T23:10:23.836+0000] {logging_mixin.py:190} INFO - [2025-04-23T23:10:23.836+0000] {dagbag.py:587} INFO - Filling up the DagBag from /opt/airflow/dags/load_spotify_to_snowflake.py
[2025-04-23T23:10:23.839+0000] {processor.py:927} WARNING - No viable dags retrieved from /opt/airflow/dags/load_spotify_to_snowflake.py
[2025-04-23T23:10:23.851+0000] {processor.py:208} INFO - Processing /opt/airflow/dags/load_spotify_to_snowflake.py took 0.028 seconds
[2025-04-23T23:10:54.266+0000] {processor.py:186} INFO - Started process (PID=279) to work on /opt/airflow/dags/load_spotify_to_snowflake.py
[2025-04-23T23:10:54.267+0000] {processor.py:914} INFO - Processing file /opt/airflow/dags/load_spotify_to_snowflake.py for tasks to queue
[2025-04-23T23:10:54.269+0000] {logging_mixin.py:190} INFO - [2025-04-23T23:10:54.269+0000] {dagbag.py:587} INFO - Filling up the DagBag from /opt/airflow/dags/load_spotify_to_snowflake.py
[2025-04-23T23:10:54.272+0000] {processor.py:927} WARNING - No viable dags retrieved from /opt/airflow/dags/load_spotify_to_snowflake.py
[2025-04-23T23:10:54.281+0000] {processor.py:208} INFO - Processing /opt/airflow/dags/load_spotify_to_snowflake.py took 0.023 seconds
[2025-04-23T23:11:24.648+0000] {processor.py:186} INFO - Started process (PID=299) to work on /opt/airflow/dags/load_spotify_to_snowflake.py
[2025-04-23T23:11:24.649+0000] {processor.py:914} INFO - Processing file /opt/airflow/dags/load_spotify_to_snowflake.py for tasks to queue
[2025-04-23T23:11:24.652+0000] {logging_mixin.py:190} INFO - [2025-04-23T23:11:24.652+0000] {dagbag.py:587} INFO - Filling up the DagBag from /opt/airflow/dags/load_spotify_to_snowflake.py
[2025-04-23T23:11:24.655+0000] {processor.py:927} WARNING - No viable dags retrieved from /opt/airflow/dags/load_spotify_to_snowflake.py
[2025-04-23T23:11:24.665+0000] {processor.py:208} INFO - Processing /opt/airflow/dags/load_spotify_to_snowflake.py took 0.026 seconds
[2025-04-23T23:11:55.079+0000] {processor.py:186} INFO - Started process (PID=314) to work on /opt/airflow/dags/load_spotify_to_snowflake.py
[2025-04-23T23:11:55.080+0000] {processor.py:914} INFO - Processing file /opt/airflow/dags/load_spotify_to_snowflake.py for tasks to queue
[2025-04-23T23:11:55.084+0000] {logging_mixin.py:190} INFO - [2025-04-23T23:11:55.084+0000] {dagbag.py:587} INFO - Filling up the DagBag from /opt/airflow/dags/load_spotify_to_snowflake.py
[2025-04-23T23:11:55.090+0000] {processor.py:927} WARNING - No viable dags retrieved from /opt/airflow/dags/load_spotify_to_snowflake.py
[2025-04-23T23:11:55.105+0000] {processor.py:208} INFO - Processing /opt/airflow/dags/load_spotify_to_snowflake.py took 0.035 seconds
[2025-04-23T23:12:25.471+0000] {processor.py:186} INFO - Started process (PID=329) to work on /opt/airflow/dags/load_spotify_to_snowflake.py
[2025-04-23T23:12:25.472+0000] {processor.py:914} INFO - Processing file /opt/airflow/dags/load_spotify_to_snowflake.py for tasks to queue
[2025-04-23T23:12:25.474+0000] {logging_mixin.py:190} INFO - [2025-04-23T23:12:25.474+0000] {dagbag.py:587} INFO - Filling up the DagBag from /opt/airflow/dags/load_spotify_to_snowflake.py
[2025-04-23T23:12:25.477+0000] {processor.py:927} WARNING - No viable dags retrieved from /opt/airflow/dags/load_spotify_to_snowflake.py
[2025-04-23T23:12:25.490+0000] {processor.py:208} INFO - Processing /opt/airflow/dags/load_spotify_to_snowflake.py took 0.024 seconds
[2025-04-23T23:12:55.866+0000] {processor.py:186} INFO - Started process (PID=344) to work on /opt/airflow/dags/load_spotify_to_snowflake.py
[2025-04-23T23:12:55.867+0000] {processor.py:914} INFO - Processing file /opt/airflow/dags/load_spotify_to_snowflake.py for tasks to queue
[2025-04-23T23:12:55.873+0000] {logging_mixin.py:190} INFO - [2025-04-23T23:12:55.873+0000] {dagbag.py:587} INFO - Filling up the DagBag from /opt/airflow/dags/load_spotify_to_snowflake.py
[2025-04-23T23:12:55.879+0000] {processor.py:927} WARNING - No viable dags retrieved from /opt/airflow/dags/load_spotify_to_snowflake.py
[2025-04-23T23:12:55.890+0000] {processor.py:208} INFO - Processing /opt/airflow/dags/load_spotify_to_snowflake.py took 0.032 seconds
[2025-04-23T23:13:26.333+0000] {processor.py:186} INFO - Started process (PID=359) to work on /opt/airflow/dags/load_spotify_to_snowflake.py
[2025-04-23T23:13:26.334+0000] {processor.py:914} INFO - Processing file /opt/airflow/dags/load_spotify_to_snowflake.py for tasks to queue
[2025-04-23T23:13:26.337+0000] {logging_mixin.py:190} INFO - [2025-04-23T23:13:26.337+0000] {dagbag.py:587} INFO - Filling up the DagBag from /opt/airflow/dags/load_spotify_to_snowflake.py
[2025-04-23T23:13:26.342+0000] {processor.py:927} WARNING - No viable dags retrieved from /opt/airflow/dags/load_spotify_to_snowflake.py
[2025-04-23T23:13:26.355+0000] {processor.py:208} INFO - Processing /opt/airflow/dags/load_spotify_to_snowflake.py took 0.028 seconds
[2025-04-23T23:13:56.798+0000] {processor.py:186} INFO - Started process (PID=374) to work on /opt/airflow/dags/load_spotify_to_snowflake.py
[2025-04-23T23:13:56.800+0000] {processor.py:914} INFO - Processing file /opt/airflow/dags/load_spotify_to_snowflake.py for tasks to queue
[2025-04-23T23:13:56.807+0000] {logging_mixin.py:190} INFO - [2025-04-23T23:13:56.806+0000] {dagbag.py:587} INFO - Filling up the DagBag from /opt/airflow/dags/load_spotify_to_snowflake.py
[2025-04-23T23:13:56.811+0000] {processor.py:927} WARNING - No viable dags retrieved from /opt/airflow/dags/load_spotify_to_snowflake.py
[2025-04-23T23:13:56.823+0000] {processor.py:208} INFO - Processing /opt/airflow/dags/load_spotify_to_snowflake.py took 0.031 seconds
[2025-04-23T23:14:27.315+0000] {processor.py:186} INFO - Started process (PID=389) to work on /opt/airflow/dags/load_spotify_to_snowflake.py
[2025-04-23T23:14:27.317+0000] {processor.py:914} INFO - Processing file /opt/airflow/dags/load_spotify_to_snowflake.py for tasks to queue
[2025-04-23T23:14:27.322+0000] {logging_mixin.py:190} INFO - [2025-04-23T23:14:27.321+0000] {dagbag.py:587} INFO - Filling up the DagBag from /opt/airflow/dags/load_spotify_to_snowflake.py
[2025-04-23T23:14:27.330+0000] {processor.py:927} WARNING - No viable dags retrieved from /opt/airflow/dags/load_spotify_to_snowflake.py
[2025-04-23T23:14:27.343+0000] {processor.py:208} INFO - Processing /opt/airflow/dags/load_spotify_to_snowflake.py took 0.042 seconds
[2025-04-23T23:20:35.876+0000] {processor.py:186} INFO - Started process (PID=404) to work on /opt/airflow/dags/load_spotify_to_snowflake.py
[2025-04-23T23:20:35.877+0000] {processor.py:914} INFO - Processing file /opt/airflow/dags/load_spotify_to_snowflake.py for tasks to queue
[2025-04-23T23:20:35.880+0000] {logging_mixin.py:190} INFO - [2025-04-23T23:20:35.879+0000] {dagbag.py:587} INFO - Filling up the DagBag from /opt/airflow/dags/load_spotify_to_snowflake.py
[2025-04-23T23:20:35.885+0000] {processor.py:927} WARNING - No viable dags retrieved from /opt/airflow/dags/load_spotify_to_snowflake.py
[2025-04-23T23:20:35.898+0000] {processor.py:208} INFO - Processing /opt/airflow/dags/load_spotify_to_snowflake.py took 0.030 seconds
[2025-04-23T23:21:06.279+0000] {processor.py:186} INFO - Started process (PID=419) to work on /opt/airflow/dags/load_spotify_to_snowflake.py
[2025-04-23T23:21:06.282+0000] {processor.py:914} INFO - Processing file /opt/airflow/dags/load_spotify_to_snowflake.py for tasks to queue
[2025-04-23T23:21:06.288+0000] {logging_mixin.py:190} INFO - [2025-04-23T23:21:06.287+0000] {dagbag.py:587} INFO - Filling up the DagBag from /opt/airflow/dags/load_spotify_to_snowflake.py
[2025-04-23T23:21:06.295+0000] {processor.py:927} WARNING - No viable dags retrieved from /opt/airflow/dags/load_spotify_to_snowflake.py
[2025-04-23T23:21:06.314+0000] {processor.py:208} INFO - Processing /opt/airflow/dags/load_spotify_to_snowflake.py took 0.053 seconds
[2025-04-23T23:21:36.730+0000] {processor.py:186} INFO - Started process (PID=434) to work on /opt/airflow/dags/load_spotify_to_snowflake.py
[2025-04-23T23:21:36.732+0000] {processor.py:914} INFO - Processing file /opt/airflow/dags/load_spotify_to_snowflake.py for tasks to queue
[2025-04-23T23:21:36.736+0000] {logging_mixin.py:190} INFO - [2025-04-23T23:21:36.735+0000] {dagbag.py:587} INFO - Filling up the DagBag from /opt/airflow/dags/load_spotify_to_snowflake.py
[2025-04-23T23:21:36.742+0000] {processor.py:927} WARNING - No viable dags retrieved from /opt/airflow/dags/load_spotify_to_snowflake.py
[2025-04-23T23:21:36.763+0000] {processor.py:208} INFO - Processing /opt/airflow/dags/load_spotify_to_snowflake.py took 0.050 seconds
[2025-04-23T23:22:07.171+0000] {processor.py:186} INFO - Started process (PID=449) to work on /opt/airflow/dags/load_spotify_to_snowflake.py
[2025-04-23T23:22:07.173+0000] {processor.py:914} INFO - Processing file /opt/airflow/dags/load_spotify_to_snowflake.py for tasks to queue
[2025-04-23T23:22:07.175+0000] {logging_mixin.py:190} INFO - [2025-04-23T23:22:07.175+0000] {dagbag.py:587} INFO - Filling up the DagBag from /opt/airflow/dags/load_spotify_to_snowflake.py
[2025-04-23T23:22:07.178+0000] {processor.py:927} WARNING - No viable dags retrieved from /opt/airflow/dags/load_spotify_to_snowflake.py
[2025-04-23T23:22:07.188+0000] {processor.py:208} INFO - Processing /opt/airflow/dags/load_spotify_to_snowflake.py took 0.025 seconds
[2025-04-23T23:22:37.532+0000] {processor.py:186} INFO - Started process (PID=464) to work on /opt/airflow/dags/load_spotify_to_snowflake.py
[2025-04-23T23:22:37.533+0000] {processor.py:914} INFO - Processing file /opt/airflow/dags/load_spotify_to_snowflake.py for tasks to queue
[2025-04-23T23:22:37.536+0000] {logging_mixin.py:190} INFO - [2025-04-23T23:22:37.536+0000] {dagbag.py:587} INFO - Filling up the DagBag from /opt/airflow/dags/load_spotify_to_snowflake.py
[2025-04-23T23:22:37.544+0000] {processor.py:927} WARNING - No viable dags retrieved from /opt/airflow/dags/load_spotify_to_snowflake.py
[2025-04-23T23:22:37.557+0000] {processor.py:208} INFO - Processing /opt/airflow/dags/load_spotify_to_snowflake.py took 0.040 seconds
[2025-04-23T23:23:07.967+0000] {processor.py:186} INFO - Started process (PID=479) to work on /opt/airflow/dags/load_spotify_to_snowflake.py
[2025-04-23T23:23:07.969+0000] {processor.py:914} INFO - Processing file /opt/airflow/dags/load_spotify_to_snowflake.py for tasks to queue
[2025-04-23T23:23:07.973+0000] {logging_mixin.py:190} INFO - [2025-04-23T23:23:07.973+0000] {dagbag.py:587} INFO - Filling up the DagBag from /opt/airflow/dags/load_spotify_to_snowflake.py
[2025-04-23T23:23:07.981+0000] {processor.py:927} WARNING - No viable dags retrieved from /opt/airflow/dags/load_spotify_to_snowflake.py
[2025-04-23T23:23:07.993+0000] {processor.py:208} INFO - Processing /opt/airflow/dags/load_spotify_to_snowflake.py took 0.036 seconds
[2025-04-23T23:24:45.287+0000] {processor.py:186} INFO - Started process (PID=494) to work on /opt/airflow/dags/load_spotify_to_snowflake.py
[2025-04-23T23:24:45.289+0000] {processor.py:914} INFO - Processing file /opt/airflow/dags/load_spotify_to_snowflake.py for tasks to queue
[2025-04-23T23:24:45.299+0000] {logging_mixin.py:190} INFO - [2025-04-23T23:24:45.297+0000] {dagbag.py:587} INFO - Filling up the DagBag from /opt/airflow/dags/load_spotify_to_snowflake.py
[2025-04-23T23:24:45.306+0000] {processor.py:927} WARNING - No viable dags retrieved from /opt/airflow/dags/load_spotify_to_snowflake.py
[2025-04-23T23:24:45.349+0000] {processor.py:208} INFO - Processing /opt/airflow/dags/load_spotify_to_snowflake.py took 0.090 seconds
[2025-04-23T23:25:15.816+0000] {processor.py:186} INFO - Started process (PID=509) to work on /opt/airflow/dags/load_spotify_to_snowflake.py
[2025-04-23T23:25:15.819+0000] {processor.py:914} INFO - Processing file /opt/airflow/dags/load_spotify_to_snowflake.py for tasks to queue
[2025-04-23T23:25:15.822+0000] {logging_mixin.py:190} INFO - [2025-04-23T23:25:15.822+0000] {dagbag.py:587} INFO - Filling up the DagBag from /opt/airflow/dags/load_spotify_to_snowflake.py
[2025-04-23T23:25:15.828+0000] {processor.py:927} WARNING - No viable dags retrieved from /opt/airflow/dags/load_spotify_to_snowflake.py
[2025-04-23T23:25:15.842+0000] {processor.py:208} INFO - Processing /opt/airflow/dags/load_spotify_to_snowflake.py took 0.032 seconds
[2025-04-23T23:25:46.319+0000] {processor.py:186} INFO - Started process (PID=524) to work on /opt/airflow/dags/load_spotify_to_snowflake.py
[2025-04-23T23:25:46.322+0000] {processor.py:914} INFO - Processing file /opt/airflow/dags/load_spotify_to_snowflake.py for tasks to queue
[2025-04-23T23:25:46.323+0000] {logging_mixin.py:190} INFO - [2025-04-23T23:25:46.323+0000] {dagbag.py:587} INFO - Filling up the DagBag from /opt/airflow/dags/load_spotify_to_snowflake.py
[2025-04-23T23:25:46.326+0000] {processor.py:927} WARNING - No viable dags retrieved from /opt/airflow/dags/load_spotify_to_snowflake.py
[2025-04-23T23:25:46.340+0000] {processor.py:208} INFO - Processing /opt/airflow/dags/load_spotify_to_snowflake.py took 0.026 seconds
[2025-04-23T23:26:16.742+0000] {processor.py:186} INFO - Started process (PID=539) to work on /opt/airflow/dags/load_spotify_to_snowflake.py
[2025-04-23T23:26:16.745+0000] {processor.py:914} INFO - Processing file /opt/airflow/dags/load_spotify_to_snowflake.py for tasks to queue
[2025-04-23T23:26:16.748+0000] {logging_mixin.py:190} INFO - [2025-04-23T23:26:16.747+0000] {dagbag.py:587} INFO - Filling up the DagBag from /opt/airflow/dags/load_spotify_to_snowflake.py
[2025-04-23T23:26:16.752+0000] {processor.py:927} WARNING - No viable dags retrieved from /opt/airflow/dags/load_spotify_to_snowflake.py
[2025-04-23T23:26:16.766+0000] {processor.py:208} INFO - Processing /opt/airflow/dags/load_spotify_to_snowflake.py took 0.033 seconds
[2025-04-23T23:26:47.086+0000] {processor.py:186} INFO - Started process (PID=554) to work on /opt/airflow/dags/load_spotify_to_snowflake.py
[2025-04-23T23:26:47.087+0000] {processor.py:914} INFO - Processing file /opt/airflow/dags/load_spotify_to_snowflake.py for tasks to queue
[2025-04-23T23:26:47.090+0000] {logging_mixin.py:190} INFO - [2025-04-23T23:26:47.089+0000] {dagbag.py:587} INFO - Filling up the DagBag from /opt/airflow/dags/load_spotify_to_snowflake.py
[2025-04-23T23:26:47.093+0000] {processor.py:927} WARNING - No viable dags retrieved from /opt/airflow/dags/load_spotify_to_snowflake.py
[2025-04-23T23:26:47.106+0000] {processor.py:208} INFO - Processing /opt/airflow/dags/load_spotify_to_snowflake.py took 0.026 seconds
[2025-04-23T23:27:17.508+0000] {processor.py:186} INFO - Started process (PID=569) to work on /opt/airflow/dags/load_spotify_to_snowflake.py
[2025-04-23T23:27:17.509+0000] {processor.py:914} INFO - Processing file /opt/airflow/dags/load_spotify_to_snowflake.py for tasks to queue
[2025-04-23T23:27:17.511+0000] {logging_mixin.py:190} INFO - [2025-04-23T23:27:17.511+0000] {dagbag.py:587} INFO - Filling up the DagBag from /opt/airflow/dags/load_spotify_to_snowflake.py
[2025-04-23T23:27:17.517+0000] {processor.py:927} WARNING - No viable dags retrieved from /opt/airflow/dags/load_spotify_to_snowflake.py
[2025-04-23T23:27:17.527+0000] {processor.py:208} INFO - Processing /opt/airflow/dags/load_spotify_to_snowflake.py took 0.024 seconds
[2025-04-23T23:27:47.911+0000] {processor.py:186} INFO - Started process (PID=584) to work on /opt/airflow/dags/load_spotify_to_snowflake.py
[2025-04-23T23:27:47.912+0000] {processor.py:914} INFO - Processing file /opt/airflow/dags/load_spotify_to_snowflake.py for tasks to queue
[2025-04-23T23:27:47.914+0000] {logging_mixin.py:190} INFO - [2025-04-23T23:27:47.914+0000] {dagbag.py:587} INFO - Filling up the DagBag from /opt/airflow/dags/load_spotify_to_snowflake.py
[2025-04-23T23:27:47.916+0000] {processor.py:927} WARNING - No viable dags retrieved from /opt/airflow/dags/load_spotify_to_snowflake.py
[2025-04-23T23:27:47.927+0000] {processor.py:208} INFO - Processing /opt/airflow/dags/load_spotify_to_snowflake.py took 0.023 seconds
[2025-04-23T23:28:18.328+0000] {processor.py:186} INFO - Started process (PID=599) to work on /opt/airflow/dags/load_spotify_to_snowflake.py
[2025-04-23T23:28:18.329+0000] {processor.py:914} INFO - Processing file /opt/airflow/dags/load_spotify_to_snowflake.py for tasks to queue
[2025-04-23T23:28:18.332+0000] {logging_mixin.py:190} INFO - [2025-04-23T23:28:18.331+0000] {dagbag.py:587} INFO - Filling up the DagBag from /opt/airflow/dags/load_spotify_to_snowflake.py
[2025-04-23T23:28:18.335+0000] {processor.py:927} WARNING - No viable dags retrieved from /opt/airflow/dags/load_spotify_to_snowflake.py
[2025-04-23T23:28:18.345+0000] {processor.py:208} INFO - Processing /opt/airflow/dags/load_spotify_to_snowflake.py took 0.024 seconds
[2025-04-23T23:28:48.661+0000] {processor.py:186} INFO - Started process (PID=614) to work on /opt/airflow/dags/load_spotify_to_snowflake.py
[2025-04-23T23:28:48.662+0000] {processor.py:914} INFO - Processing file /opt/airflow/dags/load_spotify_to_snowflake.py for tasks to queue
[2025-04-23T23:28:48.664+0000] {logging_mixin.py:190} INFO - [2025-04-23T23:28:48.663+0000] {dagbag.py:587} INFO - Filling up the DagBag from /opt/airflow/dags/load_spotify_to_snowflake.py
[2025-04-23T23:28:48.667+0000] {processor.py:927} WARNING - No viable dags retrieved from /opt/airflow/dags/load_spotify_to_snowflake.py
[2025-04-23T23:28:48.681+0000] {processor.py:208} INFO - Processing /opt/airflow/dags/load_spotify_to_snowflake.py took 0.024 seconds
[2025-04-23T23:29:18.996+0000] {processor.py:186} INFO - Started process (PID=629) to work on /opt/airflow/dags/load_spotify_to_snowflake.py
[2025-04-23T23:29:18.997+0000] {processor.py:914} INFO - Processing file /opt/airflow/dags/load_spotify_to_snowflake.py for tasks to queue
[2025-04-23T23:29:18.999+0000] {logging_mixin.py:190} INFO - [2025-04-23T23:29:18.999+0000] {dagbag.py:587} INFO - Filling up the DagBag from /opt/airflow/dags/load_spotify_to_snowflake.py
[2025-04-23T23:29:19.008+0000] {processor.py:927} WARNING - No viable dags retrieved from /opt/airflow/dags/load_spotify_to_snowflake.py
[2025-04-23T23:29:19.016+0000] {processor.py:208} INFO - Processing /opt/airflow/dags/load_spotify_to_snowflake.py took 0.023 seconds
[2025-04-23T23:29:49.368+0000] {processor.py:186} INFO - Started process (PID=644) to work on /opt/airflow/dags/load_spotify_to_snowflake.py
[2025-04-23T23:29:49.369+0000] {processor.py:914} INFO - Processing file /opt/airflow/dags/load_spotify_to_snowflake.py for tasks to queue
[2025-04-23T23:29:49.371+0000] {logging_mixin.py:190} INFO - [2025-04-23T23:29:49.370+0000] {dagbag.py:587} INFO - Filling up the DagBag from /opt/airflow/dags/load_spotify_to_snowflake.py
[2025-04-23T23:29:49.376+0000] {processor.py:927} WARNING - No viable dags retrieved from /opt/airflow/dags/load_spotify_to_snowflake.py
[2025-04-23T23:29:49.384+0000] {processor.py:208} INFO - Processing /opt/airflow/dags/load_spotify_to_snowflake.py took 0.020 seconds
[2025-04-23T23:30:19.742+0000] {processor.py:186} INFO - Started process (PID=659) to work on /opt/airflow/dags/load_spotify_to_snowflake.py
[2025-04-23T23:30:19.743+0000] {processor.py:914} INFO - Processing file /opt/airflow/dags/load_spotify_to_snowflake.py for tasks to queue
[2025-04-23T23:30:19.745+0000] {logging_mixin.py:190} INFO - [2025-04-23T23:30:19.745+0000] {dagbag.py:587} INFO - Filling up the DagBag from /opt/airflow/dags/load_spotify_to_snowflake.py
[2025-04-23T23:30:19.747+0000] {processor.py:927} WARNING - No viable dags retrieved from /opt/airflow/dags/load_spotify_to_snowflake.py
[2025-04-23T23:30:19.755+0000] {processor.py:208} INFO - Processing /opt/airflow/dags/load_spotify_to_snowflake.py took 0.018 seconds
[2025-04-23T23:30:50.127+0000] {processor.py:186} INFO - Started process (PID=674) to work on /opt/airflow/dags/load_spotify_to_snowflake.py
[2025-04-23T23:30:50.128+0000] {processor.py:914} INFO - Processing file /opt/airflow/dags/load_spotify_to_snowflake.py for tasks to queue
[2025-04-23T23:30:50.131+0000] {logging_mixin.py:190} INFO - [2025-04-23T23:30:50.130+0000] {dagbag.py:587} INFO - Filling up the DagBag from /opt/airflow/dags/load_spotify_to_snowflake.py
[2025-04-23T23:30:50.133+0000] {processor.py:927} WARNING - No viable dags retrieved from /opt/airflow/dags/load_spotify_to_snowflake.py
[2025-04-23T23:30:50.142+0000] {processor.py:208} INFO - Processing /opt/airflow/dags/load_spotify_to_snowflake.py took 0.022 seconds
[2025-04-23T23:31:20.527+0000] {processor.py:186} INFO - Started process (PID=689) to work on /opt/airflow/dags/load_spotify_to_snowflake.py
[2025-04-23T23:31:20.528+0000] {processor.py:914} INFO - Processing file /opt/airflow/dags/load_spotify_to_snowflake.py for tasks to queue
[2025-04-23T23:31:20.532+0000] {logging_mixin.py:190} INFO - [2025-04-23T23:31:20.532+0000] {dagbag.py:587} INFO - Filling up the DagBag from /opt/airflow/dags/load_spotify_to_snowflake.py
[2025-04-23T23:31:20.537+0000] {processor.py:927} WARNING - No viable dags retrieved from /opt/airflow/dags/load_spotify_to_snowflake.py
[2025-04-23T23:31:20.547+0000] {processor.py:208} INFO - Processing /opt/airflow/dags/load_spotify_to_snowflake.py took 0.026 seconds
[2025-04-23T23:31:50.962+0000] {processor.py:186} INFO - Started process (PID=704) to work on /opt/airflow/dags/load_spotify_to_snowflake.py
[2025-04-23T23:31:50.963+0000] {processor.py:914} INFO - Processing file /opt/airflow/dags/load_spotify_to_snowflake.py for tasks to queue
[2025-04-23T23:31:50.965+0000] {logging_mixin.py:190} INFO - [2025-04-23T23:31:50.965+0000] {dagbag.py:587} INFO - Filling up the DagBag from /opt/airflow/dags/load_spotify_to_snowflake.py
[2025-04-23T23:31:50.969+0000] {processor.py:927} WARNING - No viable dags retrieved from /opt/airflow/dags/load_spotify_to_snowflake.py
[2025-04-23T23:31:50.984+0000] {processor.py:208} INFO - Processing /opt/airflow/dags/load_spotify_to_snowflake.py took 0.031 seconds
[2025-04-23T23:32:21.330+0000] {processor.py:186} INFO - Started process (PID=719) to work on /opt/airflow/dags/load_spotify_to_snowflake.py
[2025-04-23T23:32:21.331+0000] {processor.py:914} INFO - Processing file /opt/airflow/dags/load_spotify_to_snowflake.py for tasks to queue
[2025-04-23T23:32:21.332+0000] {logging_mixin.py:190} INFO - [2025-04-23T23:32:21.332+0000] {dagbag.py:587} INFO - Filling up the DagBag from /opt/airflow/dags/load_spotify_to_snowflake.py
[2025-04-23T23:32:21.335+0000] {processor.py:927} WARNING - No viable dags retrieved from /opt/airflow/dags/load_spotify_to_snowflake.py
[2025-04-23T23:32:21.345+0000] {processor.py:208} INFO - Processing /opt/airflow/dags/load_spotify_to_snowflake.py took 0.020 seconds
[2025-04-23T23:32:51.681+0000] {processor.py:186} INFO - Started process (PID=734) to work on /opt/airflow/dags/load_spotify_to_snowflake.py
[2025-04-23T23:32:51.683+0000] {processor.py:914} INFO - Processing file /opt/airflow/dags/load_spotify_to_snowflake.py for tasks to queue
[2025-04-23T23:32:51.684+0000] {logging_mixin.py:190} INFO - [2025-04-23T23:32:51.684+0000] {dagbag.py:587} INFO - Filling up the DagBag from /opt/airflow/dags/load_spotify_to_snowflake.py
[2025-04-23T23:32:51.696+0000] {processor.py:927} WARNING - No viable dags retrieved from /opt/airflow/dags/load_spotify_to_snowflake.py
[2025-04-23T23:32:51.705+0000] {processor.py:208} INFO - Processing /opt/airflow/dags/load_spotify_to_snowflake.py took 0.030 seconds
[2025-04-23T23:33:22.087+0000] {processor.py:186} INFO - Started process (PID=749) to work on /opt/airflow/dags/load_spotify_to_snowflake.py
[2025-04-23T23:33:22.088+0000] {processor.py:914} INFO - Processing file /opt/airflow/dags/load_spotify_to_snowflake.py for tasks to queue
[2025-04-23T23:33:22.092+0000] {logging_mixin.py:190} INFO - [2025-04-23T23:33:22.092+0000] {dagbag.py:587} INFO - Filling up the DagBag from /opt/airflow/dags/load_spotify_to_snowflake.py
[2025-04-23T23:33:22.098+0000] {processor.py:927} WARNING - No viable dags retrieved from /opt/airflow/dags/load_spotify_to_snowflake.py
[2025-04-23T23:33:22.109+0000] {processor.py:208} INFO - Processing /opt/airflow/dags/load_spotify_to_snowflake.py took 0.028 seconds
[2025-04-23T23:33:52.502+0000] {processor.py:186} INFO - Started process (PID=764) to work on /opt/airflow/dags/load_spotify_to_snowflake.py
[2025-04-23T23:33:52.503+0000] {processor.py:914} INFO - Processing file /opt/airflow/dags/load_spotify_to_snowflake.py for tasks to queue
[2025-04-23T23:33:52.513+0000] {logging_mixin.py:190} INFO - [2025-04-23T23:33:52.513+0000] {dagbag.py:587} INFO - Filling up the DagBag from /opt/airflow/dags/load_spotify_to_snowflake.py
[2025-04-23T23:33:52.520+0000] {processor.py:927} WARNING - No viable dags retrieved from /opt/airflow/dags/load_spotify_to_snowflake.py
[2025-04-23T23:33:52.532+0000] {processor.py:208} INFO - Processing /opt/airflow/dags/load_spotify_to_snowflake.py took 0.039 seconds
[2025-04-23T23:34:22.943+0000] {processor.py:186} INFO - Started process (PID=779) to work on /opt/airflow/dags/load_spotify_to_snowflake.py
[2025-04-23T23:34:22.944+0000] {processor.py:914} INFO - Processing file /opt/airflow/dags/load_spotify_to_snowflake.py for tasks to queue
[2025-04-23T23:34:22.947+0000] {logging_mixin.py:190} INFO - [2025-04-23T23:34:22.947+0000] {dagbag.py:587} INFO - Filling up the DagBag from /opt/airflow/dags/load_spotify_to_snowflake.py
[2025-04-23T23:34:22.955+0000] {processor.py:927} WARNING - No viable dags retrieved from /opt/airflow/dags/load_spotify_to_snowflake.py
[2025-04-23T23:34:22.972+0000] {processor.py:208} INFO - Processing /opt/airflow/dags/load_spotify_to_snowflake.py took 0.037 seconds
[2025-04-23T23:34:53.369+0000] {processor.py:186} INFO - Started process (PID=794) to work on /opt/airflow/dags/load_spotify_to_snowflake.py
[2025-04-23T23:34:53.371+0000] {processor.py:914} INFO - Processing file /opt/airflow/dags/load_spotify_to_snowflake.py for tasks to queue
[2025-04-23T23:34:53.375+0000] {logging_mixin.py:190} INFO - [2025-04-23T23:34:53.375+0000] {dagbag.py:587} INFO - Filling up the DagBag from /opt/airflow/dags/load_spotify_to_snowflake.py
[2025-04-23T23:34:53.386+0000] {processor.py:927} WARNING - No viable dags retrieved from /opt/airflow/dags/load_spotify_to_snowflake.py
[2025-04-23T23:34:53.407+0000] {processor.py:208} INFO - Processing /opt/airflow/dags/load_spotify_to_snowflake.py took 0.049 seconds
[2025-04-23T23:35:23.800+0000] {processor.py:186} INFO - Started process (PID=809) to work on /opt/airflow/dags/load_spotify_to_snowflake.py
[2025-04-23T23:35:23.801+0000] {processor.py:914} INFO - Processing file /opt/airflow/dags/load_spotify_to_snowflake.py for tasks to queue
[2025-04-23T23:35:23.807+0000] {logging_mixin.py:190} INFO - [2025-04-23T23:35:23.806+0000] {dagbag.py:587} INFO - Filling up the DagBag from /opt/airflow/dags/load_spotify_to_snowflake.py
[2025-04-23T23:35:23.812+0000] {processor.py:927} WARNING - No viable dags retrieved from /opt/airflow/dags/load_spotify_to_snowflake.py
[2025-04-23T23:35:23.827+0000] {processor.py:208} INFO - Processing /opt/airflow/dags/load_spotify_to_snowflake.py took 0.037 seconds
[2025-04-23T23:35:54.219+0000] {processor.py:186} INFO - Started process (PID=824) to work on /opt/airflow/dags/load_spotify_to_snowflake.py
[2025-04-23T23:35:54.220+0000] {processor.py:914} INFO - Processing file /opt/airflow/dags/load_spotify_to_snowflake.py for tasks to queue
[2025-04-23T23:35:54.223+0000] {logging_mixin.py:190} INFO - [2025-04-23T23:35:54.223+0000] {dagbag.py:587} INFO - Filling up the DagBag from /opt/airflow/dags/load_spotify_to_snowflake.py
[2025-04-23T23:35:54.228+0000] {processor.py:927} WARNING - No viable dags retrieved from /opt/airflow/dags/load_spotify_to_snowflake.py
[2025-04-23T23:35:54.241+0000] {processor.py:208} INFO - Processing /opt/airflow/dags/load_spotify_to_snowflake.py took 0.029 seconds
[2025-04-23T23:36:24.628+0000] {processor.py:186} INFO - Started process (PID=839) to work on /opt/airflow/dags/load_spotify_to_snowflake.py
[2025-04-23T23:36:24.631+0000] {processor.py:914} INFO - Processing file /opt/airflow/dags/load_spotify_to_snowflake.py for tasks to queue
[2025-04-23T23:36:24.635+0000] {logging_mixin.py:190} INFO - [2025-04-23T23:36:24.635+0000] {dagbag.py:587} INFO - Filling up the DagBag from /opt/airflow/dags/load_spotify_to_snowflake.py
[2025-04-23T23:36:24.645+0000] {processor.py:927} WARNING - No viable dags retrieved from /opt/airflow/dags/load_spotify_to_snowflake.py
[2025-04-23T23:36:24.660+0000] {processor.py:208} INFO - Processing /opt/airflow/dags/load_spotify_to_snowflake.py took 0.044 seconds
[2025-04-23T23:36:55.044+0000] {processor.py:186} INFO - Started process (PID=854) to work on /opt/airflow/dags/load_spotify_to_snowflake.py
[2025-04-23T23:36:55.048+0000] {processor.py:914} INFO - Processing file /opt/airflow/dags/load_spotify_to_snowflake.py for tasks to queue
[2025-04-23T23:36:55.051+0000] {logging_mixin.py:190} INFO - [2025-04-23T23:36:55.050+0000] {dagbag.py:587} INFO - Filling up the DagBag from /opt/airflow/dags/load_spotify_to_snowflake.py
[2025-04-23T23:36:55.058+0000] {processor.py:927} WARNING - No viable dags retrieved from /opt/airflow/dags/load_spotify_to_snowflake.py
[2025-04-23T23:36:55.072+0000] {processor.py:208} INFO - Processing /opt/airflow/dags/load_spotify_to_snowflake.py took 0.039 seconds
[2025-04-23T23:37:25.482+0000] {processor.py:186} INFO - Started process (PID=869) to work on /opt/airflow/dags/load_spotify_to_snowflake.py
[2025-04-23T23:37:25.484+0000] {processor.py:914} INFO - Processing file /opt/airflow/dags/load_spotify_to_snowflake.py for tasks to queue
[2025-04-23T23:37:25.488+0000] {logging_mixin.py:190} INFO - [2025-04-23T23:37:25.487+0000] {dagbag.py:587} INFO - Filling up the DagBag from /opt/airflow/dags/load_spotify_to_snowflake.py
[2025-04-23T23:37:25.496+0000] {processor.py:927} WARNING - No viable dags retrieved from /opt/airflow/dags/load_spotify_to_snowflake.py
[2025-04-23T23:37:25.511+0000] {processor.py:208} INFO - Processing /opt/airflow/dags/load_spotify_to_snowflake.py took 0.041 seconds
[2025-04-23T23:37:55.896+0000] {processor.py:186} INFO - Started process (PID=884) to work on /opt/airflow/dags/load_spotify_to_snowflake.py
[2025-04-23T23:37:55.898+0000] {processor.py:914} INFO - Processing file /opt/airflow/dags/load_spotify_to_snowflake.py for tasks to queue
[2025-04-23T23:37:55.900+0000] {logging_mixin.py:190} INFO - [2025-04-23T23:37:55.900+0000] {dagbag.py:587} INFO - Filling up the DagBag from /opt/airflow/dags/load_spotify_to_snowflake.py
[2025-04-23T23:37:55.911+0000] {processor.py:927} WARNING - No viable dags retrieved from /opt/airflow/dags/load_spotify_to_snowflake.py
[2025-04-23T23:37:55.924+0000] {processor.py:208} INFO - Processing /opt/airflow/dags/load_spotify_to_snowflake.py took 0.035 seconds
[2025-04-23T23:38:26.321+0000] {processor.py:186} INFO - Started process (PID=899) to work on /opt/airflow/dags/load_spotify_to_snowflake.py
[2025-04-23T23:38:26.323+0000] {processor.py:914} INFO - Processing file /opt/airflow/dags/load_spotify_to_snowflake.py for tasks to queue
[2025-04-23T23:38:26.326+0000] {logging_mixin.py:190} INFO - [2025-04-23T23:38:26.325+0000] {dagbag.py:587} INFO - Filling up the DagBag from /opt/airflow/dags/load_spotify_to_snowflake.py
[2025-04-23T23:38:26.334+0000] {processor.py:927} WARNING - No viable dags retrieved from /opt/airflow/dags/load_spotify_to_snowflake.py
[2025-04-23T23:38:26.354+0000] {processor.py:208} INFO - Processing /opt/airflow/dags/load_spotify_to_snowflake.py took 0.048 seconds
[2025-04-23T23:38:56.735+0000] {processor.py:186} INFO - Started process (PID=914) to work on /opt/airflow/dags/load_spotify_to_snowflake.py
[2025-04-23T23:38:56.736+0000] {processor.py:914} INFO - Processing file /opt/airflow/dags/load_spotify_to_snowflake.py for tasks to queue
[2025-04-23T23:38:56.741+0000] {logging_mixin.py:190} INFO - [2025-04-23T23:38:56.740+0000] {dagbag.py:587} INFO - Filling up the DagBag from /opt/airflow/dags/load_spotify_to_snowflake.py
[2025-04-23T23:38:56.745+0000] {processor.py:927} WARNING - No viable dags retrieved from /opt/airflow/dags/load_spotify_to_snowflake.py
[2025-04-23T23:38:56.764+0000] {processor.py:208} INFO - Processing /opt/airflow/dags/load_spotify_to_snowflake.py took 0.039 seconds
[2025-04-23T23:39:27.194+0000] {processor.py:186} INFO - Started process (PID=929) to work on /opt/airflow/dags/load_spotify_to_snowflake.py
[2025-04-23T23:39:27.195+0000] {processor.py:914} INFO - Processing file /opt/airflow/dags/load_spotify_to_snowflake.py for tasks to queue
[2025-04-23T23:39:27.198+0000] {logging_mixin.py:190} INFO - [2025-04-23T23:39:27.198+0000] {dagbag.py:587} INFO - Filling up the DagBag from /opt/airflow/dags/load_spotify_to_snowflake.py
[2025-04-23T23:39:27.203+0000] {processor.py:927} WARNING - No viable dags retrieved from /opt/airflow/dags/load_spotify_to_snowflake.py
[2025-04-23T23:39:27.216+0000] {processor.py:208} INFO - Processing /opt/airflow/dags/load_spotify_to_snowflake.py took 0.033 seconds
[2025-04-23T23:39:57.663+0000] {processor.py:186} INFO - Started process (PID=944) to work on /opt/airflow/dags/load_spotify_to_snowflake.py
[2025-04-23T23:39:57.664+0000] {processor.py:914} INFO - Processing file /opt/airflow/dags/load_spotify_to_snowflake.py for tasks to queue
[2025-04-23T23:39:57.667+0000] {logging_mixin.py:190} INFO - [2025-04-23T23:39:57.666+0000] {dagbag.py:587} INFO - Filling up the DagBag from /opt/airflow/dags/load_spotify_to_snowflake.py
[2025-04-23T23:39:57.671+0000] {processor.py:927} WARNING - No viable dags retrieved from /opt/airflow/dags/load_spotify_to_snowflake.py
[2025-04-23T23:39:57.684+0000] {processor.py:208} INFO - Processing /opt/airflow/dags/load_spotify_to_snowflake.py took 0.035 seconds
[2025-04-23T23:40:28.115+0000] {processor.py:186} INFO - Started process (PID=959) to work on /opt/airflow/dags/load_spotify_to_snowflake.py
[2025-04-23T23:40:28.117+0000] {processor.py:914} INFO - Processing file /opt/airflow/dags/load_spotify_to_snowflake.py for tasks to queue
[2025-04-23T23:40:28.120+0000] {logging_mixin.py:190} INFO - [2025-04-23T23:40:28.119+0000] {dagbag.py:587} INFO - Filling up the DagBag from /opt/airflow/dags/load_spotify_to_snowflake.py
[2025-04-23T23:40:28.125+0000] {processor.py:927} WARNING - No viable dags retrieved from /opt/airflow/dags/load_spotify_to_snowflake.py
[2025-04-23T23:40:28.137+0000] {processor.py:208} INFO - Processing /opt/airflow/dags/load_spotify_to_snowflake.py took 0.032 seconds
[2025-04-23T23:40:58.543+0000] {processor.py:186} INFO - Started process (PID=974) to work on /opt/airflow/dags/load_spotify_to_snowflake.py
[2025-04-23T23:40:58.544+0000] {processor.py:914} INFO - Processing file /opt/airflow/dags/load_spotify_to_snowflake.py for tasks to queue
[2025-04-23T23:40:58.546+0000] {logging_mixin.py:190} INFO - [2025-04-23T23:40:58.546+0000] {dagbag.py:587} INFO - Filling up the DagBag from /opt/airflow/dags/load_spotify_to_snowflake.py
[2025-04-23T23:40:58.549+0000] {processor.py:927} WARNING - No viable dags retrieved from /opt/airflow/dags/load_spotify_to_snowflake.py
[2025-04-23T23:40:58.560+0000] {processor.py:208} INFO - Processing /opt/airflow/dags/load_spotify_to_snowflake.py took 0.023 seconds
[2025-04-23T23:41:29.072+0000] {processor.py:186} INFO - Started process (PID=989) to work on /opt/airflow/dags/load_spotify_to_snowflake.py
[2025-04-23T23:41:29.073+0000] {processor.py:914} INFO - Processing file /opt/airflow/dags/load_spotify_to_snowflake.py for tasks to queue
[2025-04-23T23:41:29.077+0000] {logging_mixin.py:190} INFO - [2025-04-23T23:41:29.077+0000] {dagbag.py:587} INFO - Filling up the DagBag from /opt/airflow/dags/load_spotify_to_snowflake.py
[2025-04-23T23:41:29.081+0000] {processor.py:927} WARNING - No viable dags retrieved from /opt/airflow/dags/load_spotify_to_snowflake.py
[2025-04-23T23:41:29.091+0000] {processor.py:208} INFO - Processing /opt/airflow/dags/load_spotify_to_snowflake.py took 0.027 seconds
[2025-04-23T23:41:59.461+0000] {processor.py:186} INFO - Started process (PID=1004) to work on /opt/airflow/dags/load_spotify_to_snowflake.py
[2025-04-23T23:41:59.462+0000] {processor.py:914} INFO - Processing file /opt/airflow/dags/load_spotify_to_snowflake.py for tasks to queue
[2025-04-23T23:41:59.464+0000] {logging_mixin.py:190} INFO - [2025-04-23T23:41:59.463+0000] {dagbag.py:587} INFO - Filling up the DagBag from /opt/airflow/dags/load_spotify_to_snowflake.py
[2025-04-23T23:41:59.466+0000] {processor.py:927} WARNING - No viable dags retrieved from /opt/airflow/dags/load_spotify_to_snowflake.py
[2025-04-23T23:41:59.477+0000] {processor.py:208} INFO - Processing /opt/airflow/dags/load_spotify_to_snowflake.py took 0.023 seconds
[2025-04-23T23:42:29.901+0000] {processor.py:186} INFO - Started process (PID=1019) to work on /opt/airflow/dags/load_spotify_to_snowflake.py
[2025-04-23T23:42:29.903+0000] {processor.py:914} INFO - Processing file /opt/airflow/dags/load_spotify_to_snowflake.py for tasks to queue
[2025-04-23T23:42:29.907+0000] {logging_mixin.py:190} INFO - [2025-04-23T23:42:29.906+0000] {dagbag.py:587} INFO - Filling up the DagBag from /opt/airflow/dags/load_spotify_to_snowflake.py
[2025-04-23T23:42:29.909+0000] {processor.py:927} WARNING - No viable dags retrieved from /opt/airflow/dags/load_spotify_to_snowflake.py
[2025-04-23T23:42:29.923+0000] {processor.py:208} INFO - Processing /opt/airflow/dags/load_spotify_to_snowflake.py took 0.035 seconds
[2025-04-23T23:43:00.336+0000] {processor.py:186} INFO - Started process (PID=1034) to work on /opt/airflow/dags/load_spotify_to_snowflake.py
[2025-04-23T23:43:00.338+0000] {processor.py:914} INFO - Processing file /opt/airflow/dags/load_spotify_to_snowflake.py for tasks to queue
[2025-04-23T23:43:00.340+0000] {logging_mixin.py:190} INFO - [2025-04-23T23:43:00.340+0000] {dagbag.py:587} INFO - Filling up the DagBag from /opt/airflow/dags/load_spotify_to_snowflake.py
[2025-04-23T23:43:00.345+0000] {processor.py:927} WARNING - No viable dags retrieved from /opt/airflow/dags/load_spotify_to_snowflake.py
[2025-04-23T23:43:00.358+0000] {processor.py:208} INFO - Processing /opt/airflow/dags/load_spotify_to_snowflake.py took 0.028 seconds
[2025-04-23T23:43:30.806+0000] {processor.py:186} INFO - Started process (PID=1049) to work on /opt/airflow/dags/load_spotify_to_snowflake.py
[2025-04-23T23:43:30.807+0000] {processor.py:914} INFO - Processing file /opt/airflow/dags/load_spotify_to_snowflake.py for tasks to queue
[2025-04-23T23:43:30.812+0000] {logging_mixin.py:190} INFO - [2025-04-23T23:43:30.811+0000] {dagbag.py:587} INFO - Filling up the DagBag from /opt/airflow/dags/load_spotify_to_snowflake.py
[2025-04-23T23:43:30.816+0000] {processor.py:927} WARNING - No viable dags retrieved from /opt/airflow/dags/load_spotify_to_snowflake.py
[2025-04-23T23:43:30.837+0000] {processor.py:208} INFO - Processing /opt/airflow/dags/load_spotify_to_snowflake.py took 0.046 seconds
[2025-04-23T23:44:01.188+0000] {processor.py:186} INFO - Started process (PID=1064) to work on /opt/airflow/dags/load_spotify_to_snowflake.py
[2025-04-23T23:44:01.190+0000] {processor.py:914} INFO - Processing file /opt/airflow/dags/load_spotify_to_snowflake.py for tasks to queue
[2025-04-23T23:44:01.193+0000] {logging_mixin.py:190} INFO - [2025-04-23T23:44:01.193+0000] {dagbag.py:587} INFO - Filling up the DagBag from /opt/airflow/dags/load_spotify_to_snowflake.py
[2025-04-23T23:44:01.200+0000] {processor.py:927} WARNING - No viable dags retrieved from /opt/airflow/dags/load_spotify_to_snowflake.py
[2025-04-23T23:44:01.214+0000] {processor.py:208} INFO - Processing /opt/airflow/dags/load_spotify_to_snowflake.py took 0.035 seconds
[2025-04-23T23:44:31.517+0000] {processor.py:186} INFO - Started process (PID=1079) to work on /opt/airflow/dags/load_spotify_to_snowflake.py
[2025-04-23T23:44:31.519+0000] {processor.py:914} INFO - Processing file /opt/airflow/dags/load_spotify_to_snowflake.py for tasks to queue
[2025-04-23T23:44:31.522+0000] {logging_mixin.py:190} INFO - [2025-04-23T23:44:31.522+0000] {dagbag.py:587} INFO - Filling up the DagBag from /opt/airflow/dags/load_spotify_to_snowflake.py
[2025-04-23T23:44:31.528+0000] {processor.py:927} WARNING - No viable dags retrieved from /opt/airflow/dags/load_spotify_to_snowflake.py
[2025-04-23T23:44:31.542+0000] {processor.py:208} INFO - Processing /opt/airflow/dags/load_spotify_to_snowflake.py took 0.034 seconds
[2025-04-23T23:45:01.919+0000] {processor.py:186} INFO - Started process (PID=1094) to work on /opt/airflow/dags/load_spotify_to_snowflake.py
[2025-04-23T23:45:01.921+0000] {processor.py:914} INFO - Processing file /opt/airflow/dags/load_spotify_to_snowflake.py for tasks to queue
[2025-04-23T23:45:01.923+0000] {logging_mixin.py:190} INFO - [2025-04-23T23:45:01.923+0000] {dagbag.py:587} INFO - Filling up the DagBag from /opt/airflow/dags/load_spotify_to_snowflake.py
[2025-04-23T23:45:01.927+0000] {processor.py:927} WARNING - No viable dags retrieved from /opt/airflow/dags/load_spotify_to_snowflake.py
[2025-04-23T23:45:01.938+0000] {processor.py:208} INFO - Processing /opt/airflow/dags/load_spotify_to_snowflake.py took 0.028 seconds
[2025-04-23T23:45:32.312+0000] {processor.py:186} INFO - Started process (PID=1109) to work on /opt/airflow/dags/load_spotify_to_snowflake.py
[2025-04-23T23:45:32.313+0000] {processor.py:914} INFO - Processing file /opt/airflow/dags/load_spotify_to_snowflake.py for tasks to queue
[2025-04-23T23:45:32.319+0000] {logging_mixin.py:190} INFO - [2025-04-23T23:45:32.319+0000] {dagbag.py:587} INFO - Filling up the DagBag from /opt/airflow/dags/load_spotify_to_snowflake.py
[2025-04-23T23:45:32.323+0000] {processor.py:927} WARNING - No viable dags retrieved from /opt/airflow/dags/load_spotify_to_snowflake.py
[2025-04-23T23:45:32.335+0000] {processor.py:208} INFO - Processing /opt/airflow/dags/load_spotify_to_snowflake.py took 0.033 seconds
[2025-04-23T23:46:02.743+0000] {processor.py:186} INFO - Started process (PID=1124) to work on /opt/airflow/dags/load_spotify_to_snowflake.py
[2025-04-23T23:46:02.744+0000] {processor.py:914} INFO - Processing file /opt/airflow/dags/load_spotify_to_snowflake.py for tasks to queue
[2025-04-23T23:46:02.746+0000] {logging_mixin.py:190} INFO - [2025-04-23T23:46:02.746+0000] {dagbag.py:587} INFO - Filling up the DagBag from /opt/airflow/dags/load_spotify_to_snowflake.py
[2025-04-23T23:46:02.749+0000] {processor.py:927} WARNING - No viable dags retrieved from /opt/airflow/dags/load_spotify_to_snowflake.py
[2025-04-23T23:46:02.760+0000] {processor.py:208} INFO - Processing /opt/airflow/dags/load_spotify_to_snowflake.py took 0.026 seconds
[2025-04-23T23:46:33.169+0000] {processor.py:186} INFO - Started process (PID=1139) to work on /opt/airflow/dags/load_spotify_to_snowflake.py
[2025-04-23T23:46:33.171+0000] {processor.py:914} INFO - Processing file /opt/airflow/dags/load_spotify_to_snowflake.py for tasks to queue
[2025-04-23T23:46:33.175+0000] {logging_mixin.py:190} INFO - [2025-04-23T23:46:33.175+0000] {dagbag.py:587} INFO - Filling up the DagBag from /opt/airflow/dags/load_spotify_to_snowflake.py
[2025-04-23T23:46:33.186+0000] {processor.py:927} WARNING - No viable dags retrieved from /opt/airflow/dags/load_spotify_to_snowflake.py
[2025-04-23T23:46:33.203+0000] {processor.py:208} INFO - Processing /opt/airflow/dags/load_spotify_to_snowflake.py took 0.052 seconds
[2025-04-23T23:47:03.546+0000] {processor.py:186} INFO - Started process (PID=1154) to work on /opt/airflow/dags/load_spotify_to_snowflake.py
[2025-04-23T23:47:03.546+0000] {processor.py:914} INFO - Processing file /opt/airflow/dags/load_spotify_to_snowflake.py for tasks to queue
[2025-04-23T23:47:03.549+0000] {logging_mixin.py:190} INFO - [2025-04-23T23:47:03.549+0000] {dagbag.py:587} INFO - Filling up the DagBag from /opt/airflow/dags/load_spotify_to_snowflake.py
[2025-04-23T23:47:03.552+0000] {processor.py:927} WARNING - No viable dags retrieved from /opt/airflow/dags/load_spotify_to_snowflake.py
[2025-04-23T23:47:03.561+0000] {processor.py:208} INFO - Processing /opt/airflow/dags/load_spotify_to_snowflake.py took 0.022 seconds
[2025-04-23T23:47:34.082+0000] {processor.py:186} INFO - Started process (PID=1169) to work on /opt/airflow/dags/load_spotify_to_snowflake.py
[2025-04-23T23:47:34.084+0000] {processor.py:914} INFO - Processing file /opt/airflow/dags/load_spotify_to_snowflake.py for tasks to queue
[2025-04-23T23:47:34.089+0000] {logging_mixin.py:190} INFO - [2025-04-23T23:47:34.089+0000] {dagbag.py:587} INFO - Filling up the DagBag from /opt/airflow/dags/load_spotify_to_snowflake.py
[2025-04-23T23:47:34.098+0000] {processor.py:927} WARNING - No viable dags retrieved from /opt/airflow/dags/load_spotify_to_snowflake.py
[2025-04-23T23:47:34.119+0000] {processor.py:208} INFO - Processing /opt/airflow/dags/load_spotify_to_snowflake.py took 0.052 seconds
[2025-04-23T23:51:04.723+0000] {processor.py:186} INFO - Started process (PID=1184) to work on /opt/airflow/dags/load_spotify_to_snowflake.py
[2025-04-23T23:51:04.724+0000] {processor.py:914} INFO - Processing file /opt/airflow/dags/load_spotify_to_snowflake.py for tasks to queue
[2025-04-23T23:51:04.728+0000] {logging_mixin.py:190} INFO - [2025-04-23T23:51:04.728+0000] {dagbag.py:587} INFO - Filling up the DagBag from /opt/airflow/dags/load_spotify_to_snowflake.py
[2025-04-23T23:51:04.731+0000] {processor.py:927} WARNING - No viable dags retrieved from /opt/airflow/dags/load_spotify_to_snowflake.py
[2025-04-23T23:51:04.753+0000] {processor.py:208} INFO - Processing /opt/airflow/dags/load_spotify_to_snowflake.py took 0.035 seconds
[2025-04-23T23:51:35.323+0000] {processor.py:186} INFO - Started process (PID=1199) to work on /opt/airflow/dags/load_spotify_to_snowflake.py
[2025-04-23T23:51:35.324+0000] {processor.py:914} INFO - Processing file /opt/airflow/dags/load_spotify_to_snowflake.py for tasks to queue
[2025-04-23T23:51:35.335+0000] {logging_mixin.py:190} INFO - [2025-04-23T23:51:35.334+0000] {dagbag.py:587} INFO - Filling up the DagBag from /opt/airflow/dags/load_spotify_to_snowflake.py
[2025-04-23T23:51:35.351+0000] {processor.py:927} WARNING - No viable dags retrieved from /opt/airflow/dags/load_spotify_to_snowflake.py
[2025-04-23T23:51:35.389+0000] {processor.py:208} INFO - Processing /opt/airflow/dags/load_spotify_to_snowflake.py took 0.077 seconds
[2025-04-23T23:52:05.879+0000] {processor.py:186} INFO - Started process (PID=1214) to work on /opt/airflow/dags/load_spotify_to_snowflake.py
[2025-04-23T23:52:05.880+0000] {processor.py:914} INFO - Processing file /opt/airflow/dags/load_spotify_to_snowflake.py for tasks to queue
[2025-04-23T23:52:05.884+0000] {logging_mixin.py:190} INFO - [2025-04-23T23:52:05.884+0000] {dagbag.py:587} INFO - Filling up the DagBag from /opt/airflow/dags/load_spotify_to_snowflake.py
[2025-04-23T23:52:05.890+0000] {processor.py:927} WARNING - No viable dags retrieved from /opt/airflow/dags/load_spotify_to_snowflake.py
[2025-04-23T23:52:05.921+0000] {processor.py:208} INFO - Processing /opt/airflow/dags/load_spotify_to_snowflake.py took 0.054 seconds
[2025-04-23T23:52:36.338+0000] {processor.py:186} INFO - Started process (PID=1229) to work on /opt/airflow/dags/load_spotify_to_snowflake.py
[2025-04-23T23:52:36.340+0000] {processor.py:914} INFO - Processing file /opt/airflow/dags/load_spotify_to_snowflake.py for tasks to queue
[2025-04-23T23:52:36.345+0000] {logging_mixin.py:190} INFO - [2025-04-23T23:52:36.344+0000] {dagbag.py:587} INFO - Filling up the DagBag from /opt/airflow/dags/load_spotify_to_snowflake.py
[2025-04-23T23:52:36.355+0000] {processor.py:927} WARNING - No viable dags retrieved from /opt/airflow/dags/load_spotify_to_snowflake.py
[2025-04-23T23:52:36.377+0000] {processor.py:208} INFO - Processing /opt/airflow/dags/load_spotify_to_snowflake.py took 0.052 seconds
[2025-04-23T23:53:06.879+0000] {processor.py:186} INFO - Started process (PID=1244) to work on /opt/airflow/dags/load_spotify_to_snowflake.py
[2025-04-23T23:53:06.882+0000] {processor.py:914} INFO - Processing file /opt/airflow/dags/load_spotify_to_snowflake.py for tasks to queue
[2025-04-23T23:53:06.888+0000] {logging_mixin.py:190} INFO - [2025-04-23T23:53:06.887+0000] {dagbag.py:587} INFO - Filling up the DagBag from /opt/airflow/dags/load_spotify_to_snowflake.py
[2025-04-23T23:53:06.899+0000] {processor.py:927} WARNING - No viable dags retrieved from /opt/airflow/dags/load_spotify_to_snowflake.py
[2025-04-23T23:53:06.919+0000] {processor.py:208} INFO - Processing /opt/airflow/dags/load_spotify_to_snowflake.py took 0.060 seconds
[2025-04-23T23:53:37.366+0000] {processor.py:186} INFO - Started process (PID=1259) to work on /opt/airflow/dags/load_spotify_to_snowflake.py
[2025-04-23T23:53:37.367+0000] {processor.py:914} INFO - Processing file /opt/airflow/dags/load_spotify_to_snowflake.py for tasks to queue
[2025-04-23T23:53:37.371+0000] {logging_mixin.py:190} INFO - [2025-04-23T23:53:37.370+0000] {dagbag.py:587} INFO - Filling up the DagBag from /opt/airflow/dags/load_spotify_to_snowflake.py
[2025-04-23T23:53:37.378+0000] {processor.py:927} WARNING - No viable dags retrieved from /opt/airflow/dags/load_spotify_to_snowflake.py
[2025-04-23T23:53:37.395+0000] {processor.py:208} INFO - Processing /opt/airflow/dags/load_spotify_to_snowflake.py took 0.035 seconds
[2025-04-23T23:54:07.760+0000] {processor.py:186} INFO - Started process (PID=1274) to work on /opt/airflow/dags/load_spotify_to_snowflake.py
[2025-04-23T23:54:07.762+0000] {processor.py:914} INFO - Processing file /opt/airflow/dags/load_spotify_to_snowflake.py for tasks to queue
[2025-04-23T23:54:07.765+0000] {logging_mixin.py:190} INFO - [2025-04-23T23:54:07.765+0000] {dagbag.py:587} INFO - Filling up the DagBag from /opt/airflow/dags/load_spotify_to_snowflake.py
[2025-04-23T23:54:07.768+0000] {processor.py:927} WARNING - No viable dags retrieved from /opt/airflow/dags/load_spotify_to_snowflake.py
[2025-04-23T23:54:07.781+0000] {processor.py:208} INFO - Processing /opt/airflow/dags/load_spotify_to_snowflake.py took 0.029 seconds
[2025-04-23T23:54:38.141+0000] {processor.py:186} INFO - Started process (PID=1289) to work on /opt/airflow/dags/load_spotify_to_snowflake.py
[2025-04-23T23:54:38.142+0000] {processor.py:914} INFO - Processing file /opt/airflow/dags/load_spotify_to_snowflake.py for tasks to queue
[2025-04-23T23:54:38.146+0000] {logging_mixin.py:190} INFO - [2025-04-23T23:54:38.146+0000] {dagbag.py:587} INFO - Filling up the DagBag from /opt/airflow/dags/load_spotify_to_snowflake.py
[2025-04-23T23:54:38.150+0000] {processor.py:927} WARNING - No viable dags retrieved from /opt/airflow/dags/load_spotify_to_snowflake.py
[2025-04-23T23:54:38.161+0000] {processor.py:208} INFO - Processing /opt/airflow/dags/load_spotify_to_snowflake.py took 0.027 seconds
[2025-04-23T23:55:08.560+0000] {processor.py:186} INFO - Started process (PID=1304) to work on /opt/airflow/dags/load_spotify_to_snowflake.py
[2025-04-23T23:55:08.562+0000] {processor.py:914} INFO - Processing file /opt/airflow/dags/load_spotify_to_snowflake.py for tasks to queue
[2025-04-23T23:55:08.566+0000] {logging_mixin.py:190} INFO - [2025-04-23T23:55:08.566+0000] {dagbag.py:587} INFO - Filling up the DagBag from /opt/airflow/dags/load_spotify_to_snowflake.py
[2025-04-23T23:55:08.571+0000] {processor.py:927} WARNING - No viable dags retrieved from /opt/airflow/dags/load_spotify_to_snowflake.py
[2025-04-23T23:55:08.585+0000] {processor.py:208} INFO - Processing /opt/airflow/dags/load_spotify_to_snowflake.py took 0.036 seconds
[2025-04-23T23:55:38.991+0000] {processor.py:186} INFO - Started process (PID=1319) to work on /opt/airflow/dags/load_spotify_to_snowflake.py
[2025-04-23T23:55:38.992+0000] {processor.py:914} INFO - Processing file /opt/airflow/dags/load_spotify_to_snowflake.py for tasks to queue
[2025-04-23T23:55:38.994+0000] {logging_mixin.py:190} INFO - [2025-04-23T23:55:38.994+0000] {dagbag.py:587} INFO - Filling up the DagBag from /opt/airflow/dags/load_spotify_to_snowflake.py
[2025-04-23T23:55:38.997+0000] {processor.py:927} WARNING - No viable dags retrieved from /opt/airflow/dags/load_spotify_to_snowflake.py
[2025-04-23T23:55:39.012+0000] {processor.py:208} INFO - Processing /opt/airflow/dags/load_spotify_to_snowflake.py took 0.028 seconds
[2025-04-23T23:56:09.441+0000] {processor.py:186} INFO - Started process (PID=1334) to work on /opt/airflow/dags/load_spotify_to_snowflake.py
[2025-04-23T23:56:09.443+0000] {processor.py:914} INFO - Processing file /opt/airflow/dags/load_spotify_to_snowflake.py for tasks to queue
[2025-04-23T23:56:09.445+0000] {logging_mixin.py:190} INFO - [2025-04-23T23:56:09.445+0000] {dagbag.py:587} INFO - Filling up the DagBag from /opt/airflow/dags/load_spotify_to_snowflake.py
[2025-04-23T23:56:09.449+0000] {processor.py:927} WARNING - No viable dags retrieved from /opt/airflow/dags/load_spotify_to_snowflake.py
[2025-04-23T23:56:09.463+0000] {processor.py:208} INFO - Processing /opt/airflow/dags/load_spotify_to_snowflake.py took 0.029 seconds
[2025-04-23T23:56:39.830+0000] {processor.py:186} INFO - Started process (PID=1349) to work on /opt/airflow/dags/load_spotify_to_snowflake.py
[2025-04-23T23:56:39.833+0000] {processor.py:914} INFO - Processing file /opt/airflow/dags/load_spotify_to_snowflake.py for tasks to queue
[2025-04-23T23:56:39.846+0000] {logging_mixin.py:190} INFO - [2025-04-23T23:56:39.845+0000] {dagbag.py:587} INFO - Filling up the DagBag from /opt/airflow/dags/load_spotify_to_snowflake.py
[2025-04-23T23:56:39.860+0000] {processor.py:927} WARNING - No viable dags retrieved from /opt/airflow/dags/load_spotify_to_snowflake.py
[2025-04-23T23:56:39.882+0000] {processor.py:208} INFO - Processing /opt/airflow/dags/load_spotify_to_snowflake.py took 0.067 seconds
[2025-04-23T23:57:10.344+0000] {processor.py:186} INFO - Started process (PID=1364) to work on /opt/airflow/dags/load_spotify_to_snowflake.py
[2025-04-23T23:57:10.346+0000] {processor.py:914} INFO - Processing file /opt/airflow/dags/load_spotify_to_snowflake.py for tasks to queue
[2025-04-23T23:57:10.350+0000] {logging_mixin.py:190} INFO - [2025-04-23T23:57:10.349+0000] {dagbag.py:587} INFO - Filling up the DagBag from /opt/airflow/dags/load_spotify_to_snowflake.py
[2025-04-23T23:57:10.357+0000] {processor.py:927} WARNING - No viable dags retrieved from /opt/airflow/dags/load_spotify_to_snowflake.py
[2025-04-23T23:57:10.372+0000] {processor.py:208} INFO - Processing /opt/airflow/dags/load_spotify_to_snowflake.py took 0.037 seconds
[2025-04-23T23:57:40.743+0000] {processor.py:186} INFO - Started process (PID=1379) to work on /opt/airflow/dags/load_spotify_to_snowflake.py
[2025-04-23T23:57:40.745+0000] {processor.py:914} INFO - Processing file /opt/airflow/dags/load_spotify_to_snowflake.py for tasks to queue
[2025-04-23T23:57:40.746+0000] {logging_mixin.py:190} INFO - [2025-04-23T23:57:40.746+0000] {dagbag.py:587} INFO - Filling up the DagBag from /opt/airflow/dags/load_spotify_to_snowflake.py
[2025-04-23T23:57:40.750+0000] {processor.py:927} WARNING - No viable dags retrieved from /opt/airflow/dags/load_spotify_to_snowflake.py
[2025-04-23T23:57:40.761+0000] {processor.py:208} INFO - Processing /opt/airflow/dags/load_spotify_to_snowflake.py took 0.023 seconds
[2025-04-23T23:58:11.154+0000] {processor.py:186} INFO - Started process (PID=1394) to work on /opt/airflow/dags/load_spotify_to_snowflake.py
[2025-04-23T23:58:11.155+0000] {processor.py:914} INFO - Processing file /opt/airflow/dags/load_spotify_to_snowflake.py for tasks to queue
[2025-04-23T23:58:11.157+0000] {logging_mixin.py:190} INFO - [2025-04-23T23:58:11.157+0000] {dagbag.py:587} INFO - Filling up the DagBag from /opt/airflow/dags/load_spotify_to_snowflake.py
[2025-04-23T23:58:11.162+0000] {processor.py:927} WARNING - No viable dags retrieved from /opt/airflow/dags/load_spotify_to_snowflake.py
[2025-04-23T23:58:11.174+0000] {processor.py:208} INFO - Processing /opt/airflow/dags/load_spotify_to_snowflake.py took 0.027 seconds
[2025-04-23T23:58:41.620+0000] {processor.py:186} INFO - Started process (PID=1409) to work on /opt/airflow/dags/load_spotify_to_snowflake.py
[2025-04-23T23:58:41.622+0000] {processor.py:914} INFO - Processing file /opt/airflow/dags/load_spotify_to_snowflake.py for tasks to queue
[2025-04-23T23:58:41.627+0000] {logging_mixin.py:190} INFO - [2025-04-23T23:58:41.627+0000] {dagbag.py:587} INFO - Filling up the DagBag from /opt/airflow/dags/load_spotify_to_snowflake.py
[2025-04-23T23:58:41.631+0000] {processor.py:927} WARNING - No viable dags retrieved from /opt/airflow/dags/load_spotify_to_snowflake.py
[2025-04-23T23:58:41.643+0000] {processor.py:208} INFO - Processing /opt/airflow/dags/load_spotify_to_snowflake.py took 0.031 seconds
[2025-04-23T23:59:12.111+0000] {processor.py:186} INFO - Started process (PID=1424) to work on /opt/airflow/dags/load_spotify_to_snowflake.py
[2025-04-23T23:59:12.112+0000] {processor.py:914} INFO - Processing file /opt/airflow/dags/load_spotify_to_snowflake.py for tasks to queue
[2025-04-23T23:59:12.114+0000] {logging_mixin.py:190} INFO - [2025-04-23T23:59:12.114+0000] {dagbag.py:587} INFO - Filling up the DagBag from /opt/airflow/dags/load_spotify_to_snowflake.py
[2025-04-23T23:59:12.117+0000] {processor.py:927} WARNING - No viable dags retrieved from /opt/airflow/dags/load_spotify_to_snowflake.py
[2025-04-23T23:59:12.130+0000] {processor.py:208} INFO - Processing /opt/airflow/dags/load_spotify_to_snowflake.py took 0.025 seconds
[2025-04-23T23:59:42.520+0000] {processor.py:186} INFO - Started process (PID=1439) to work on /opt/airflow/dags/load_spotify_to_snowflake.py
[2025-04-23T23:59:42.521+0000] {processor.py:914} INFO - Processing file /opt/airflow/dags/load_spotify_to_snowflake.py for tasks to queue
[2025-04-23T23:59:42.523+0000] {logging_mixin.py:190} INFO - [2025-04-23T23:59:42.523+0000] {dagbag.py:587} INFO - Filling up the DagBag from /opt/airflow/dags/load_spotify_to_snowflake.py
[2025-04-23T23:59:42.526+0000] {processor.py:927} WARNING - No viable dags retrieved from /opt/airflow/dags/load_spotify_to_snowflake.py
[2025-04-23T23:59:42.541+0000] {processor.py:208} INFO - Processing /opt/airflow/dags/load_spotify_to_snowflake.py took 0.030 seconds
