[2025-04-21T06:27:46.169+0000] {local_task_job_runner.py:123} INFO - ::group::Pre task execution logs
[2025-04-21T06:27:46.184+0000] {taskinstance.py:2612} INFO - Dependencies all met for dep_context=non-requeueable deps ti=<TaskInstance: dbt_run_dag.run_dbt_models manual__2025-04-21T06:27:45.765532+00:00 [queued]>
[2025-04-21T06:27:46.193+0000] {taskinstance.py:2612} INFO - Dependencies all met for dep_context=requeueable deps ti=<TaskInstance: dbt_run_dag.run_dbt_models manual__2025-04-21T06:27:45.765532+00:00 [queued]>
[2025-04-21T06:27:46.194+0000] {taskinstance.py:2865} INFO - Starting attempt 1 of 2
[2025-04-21T06:27:46.203+0000] {taskinstance.py:2888} INFO - Executing <Task(BashOperator): run_dbt_models> on 2025-04-21 06:27:45.765532+00:00
[2025-04-21T06:27:46.208+0000] {standard_task_runner.py:72} INFO - Started process 3738 to run task
[2025-04-21T06:27:46.211+0000] {standard_task_runner.py:104} INFO - Running: ['***', 'tasks', 'run', 'dbt_run_dag', 'run_dbt_models', 'manual__2025-04-21T06:27:45.765532+00:00', '--job-id', '8', '--raw', '--subdir', 'DAGS_FOLDER/dbt_run_dag.py', '--cfg-path', '/tmp/tmpi8rzae59']
[2025-04-21T06:27:46.214+0000] {standard_task_runner.py:105} INFO - Job 8: Subtask run_dbt_models
[2025-04-21T06:27:46.245+0000] {task_command.py:467} INFO - Running <TaskInstance: dbt_run_dag.run_dbt_models manual__2025-04-21T06:27:45.765532+00:00 [running]> on host 4477b8b4e9dc
[2025-04-21T06:27:46.299+0000] {taskinstance.py:3131} INFO - Exporting env vars: AIRFLOW_CTX_DAG_OWNER='***' AIRFLOW_CTX_DAG_ID='dbt_run_dag' AIRFLOW_CTX_TASK_ID='run_dbt_models' AIRFLOW_CTX_EXECUTION_DATE='2025-04-21T06:27:45.765532+00:00' AIRFLOW_CTX_TRY_NUMBER='1' AIRFLOW_CTX_DAG_RUN_ID='manual__2025-04-21T06:27:45.765532+00:00'
[2025-04-21T06:27:46.300+0000] {taskinstance.py:731} INFO - ::endgroup::
[2025-04-21T06:27:46.309+0000] {subprocess.py:63} INFO - Tmp dir root location: /tmp
[2025-04-21T06:27:46.310+0000] {subprocess.py:75} INFO - Running command: ['/usr/bin/bash', '-c', 'cd /opt/***/dbt_lab2_music && dbt run --profiles-dir=/home/***/.dbt']
[2025-04-21T06:27:46.319+0000] {subprocess.py:86} INFO - Output:
[2025-04-21T06:27:47.522+0000] {subprocess.py:93} INFO - [0m06:27:47  Running with dbt=1.9.4
[2025-04-21T06:27:48.083+0000] {subprocess.py:93} INFO - [0m06:27:48  Registered adapter: snowflake=1.9.1
[2025-04-21T06:27:48.391+0000] {subprocess.py:93} INFO - [0m06:27:48  Found 2 models, 10 data tests, 1 source, 472 macros
[2025-04-21T06:27:48.392+0000] {subprocess.py:93} INFO - [0m06:27:48
[2025-04-21T06:27:48.393+0000] {subprocess.py:93} INFO - [0m06:27:48  Concurrency: 1 threads (target='dev')
[2025-04-21T06:27:48.393+0000] {subprocess.py:93} INFO - [0m06:27:48
[2025-04-21T06:27:48.982+0000] {subprocess.py:93} INFO - [0m06:27:48  1 of 1 START sql table model raw.genre_summary ................................. [RUN]
[2025-04-21T06:27:49.811+0000] {subprocess.py:93} INFO - [0m06:27:49  1 of 1 OK created sql table model raw.genre_summary ............................ [[32mSUCCESS 1[0m in 0.83s]
[2025-04-21T06:27:49.908+0000] {subprocess.py:93} INFO - [0m06:27:49
[2025-04-21T06:27:49.908+0000] {subprocess.py:93} INFO - [0m06:27:49  Finished running 1 table model in 0 hours 0 minutes and 1.51 seconds (1.51s).
[2025-04-21T06:27:49.946+0000] {subprocess.py:93} INFO - [0m06:27:49
[2025-04-21T06:27:49.947+0000] {subprocess.py:93} INFO - [0m06:27:49  [32mCompleted successfully[0m
[2025-04-21T06:27:49.947+0000] {subprocess.py:93} INFO - [0m06:27:49
[2025-04-21T06:27:49.948+0000] {subprocess.py:93} INFO - [0m06:27:49  Done. PASS=1 WARN=0 ERROR=0 SKIP=0 TOTAL=1
[2025-04-21T06:27:50.491+0000] {subprocess.py:97} INFO - Command exited with return code 0
[2025-04-21T06:27:50.507+0000] {taskinstance.py:340} INFO - ::group::Post task execution logs
[2025-04-21T06:27:50.507+0000] {taskinstance.py:352} INFO - Marking task as SUCCESS. dag_id=dbt_run_dag, task_id=run_dbt_models, run_id=manual__2025-04-21T06:27:45.765532+00:00, execution_date=20250421T062745, start_date=20250421T062746, end_date=20250421T062750
[2025-04-21T06:27:50.532+0000] {local_task_job_runner.py:266} INFO - Task exited with return code 0
[2025-04-21T06:27:50.541+0000] {taskinstance.py:3900} INFO - 0 downstream tasks scheduled from follow-on schedule check
[2025-04-21T06:27:50.542+0000] {local_task_job_runner.py:245} INFO - ::endgroup::
