[2025-04-21T02:58:56.616+0000] {local_task_job_runner.py:123} INFO - ::group::Pre task execution logs
[2025-04-21T02:58:56.625+0000] {taskinstance.py:2612} INFO - Dependencies all met for dep_context=non-requeueable deps ti=<TaskInstance: dbt_run_dag.run_dbt_models manual__2025-04-21T02:58:55.910782+00:00 [queued]>
[2025-04-21T02:58:56.631+0000] {taskinstance.py:2612} INFO - Dependencies all met for dep_context=requeueable deps ti=<TaskInstance: dbt_run_dag.run_dbt_models manual__2025-04-21T02:58:55.910782+00:00 [queued]>
[2025-04-21T02:58:56.632+0000] {taskinstance.py:2865} INFO - Starting attempt 1 of 2
[2025-04-21T02:58:56.638+0000] {taskinstance.py:2888} INFO - Executing <Task(BashOperator): run_dbt_models> on 2025-04-21 02:58:55.910782+00:00
[2025-04-21T02:58:56.642+0000] {standard_task_runner.py:72} INFO - Started process 338 to run task
[2025-04-21T02:58:56.644+0000] {standard_task_runner.py:104} INFO - Running: ['***', 'tasks', 'run', 'dbt_run_dag', 'run_dbt_models', 'manual__2025-04-21T02:58:55.910782+00:00', '--job-id', '3', '--raw', '--subdir', 'DAGS_FOLDER/dbt_run_dag.py', '--cfg-path', '/tmp/tmptcrnziok']
[2025-04-21T02:58:56.645+0000] {standard_task_runner.py:105} INFO - Job 3: Subtask run_dbt_models
[2025-04-21T02:58:56.672+0000] {task_command.py:467} INFO - Running <TaskInstance: dbt_run_dag.run_dbt_models manual__2025-04-21T02:58:55.910782+00:00 [running]> on host e96af5826429
[2025-04-21T02:58:56.713+0000] {taskinstance.py:3131} INFO - Exporting env vars: AIRFLOW_CTX_DAG_OWNER='***' AIRFLOW_CTX_DAG_ID='dbt_run_dag' AIRFLOW_CTX_TASK_ID='run_dbt_models' AIRFLOW_CTX_EXECUTION_DATE='2025-04-21T02:58:55.910782+00:00' AIRFLOW_CTX_TRY_NUMBER='1' AIRFLOW_CTX_DAG_RUN_ID='manual__2025-04-21T02:58:55.910782+00:00'
[2025-04-21T02:58:56.714+0000] {taskinstance.py:731} INFO - ::endgroup::
[2025-04-21T02:58:56.728+0000] {subprocess.py:63} INFO - Tmp dir root location: /tmp
[2025-04-21T02:58:56.729+0000] {subprocess.py:75} INFO - Running command: ['/usr/bin/bash', '-c', 'cd /opt/***/dbt_lab2_music && dbt run --profiles-dir=/home/***/.dbt']
[2025-04-21T02:58:56.732+0000] {subprocess.py:86} INFO - Output:
[2025-04-21T02:58:57.708+0000] {subprocess.py:93} INFO - [0m02:58:57  Running with dbt=1.9.4
[2025-04-21T02:58:58.170+0000] {subprocess.py:93} INFO - [0m02:58:58  Registered adapter: snowflake=1.9.1
[2025-04-21T02:58:58.432+0000] {subprocess.py:93} INFO - [0m02:58:58  Found 2 models, 7 data tests, 1 source, 472 macros
[2025-04-21T02:58:58.433+0000] {subprocess.py:93} INFO - [0m02:58:58
[2025-04-21T02:58:58.434+0000] {subprocess.py:93} INFO - [0m02:58:58  Concurrency: 1 threads (target='dev')
[2025-04-21T02:58:58.434+0000] {subprocess.py:93} INFO - [0m02:58:58
[2025-04-21T02:58:59.286+0000] {subprocess.py:93} INFO - [0m02:58:59  1 of 1 START sql table model raw.genre_summary ................................. [RUN]
[2025-04-21T02:59:00.651+0000] {subprocess.py:93} INFO - [0m02:59:00  1 of 1 OK created sql table model raw.genre_summary ............................ [[32mSUCCESS 1[0m in 1.36s]
[2025-04-21T02:59:00.752+0000] {subprocess.py:93} INFO - [0m02:59:00
[2025-04-21T02:59:00.753+0000] {subprocess.py:93} INFO - [0m02:59:00  Finished running 1 table model in 0 hours 0 minutes and 2.32 seconds (2.32s).
[2025-04-21T02:59:00.801+0000] {subprocess.py:93} INFO - [0m02:59:00
[2025-04-21T02:59:00.801+0000] {subprocess.py:93} INFO - [0m02:59:00  [32mCompleted successfully[0m
[2025-04-21T02:59:00.802+0000] {subprocess.py:93} INFO - [0m02:59:00
[2025-04-21T02:59:00.802+0000] {subprocess.py:93} INFO - [0m02:59:00  Done. PASS=1 WARN=0 ERROR=0 SKIP=0 TOTAL=1
[2025-04-21T02:59:01.399+0000] {subprocess.py:97} INFO - Command exited with return code 0
[2025-04-21T02:59:01.411+0000] {taskinstance.py:340} INFO - ::group::Post task execution logs
[2025-04-21T02:59:01.411+0000] {taskinstance.py:352} INFO - Marking task as SUCCESS. dag_id=dbt_run_dag, task_id=run_dbt_models, run_id=manual__2025-04-21T02:58:55.910782+00:00, execution_date=20250421T025855, start_date=20250421T025856, end_date=20250421T025901
[2025-04-21T02:59:01.427+0000] {local_task_job_runner.py:266} INFO - Task exited with return code 0
[2025-04-21T02:59:01.436+0000] {taskinstance.py:3900} INFO - 0 downstream tasks scheduled from follow-on schedule check
[2025-04-21T02:59:01.438+0000] {local_task_job_runner.py:245} INFO - ::endgroup::
