[2025-04-24T00:00:00.344+0000] {local_task_job_runner.py:123} INFO - ::group::Pre task execution logs
[2025-04-24T00:00:00.352+0000] {taskinstance.py:2612} INFO - Dependencies all met for dep_context=non-requeueable deps ti=<TaskInstance: dbt_run_dag.run_dbt_models scheduled__2025-04-23T00:00:00+00:00 [queued]>
[2025-04-24T00:00:00.357+0000] {taskinstance.py:2612} INFO - Dependencies all met for dep_context=requeueable deps ti=<TaskInstance: dbt_run_dag.run_dbt_models scheduled__2025-04-23T00:00:00+00:00 [queued]>
[2025-04-24T00:00:00.358+0000] {taskinstance.py:2865} INFO - Starting attempt 1 of 2
[2025-04-24T00:00:00.369+0000] {taskinstance.py:2888} INFO - Executing <Task(BashOperator): run_dbt_models> on 2025-04-23 00:00:00+00:00
[2025-04-24T00:00:00.374+0000] {standard_task_runner.py:72} INFO - Started process 1457 to run task
[2025-04-24T00:00:00.377+0000] {standard_task_runner.py:104} INFO - Running: ['***', 'tasks', 'run', 'dbt_run_dag', 'run_dbt_models', 'scheduled__2025-04-23T00:00:00+00:00', '--job-id', '23', '--raw', '--subdir', 'DAGS_FOLDER/dbt_run_dag.py', '--cfg-path', '/tmp/tmp2q__ot0y']
[2025-04-24T00:00:00.379+0000] {standard_task_runner.py:105} INFO - Job 23: Subtask run_dbt_models
[2025-04-24T00:00:00.411+0000] {task_command.py:467} INFO - Running <TaskInstance: dbt_run_dag.run_dbt_models scheduled__2025-04-23T00:00:00+00:00 [running]> on host fb7f0aec2fef
[2025-04-24T00:00:00.464+0000] {taskinstance.py:3131} INFO - Exporting env vars: AIRFLOW_CTX_DAG_OWNER='***' AIRFLOW_CTX_DAG_ID='dbt_run_dag' AIRFLOW_CTX_TASK_ID='run_dbt_models' AIRFLOW_CTX_EXECUTION_DATE='2025-04-23T00:00:00+00:00' AIRFLOW_CTX_TRY_NUMBER='1' AIRFLOW_CTX_DAG_RUN_ID='scheduled__2025-04-23T00:00:00+00:00'
[2025-04-24T00:00:00.465+0000] {taskinstance.py:731} INFO - ::endgroup::
[2025-04-24T00:00:00.472+0000] {subprocess.py:63} INFO - Tmp dir root location: /tmp
[2025-04-24T00:00:00.473+0000] {subprocess.py:75} INFO - Running command: ['/usr/bin/bash', '-c', 'cd /opt/***/dbt_lab2_music && dbt run --profiles-dir=/home/***/.dbt --log-level=info > dbt_run_log.txt 2>&1']
[2025-04-24T00:00:00.477+0000] {subprocess.py:86} INFO - Output:
[2025-04-24T00:00:05.119+0000] {subprocess.py:97} INFO - Command exited with return code 0
[2025-04-24T00:00:05.133+0000] {taskinstance.py:340} INFO - ::group::Post task execution logs
[2025-04-24T00:00:05.134+0000] {taskinstance.py:352} INFO - Marking task as SUCCESS. dag_id=dbt_run_dag, task_id=run_dbt_models, run_id=scheduled__2025-04-23T00:00:00+00:00, execution_date=20250423T000000, start_date=20250424T000000, end_date=20250424T000005
[2025-04-24T00:00:05.145+0000] {local_task_job_runner.py:266} INFO - Task exited with return code 0
[2025-04-24T00:00:05.164+0000] {taskinstance.py:3900} INFO - 1 downstream tasks scheduled from follow-on schedule check
[2025-04-24T00:00:05.164+0000] {local_task_job_runner.py:245} INFO - ::endgroup::
