[2025-04-22T00:04:34.633+0000] {local_task_job_runner.py:123} INFO - ::group::Pre task execution logs
[2025-04-22T00:04:34.675+0000] {taskinstance.py:2612} INFO - Dependencies all met for dep_context=non-requeueable deps ti=<TaskInstance: dbt_run_dag.run_dbt_models scheduled__2025-04-21T00:00:00+00:00 [queued]>
[2025-04-22T00:04:34.690+0000] {taskinstance.py:2612} INFO - Dependencies all met for dep_context=requeueable deps ti=<TaskInstance: dbt_run_dag.run_dbt_models scheduled__2025-04-21T00:00:00+00:00 [queued]>
[2025-04-22T00:04:34.690+0000] {taskinstance.py:2865} INFO - Starting attempt 1 of 2
[2025-04-22T00:04:34.707+0000] {taskinstance.py:2888} INFO - Executing <Task(BashOperator): run_dbt_models> on 2025-04-21 00:00:00+00:00
[2025-04-22T00:04:34.723+0000] {standard_task_runner.py:72} INFO - Started process 5438 to run task
[2025-04-22T00:04:34.725+0000] {standard_task_runner.py:104} INFO - Running: ['***', 'tasks', 'run', 'dbt_run_dag', 'run_dbt_models', 'scheduled__2025-04-21T00:00:00+00:00', '--job-id', '10', '--raw', '--subdir', 'DAGS_FOLDER/dbt_run_dag.py', '--cfg-path', '/tmp/tmp3og1u4h9']
[2025-04-22T00:04:34.728+0000] {standard_task_runner.py:105} INFO - Job 10: Subtask run_dbt_models
[2025-04-22T00:04:34.807+0000] {task_command.py:467} INFO - Running <TaskInstance: dbt_run_dag.run_dbt_models scheduled__2025-04-21T00:00:00+00:00 [running]> on host 4477b8b4e9dc
[2025-04-22T00:04:34.937+0000] {taskinstance.py:3131} INFO - Exporting env vars: AIRFLOW_CTX_DAG_OWNER='***' AIRFLOW_CTX_DAG_ID='dbt_run_dag' AIRFLOW_CTX_TASK_ID='run_dbt_models' AIRFLOW_CTX_EXECUTION_DATE='2025-04-21T00:00:00+00:00' AIRFLOW_CTX_TRY_NUMBER='1' AIRFLOW_CTX_DAG_RUN_ID='scheduled__2025-04-21T00:00:00+00:00'
[2025-04-22T00:04:34.942+0000] {taskinstance.py:731} INFO - ::endgroup::
[2025-04-22T00:04:34.971+0000] {subprocess.py:63} INFO - Tmp dir root location: /tmp
[2025-04-22T00:04:34.973+0000] {subprocess.py:75} INFO - Running command: ['/usr/bin/bash', '-c', 'cd /opt/***/dbt_lab2_music && dbt run --profiles-dir=/home/***/.dbt']
[2025-04-22T00:04:34.979+0000] {subprocess.py:86} INFO - Output:
[2025-04-22T00:04:36.137+0000] {subprocess.py:93} INFO - [0m00:04:36  Running with dbt=1.9.4
[2025-04-22T00:04:36.592+0000] {subprocess.py:93} INFO - [0m00:04:36  Registered adapter: snowflake=1.9.1
[2025-04-22T00:04:36.945+0000] {subprocess.py:93} INFO - [0m00:04:36  Found 2 models, 10 data tests, 1 source, 472 macros
[2025-04-22T00:04:36.947+0000] {subprocess.py:93} INFO - [0m00:04:36
[2025-04-22T00:04:36.947+0000] {subprocess.py:93} INFO - [0m00:04:36  Concurrency: 1 threads (target='dev')
[2025-04-22T00:04:36.948+0000] {subprocess.py:93} INFO - [0m00:04:36
[2025-04-22T00:04:37.732+0000] {subprocess.py:93} INFO - [0m00:04:37  1 of 1 START sql table model raw.genre_summary ................................. [RUN]
[2025-04-22T00:04:39.088+0000] {subprocess.py:93} INFO - [0m00:04:39  1 of 1 OK created sql table model raw.genre_summary ............................ [[32mSUCCESS 1[0m in 1.35s]
[2025-04-22T00:04:39.188+0000] {subprocess.py:93} INFO - [0m00:04:39
[2025-04-22T00:04:39.190+0000] {subprocess.py:93} INFO - [0m00:04:39  Finished running 1 table model in 0 hours 0 minutes and 2.24 seconds (2.24s).
[2025-04-22T00:04:39.238+0000] {subprocess.py:93} INFO - [0m00:04:39
[2025-04-22T00:04:39.239+0000] {subprocess.py:93} INFO - [0m00:04:39  [32mCompleted successfully[0m
[2025-04-22T00:04:39.240+0000] {subprocess.py:93} INFO - [0m00:04:39
[2025-04-22T00:04:39.240+0000] {subprocess.py:93} INFO - [0m00:04:39  Done. PASS=1 WARN=0 ERROR=0 SKIP=0 TOTAL=1
[2025-04-22T00:04:39.797+0000] {subprocess.py:97} INFO - Command exited with return code 0
[2025-04-22T00:04:39.807+0000] {taskinstance.py:340} INFO - ::group::Post task execution logs
[2025-04-22T00:04:39.807+0000] {taskinstance.py:352} INFO - Marking task as SUCCESS. dag_id=dbt_run_dag, task_id=run_dbt_models, run_id=scheduled__2025-04-21T00:00:00+00:00, execution_date=20250421T000000, start_date=20250422T000434, end_date=20250422T000439
[2025-04-22T00:04:39.836+0000] {local_task_job_runner.py:266} INFO - Task exited with return code 0
[2025-04-22T00:04:39.842+0000] {taskinstance.py:3900} INFO - 0 downstream tasks scheduled from follow-on schedule check
[2025-04-22T00:04:39.843+0000] {local_task_job_runner.py:245} INFO - ::endgroup::
