[2025-04-24T00:00:10.302+0000] {local_task_job_runner.py:123} INFO - ::group::Pre task execution logs
[2025-04-24T00:00:10.309+0000] {taskinstance.py:2612} INFO - Dependencies all met for dep_context=non-requeueable deps ti=<TaskInstance: dbt_run_dag.snapshot_dbt_models scheduled__2025-04-23T00:00:00+00:00 [queued]>
[2025-04-24T00:00:10.312+0000] {taskinstance.py:2612} INFO - Dependencies all met for dep_context=requeueable deps ti=<TaskInstance: dbt_run_dag.snapshot_dbt_models scheduled__2025-04-23T00:00:00+00:00 [queued]>
[2025-04-24T00:00:10.312+0000] {taskinstance.py:2865} INFO - Starting attempt 1 of 2
[2025-04-24T00:00:10.317+0000] {taskinstance.py:2888} INFO - Executing <Task(BashOperator): snapshot_dbt_models> on 2025-04-23 00:00:00+00:00
[2025-04-24T00:00:10.319+0000] {standard_task_runner.py:72} INFO - Started process 1505 to run task
[2025-04-24T00:00:10.320+0000] {standard_task_runner.py:104} INFO - Running: ['***', 'tasks', 'run', 'dbt_run_dag', 'snapshot_dbt_models', 'scheduled__2025-04-23T00:00:00+00:00', '--job-id', '26', '--raw', '--subdir', 'DAGS_FOLDER/dbt_run_dag.py', '--cfg-path', '/tmp/tmp1vulv4ye']
[2025-04-24T00:00:10.322+0000] {standard_task_runner.py:105} INFO - Job 26: Subtask snapshot_dbt_models
[2025-04-24T00:00:10.340+0000] {task_command.py:467} INFO - Running <TaskInstance: dbt_run_dag.snapshot_dbt_models scheduled__2025-04-23T00:00:00+00:00 [running]> on host fb7f0aec2fef
[2025-04-24T00:00:10.367+0000] {taskinstance.py:3131} INFO - Exporting env vars: AIRFLOW_CTX_DAG_OWNER='***' AIRFLOW_CTX_DAG_ID='dbt_run_dag' AIRFLOW_CTX_TASK_ID='snapshot_dbt_models' AIRFLOW_CTX_EXECUTION_DATE='2025-04-23T00:00:00+00:00' AIRFLOW_CTX_TRY_NUMBER='1' AIRFLOW_CTX_DAG_RUN_ID='scheduled__2025-04-23T00:00:00+00:00'
[2025-04-24T00:00:10.367+0000] {taskinstance.py:731} INFO - ::endgroup::
[2025-04-24T00:00:10.372+0000] {subprocess.py:63} INFO - Tmp dir root location: /tmp
[2025-04-24T00:00:10.372+0000] {subprocess.py:75} INFO - Running command: ['/usr/bin/bash', '-c', 'cd /opt/***/dbt_lab2_music && dbt snapshot --profiles-dir=/home/***/.dbt --log-level=info > dbt_snapshot_log.txt 2>&1']
[2025-04-24T00:00:10.375+0000] {subprocess.py:86} INFO - Output:
[2025-04-24T00:00:12.187+0000] {subprocess.py:97} INFO - Command exited with return code 0
[2025-04-24T00:00:12.196+0000] {taskinstance.py:340} INFO - ::group::Post task execution logs
[2025-04-24T00:00:12.197+0000] {taskinstance.py:352} INFO - Marking task as SUCCESS. dag_id=dbt_run_dag, task_id=snapshot_dbt_models, run_id=scheduled__2025-04-23T00:00:00+00:00, execution_date=20250423T000000, start_date=20250424T000010, end_date=20250424T000012
[2025-04-24T00:00:12.222+0000] {local_task_job_runner.py:266} INFO - Task exited with return code 0
[2025-04-24T00:00:12.228+0000] {taskinstance.py:3900} INFO - 0 downstream tasks scheduled from follow-on schedule check
[2025-04-24T00:00:12.229+0000] {local_task_job_runner.py:245} INFO - ::endgroup::
